[2022-10-20T08:38:58.739+0000] {processor.py:156} INFO - Started process (PID=43) to work on /home/airflow/.local/lib/python3.7/site-packages/airflow/example_dags/example_branch_labels.py
[2022-10-20T08:38:58.752+0000] {processor.py:758} INFO - Processing file /home/airflow/.local/lib/python3.7/site-packages/airflow/example_dags/example_branch_labels.py for tasks to queue
[2022-10-20T08:38:58.755+0000] {logging_mixin.py:117} INFO - [2022-10-20T08:38:58.755+0000] {dagbag.py:525} INFO - Filling up the DagBag from /home/airflow/.local/lib/python3.7/site-packages/airflow/example_dags/example_branch_labels.py
[2022-10-20T08:38:58.783+0000] {processor.py:768} INFO - DAG(s) dict_keys(['example_branch_labels']) retrieved from /home/airflow/.local/lib/python3.7/site-packages/airflow/example_dags/example_branch_labels.py
[2022-10-20T08:38:58.858+0000] {logging_mixin.py:117} INFO - [2022-10-20T08:38:58.858+0000] {dag.py:2573} INFO - Sync 1 DAGs
[2022-10-20T08:38:58.891+0000] {logging_mixin.py:117} INFO - [2022-10-20T08:38:58.891+0000] {dag.py:3328} INFO - Setting next_dagrun for example_branch_labels to 2022-10-19T00:00:00+00:00, run_after=2022-10-20T00:00:00+00:00
[2022-10-20T08:38:58.910+0000] {processor.py:178} INFO - Processing /home/airflow/.local/lib/python3.7/site-packages/airflow/example_dags/example_branch_labels.py took 0.177 seconds
[2022-10-20T08:42:48.354+0000] {processor.py:156} INFO - Started process (PID=42) to work on /home/airflow/.local/lib/python3.7/site-packages/airflow/example_dags/example_branch_labels.py
[2022-10-20T08:42:48.356+0000] {processor.py:758} INFO - Processing file /home/airflow/.local/lib/python3.7/site-packages/airflow/example_dags/example_branch_labels.py for tasks to queue
[2022-10-20T08:42:48.358+0000] {logging_mixin.py:117} INFO - [2022-10-20T08:42:48.358+0000] {dagbag.py:525} INFO - Filling up the DagBag from /home/airflow/.local/lib/python3.7/site-packages/airflow/example_dags/example_branch_labels.py
[2022-10-20T08:42:48.379+0000] {processor.py:768} INFO - DAG(s) dict_keys(['example_branch_labels']) retrieved from /home/airflow/.local/lib/python3.7/site-packages/airflow/example_dags/example_branch_labels.py
[2022-10-20T08:42:48.421+0000] {logging_mixin.py:117} INFO - [2022-10-20T08:42:48.421+0000] {dag.py:2573} INFO - Sync 1 DAGs
[2022-10-20T08:42:48.702+0000] {logging_mixin.py:117} INFO - [2022-10-20T08:42:48.702+0000] {dag.py:3328} INFO - Setting next_dagrun for example_branch_labels to 2022-10-19T00:00:00+00:00, run_after=2022-10-20T00:00:00+00:00
[2022-10-20T08:42:48.750+0000] {processor.py:178} INFO - Processing /home/airflow/.local/lib/python3.7/site-packages/airflow/example_dags/example_branch_labels.py took 0.400 seconds
[2022-10-20T08:44:54.058+0000] {processor.py:156} INFO - Started process (PID=42) to work on /home/airflow/.local/lib/python3.7/site-packages/airflow/example_dags/example_branch_labels.py
[2022-10-20T08:44:54.060+0000] {processor.py:758} INFO - Processing file /home/airflow/.local/lib/python3.7/site-packages/airflow/example_dags/example_branch_labels.py for tasks to queue
[2022-10-20T08:44:54.062+0000] {logging_mixin.py:117} INFO - [2022-10-20T08:44:54.062+0000] {dagbag.py:525} INFO - Filling up the DagBag from /home/airflow/.local/lib/python3.7/site-packages/airflow/example_dags/example_branch_labels.py
[2022-10-20T08:44:54.078+0000] {processor.py:768} INFO - DAG(s) dict_keys(['example_branch_labels']) retrieved from /home/airflow/.local/lib/python3.7/site-packages/airflow/example_dags/example_branch_labels.py
[2022-10-20T08:44:54.133+0000] {logging_mixin.py:117} INFO - [2022-10-20T08:44:54.133+0000] {dag.py:2573} INFO - Sync 1 DAGs
[2022-10-20T08:44:54.217+0000] {logging_mixin.py:117} INFO - [2022-10-20T08:44:54.217+0000] {dag.py:3328} INFO - Setting next_dagrun for example_branch_labels to 2022-10-19T00:00:00+00:00, run_after=2022-10-20T00:00:00+00:00
[2022-10-20T08:44:54.260+0000] {processor.py:178} INFO - Processing /home/airflow/.local/lib/python3.7/site-packages/airflow/example_dags/example_branch_labels.py took 0.208 seconds
[2022-10-20T08:45:24.420+0000] {processor.py:156} INFO - Started process (PID=105) to work on /home/airflow/.local/lib/python3.7/site-packages/airflow/example_dags/example_branch_labels.py
[2022-10-20T08:45:24.423+0000] {processor.py:758} INFO - Processing file /home/airflow/.local/lib/python3.7/site-packages/airflow/example_dags/example_branch_labels.py for tasks to queue
[2022-10-20T08:45:24.425+0000] {logging_mixin.py:117} INFO - [2022-10-20T08:45:24.425+0000] {dagbag.py:525} INFO - Filling up the DagBag from /home/airflow/.local/lib/python3.7/site-packages/airflow/example_dags/example_branch_labels.py
[2022-10-20T08:45:24.437+0000] {processor.py:768} INFO - DAG(s) dict_keys(['example_branch_labels']) retrieved from /home/airflow/.local/lib/python3.7/site-packages/airflow/example_dags/example_branch_labels.py
[2022-10-20T08:45:24.469+0000] {logging_mixin.py:117} INFO - [2022-10-20T08:45:24.469+0000] {dag.py:2573} INFO - Sync 1 DAGs
[2022-10-20T08:45:24.489+0000] {logging_mixin.py:117} INFO - [2022-10-20T08:45:24.489+0000] {dag.py:3328} INFO - Setting next_dagrun for example_branch_labels to 2022-10-19T00:00:00+00:00, run_after=2022-10-20T00:00:00+00:00
[2022-10-20T08:45:24.504+0000] {processor.py:178} INFO - Processing /home/airflow/.local/lib/python3.7/site-packages/airflow/example_dags/example_branch_labels.py took 0.087 seconds
[2022-10-20T08:45:54.816+0000] {processor.py:156} INFO - Started process (PID=169) to work on /home/airflow/.local/lib/python3.7/site-packages/airflow/example_dags/example_branch_labels.py
[2022-10-20T08:45:54.818+0000] {processor.py:758} INFO - Processing file /home/airflow/.local/lib/python3.7/site-packages/airflow/example_dags/example_branch_labels.py for tasks to queue
[2022-10-20T08:45:54.820+0000] {logging_mixin.py:117} INFO - [2022-10-20T08:45:54.820+0000] {dagbag.py:525} INFO - Filling up the DagBag from /home/airflow/.local/lib/python3.7/site-packages/airflow/example_dags/example_branch_labels.py
[2022-10-20T08:45:54.835+0000] {processor.py:768} INFO - DAG(s) dict_keys(['example_branch_labels']) retrieved from /home/airflow/.local/lib/python3.7/site-packages/airflow/example_dags/example_branch_labels.py
[2022-10-20T08:45:54.871+0000] {logging_mixin.py:117} INFO - [2022-10-20T08:45:54.871+0000] {dag.py:2573} INFO - Sync 1 DAGs
[2022-10-20T08:45:54.893+0000] {logging_mixin.py:117} INFO - [2022-10-20T08:45:54.893+0000] {dag.py:3328} INFO - Setting next_dagrun for example_branch_labels to 2022-10-19T00:00:00+00:00, run_after=2022-10-20T00:00:00+00:00
[2022-10-20T08:45:54.914+0000] {processor.py:178} INFO - Processing /home/airflow/.local/lib/python3.7/site-packages/airflow/example_dags/example_branch_labels.py took 0.105 seconds
[2022-10-20T08:46:25.698+0000] {processor.py:156} INFO - Started process (PID=234) to work on /home/airflow/.local/lib/python3.7/site-packages/airflow/example_dags/example_branch_labels.py
[2022-10-20T08:46:25.700+0000] {processor.py:758} INFO - Processing file /home/airflow/.local/lib/python3.7/site-packages/airflow/example_dags/example_branch_labels.py for tasks to queue
[2022-10-20T08:46:25.702+0000] {logging_mixin.py:117} INFO - [2022-10-20T08:46:25.702+0000] {dagbag.py:525} INFO - Filling up the DagBag from /home/airflow/.local/lib/python3.7/site-packages/airflow/example_dags/example_branch_labels.py
[2022-10-20T08:46:25.714+0000] {processor.py:768} INFO - DAG(s) dict_keys(['example_branch_labels']) retrieved from /home/airflow/.local/lib/python3.7/site-packages/airflow/example_dags/example_branch_labels.py
[2022-10-20T08:46:25.746+0000] {logging_mixin.py:117} INFO - [2022-10-20T08:46:25.746+0000] {dag.py:2573} INFO - Sync 1 DAGs
[2022-10-20T08:46:25.767+0000] {logging_mixin.py:117} INFO - [2022-10-20T08:46:25.767+0000] {dag.py:3328} INFO - Setting next_dagrun for example_branch_labels to 2022-10-19T00:00:00+00:00, run_after=2022-10-20T00:00:00+00:00
[2022-10-20T08:46:25.786+0000] {processor.py:178} INFO - Processing /home/airflow/.local/lib/python3.7/site-packages/airflow/example_dags/example_branch_labels.py took 0.090 seconds
[2022-10-20T08:46:56.681+0000] {processor.py:156} INFO - Started process (PID=288) to work on /home/airflow/.local/lib/python3.7/site-packages/airflow/example_dags/example_branch_labels.py
[2022-10-20T08:46:56.685+0000] {processor.py:758} INFO - Processing file /home/airflow/.local/lib/python3.7/site-packages/airflow/example_dags/example_branch_labels.py for tasks to queue
[2022-10-20T08:46:56.686+0000] {logging_mixin.py:117} INFO - [2022-10-20T08:46:56.686+0000] {dagbag.py:525} INFO - Filling up the DagBag from /home/airflow/.local/lib/python3.7/site-packages/airflow/example_dags/example_branch_labels.py
[2022-10-20T08:46:56.701+0000] {processor.py:768} INFO - DAG(s) dict_keys(['example_branch_labels']) retrieved from /home/airflow/.local/lib/python3.7/site-packages/airflow/example_dags/example_branch_labels.py
[2022-10-20T08:46:56.741+0000] {logging_mixin.py:117} INFO - [2022-10-20T08:46:56.741+0000] {dag.py:2573} INFO - Sync 1 DAGs
[2022-10-20T08:46:56.770+0000] {logging_mixin.py:117} INFO - [2022-10-20T08:46:56.770+0000] {dag.py:3328} INFO - Setting next_dagrun for example_branch_labels to 2022-10-19T00:00:00+00:00, run_after=2022-10-20T00:00:00+00:00
[2022-10-20T08:46:56.788+0000] {processor.py:178} INFO - Processing /home/airflow/.local/lib/python3.7/site-packages/airflow/example_dags/example_branch_labels.py took 0.111 seconds
[2022-10-20T08:47:27.704+0000] {processor.py:156} INFO - Started process (PID=352) to work on /home/airflow/.local/lib/python3.7/site-packages/airflow/example_dags/example_branch_labels.py
[2022-10-20T08:47:27.706+0000] {processor.py:758} INFO - Processing file /home/airflow/.local/lib/python3.7/site-packages/airflow/example_dags/example_branch_labels.py for tasks to queue
[2022-10-20T08:47:27.708+0000] {logging_mixin.py:117} INFO - [2022-10-20T08:47:27.708+0000] {dagbag.py:525} INFO - Filling up the DagBag from /home/airflow/.local/lib/python3.7/site-packages/airflow/example_dags/example_branch_labels.py
[2022-10-20T08:47:27.720+0000] {processor.py:768} INFO - DAG(s) dict_keys(['example_branch_labels']) retrieved from /home/airflow/.local/lib/python3.7/site-packages/airflow/example_dags/example_branch_labels.py
[2022-10-20T08:47:27.755+0000] {logging_mixin.py:117} INFO - [2022-10-20T08:47:27.754+0000] {dag.py:2573} INFO - Sync 1 DAGs
[2022-10-20T08:47:27.777+0000] {logging_mixin.py:117} INFO - [2022-10-20T08:47:27.777+0000] {dag.py:3328} INFO - Setting next_dagrun for example_branch_labels to 2022-10-19T00:00:00+00:00, run_after=2022-10-20T00:00:00+00:00
[2022-10-20T08:47:27.793+0000] {processor.py:178} INFO - Processing /home/airflow/.local/lib/python3.7/site-packages/airflow/example_dags/example_branch_labels.py took 0.092 seconds
