[2022-10-20T08:38:58.354+0000] {processor.py:156} INFO - Started process (PID=38) to work on /home/airflow/.local/lib/python3.7/site-packages/airflow/example_dags/example_trigger_target_dag.py
[2022-10-20T08:38:58.355+0000] {processor.py:758} INFO - Processing file /home/airflow/.local/lib/python3.7/site-packages/airflow/example_dags/example_trigger_target_dag.py for tasks to queue
[2022-10-20T08:38:58.356+0000] {logging_mixin.py:117} INFO - [2022-10-20T08:38:58.356+0000] {dagbag.py:525} INFO - Filling up the DagBag from /home/airflow/.local/lib/python3.7/site-packages/airflow/example_dags/example_trigger_target_dag.py
[2022-10-20T08:38:58.387+0000] {processor.py:768} INFO - DAG(s) dict_keys(['example_trigger_target_dag']) retrieved from /home/airflow/.local/lib/python3.7/site-packages/airflow/example_dags/example_trigger_target_dag.py
[2022-10-20T08:38:58.415+0000] {logging_mixin.py:117} INFO - [2022-10-20T08:38:58.415+0000] {dag.py:2573} INFO - Sync 1 DAGs
[2022-10-20T08:38:58.440+0000] {logging_mixin.py:117} INFO - [2022-10-20T08:38:58.440+0000] {dag.py:3328} INFO - Setting next_dagrun for example_trigger_target_dag to None, run_after=None
[2022-10-20T08:38:58.463+0000] {processor.py:178} INFO - Processing /home/airflow/.local/lib/python3.7/site-packages/airflow/example_dags/example_trigger_target_dag.py took 0.112 seconds
[2022-10-20T08:42:47.423+0000] {processor.py:156} INFO - Started process (PID=37) to work on /home/airflow/.local/lib/python3.7/site-packages/airflow/example_dags/example_trigger_target_dag.py
[2022-10-20T08:42:47.428+0000] {processor.py:758} INFO - Processing file /home/airflow/.local/lib/python3.7/site-packages/airflow/example_dags/example_trigger_target_dag.py for tasks to queue
[2022-10-20T08:42:47.429+0000] {logging_mixin.py:117} INFO - [2022-10-20T08:42:47.429+0000] {dagbag.py:525} INFO - Filling up the DagBag from /home/airflow/.local/lib/python3.7/site-packages/airflow/example_dags/example_trigger_target_dag.py
[2022-10-20T08:42:47.464+0000] {processor.py:768} INFO - DAG(s) dict_keys(['example_trigger_target_dag']) retrieved from /home/airflow/.local/lib/python3.7/site-packages/airflow/example_dags/example_trigger_target_dag.py
[2022-10-20T08:42:47.698+0000] {logging_mixin.py:117} INFO - [2022-10-20T08:42:47.698+0000] {dag.py:2573} INFO - Sync 1 DAGs
[2022-10-20T08:42:47.734+0000] {logging_mixin.py:117} INFO - [2022-10-20T08:42:47.734+0000] {dag.py:3328} INFO - Setting next_dagrun for example_trigger_target_dag to None, run_after=None
[2022-10-20T08:42:47.762+0000] {processor.py:178} INFO - Processing /home/airflow/.local/lib/python3.7/site-packages/airflow/example_dags/example_trigger_target_dag.py took 0.347 seconds
[2022-10-20T08:44:53.738+0000] {processor.py:156} INFO - Started process (PID=37) to work on /home/airflow/.local/lib/python3.7/site-packages/airflow/example_dags/example_trigger_target_dag.py
[2022-10-20T08:44:53.740+0000] {processor.py:758} INFO - Processing file /home/airflow/.local/lib/python3.7/site-packages/airflow/example_dags/example_trigger_target_dag.py for tasks to queue
[2022-10-20T08:44:53.742+0000] {logging_mixin.py:117} INFO - [2022-10-20T08:44:53.742+0000] {dagbag.py:525} INFO - Filling up the DagBag from /home/airflow/.local/lib/python3.7/site-packages/airflow/example_dags/example_trigger_target_dag.py
[2022-10-20T08:44:53.769+0000] {processor.py:768} INFO - DAG(s) dict_keys(['example_trigger_target_dag']) retrieved from /home/airflow/.local/lib/python3.7/site-packages/airflow/example_dags/example_trigger_target_dag.py
[2022-10-20T08:44:53.793+0000] {logging_mixin.py:117} INFO - [2022-10-20T08:44:53.793+0000] {dag.py:2573} INFO - Sync 1 DAGs
[2022-10-20T08:44:53.816+0000] {logging_mixin.py:117} INFO - [2022-10-20T08:44:53.816+0000] {dag.py:3328} INFO - Setting next_dagrun for example_trigger_target_dag to None, run_after=None
[2022-10-20T08:44:53.844+0000] {processor.py:178} INFO - Processing /home/airflow/.local/lib/python3.7/site-packages/airflow/example_dags/example_trigger_target_dag.py took 0.109 seconds
[2022-10-20T08:45:24.139+0000] {processor.py:156} INFO - Started process (PID=100) to work on /home/airflow/.local/lib/python3.7/site-packages/airflow/example_dags/example_trigger_target_dag.py
[2022-10-20T08:45:24.142+0000] {processor.py:758} INFO - Processing file /home/airflow/.local/lib/python3.7/site-packages/airflow/example_dags/example_trigger_target_dag.py for tasks to queue
[2022-10-20T08:45:24.143+0000] {logging_mixin.py:117} INFO - [2022-10-20T08:45:24.143+0000] {dagbag.py:525} INFO - Filling up the DagBag from /home/airflow/.local/lib/python3.7/site-packages/airflow/example_dags/example_trigger_target_dag.py
[2022-10-20T08:45:24.161+0000] {processor.py:768} INFO - DAG(s) dict_keys(['example_trigger_target_dag']) retrieved from /home/airflow/.local/lib/python3.7/site-packages/airflow/example_dags/example_trigger_target_dag.py
[2022-10-20T08:45:24.194+0000] {logging_mixin.py:117} INFO - [2022-10-20T08:45:24.194+0000] {dag.py:2573} INFO - Sync 1 DAGs
[2022-10-20T08:45:24.213+0000] {logging_mixin.py:117} INFO - [2022-10-20T08:45:24.213+0000] {dag.py:3328} INFO - Setting next_dagrun for example_trigger_target_dag to None, run_after=None
[2022-10-20T08:45:24.229+0000] {processor.py:178} INFO - Processing /home/airflow/.local/lib/python3.7/site-packages/airflow/example_dags/example_trigger_target_dag.py took 0.093 seconds
[2022-10-20T08:45:54.450+0000] {processor.py:156} INFO - Started process (PID=164) to work on /home/airflow/.local/lib/python3.7/site-packages/airflow/example_dags/example_trigger_target_dag.py
[2022-10-20T08:45:54.454+0000] {processor.py:758} INFO - Processing file /home/airflow/.local/lib/python3.7/site-packages/airflow/example_dags/example_trigger_target_dag.py for tasks to queue
[2022-10-20T08:45:54.457+0000] {logging_mixin.py:117} INFO - [2022-10-20T08:45:54.456+0000] {dagbag.py:525} INFO - Filling up the DagBag from /home/airflow/.local/lib/python3.7/site-packages/airflow/example_dags/example_trigger_target_dag.py
[2022-10-20T08:45:54.480+0000] {processor.py:768} INFO - DAG(s) dict_keys(['example_trigger_target_dag']) retrieved from /home/airflow/.local/lib/python3.7/site-packages/airflow/example_dags/example_trigger_target_dag.py
[2022-10-20T08:45:54.518+0000] {logging_mixin.py:117} INFO - [2022-10-20T08:45:54.517+0000] {dag.py:2573} INFO - Sync 1 DAGs
[2022-10-20T08:45:54.541+0000] {logging_mixin.py:117} INFO - [2022-10-20T08:45:54.541+0000] {dag.py:3328} INFO - Setting next_dagrun for example_trigger_target_dag to None, run_after=None
[2022-10-20T08:45:54.559+0000] {processor.py:178} INFO - Processing /home/airflow/.local/lib/python3.7/site-packages/airflow/example_dags/example_trigger_target_dag.py took 0.111 seconds
[2022-10-20T08:46:25.422+0000] {processor.py:156} INFO - Started process (PID=229) to work on /home/airflow/.local/lib/python3.7/site-packages/airflow/example_dags/example_trigger_target_dag.py
[2022-10-20T08:46:25.423+0000] {processor.py:758} INFO - Processing file /home/airflow/.local/lib/python3.7/site-packages/airflow/example_dags/example_trigger_target_dag.py for tasks to queue
[2022-10-20T08:46:25.425+0000] {logging_mixin.py:117} INFO - [2022-10-20T08:46:25.425+0000] {dagbag.py:525} INFO - Filling up the DagBag from /home/airflow/.local/lib/python3.7/site-packages/airflow/example_dags/example_trigger_target_dag.py
[2022-10-20T08:46:25.443+0000] {processor.py:768} INFO - DAG(s) dict_keys(['example_trigger_target_dag']) retrieved from /home/airflow/.local/lib/python3.7/site-packages/airflow/example_dags/example_trigger_target_dag.py
[2022-10-20T08:46:25.476+0000] {logging_mixin.py:117} INFO - [2022-10-20T08:46:25.476+0000] {dag.py:2573} INFO - Sync 1 DAGs
[2022-10-20T08:46:25.495+0000] {logging_mixin.py:117} INFO - [2022-10-20T08:46:25.495+0000] {dag.py:3328} INFO - Setting next_dagrun for example_trigger_target_dag to None, run_after=None
[2022-10-20T08:46:25.509+0000] {processor.py:178} INFO - Processing /home/airflow/.local/lib/python3.7/site-packages/airflow/example_dags/example_trigger_target_dag.py took 0.091 seconds
[2022-10-20T08:46:56.336+0000] {processor.py:156} INFO - Started process (PID=283) to work on /home/airflow/.local/lib/python3.7/site-packages/airflow/example_dags/example_trigger_target_dag.py
[2022-10-20T08:46:56.339+0000] {processor.py:758} INFO - Processing file /home/airflow/.local/lib/python3.7/site-packages/airflow/example_dags/example_trigger_target_dag.py for tasks to queue
[2022-10-20T08:46:56.341+0000] {logging_mixin.py:117} INFO - [2022-10-20T08:46:56.341+0000] {dagbag.py:525} INFO - Filling up the DagBag from /home/airflow/.local/lib/python3.7/site-packages/airflow/example_dags/example_trigger_target_dag.py
[2022-10-20T08:46:56.362+0000] {processor.py:768} INFO - DAG(s) dict_keys(['example_trigger_target_dag']) retrieved from /home/airflow/.local/lib/python3.7/site-packages/airflow/example_dags/example_trigger_target_dag.py
[2022-10-20T08:46:56.404+0000] {logging_mixin.py:117} INFO - [2022-10-20T08:46:56.404+0000] {dag.py:2573} INFO - Sync 1 DAGs
[2022-10-20T08:46:56.424+0000] {logging_mixin.py:117} INFO - [2022-10-20T08:46:56.424+0000] {dag.py:3328} INFO - Setting next_dagrun for example_trigger_target_dag to None, run_after=None
[2022-10-20T08:46:56.444+0000] {processor.py:178} INFO - Processing /home/airflow/.local/lib/python3.7/site-packages/airflow/example_dags/example_trigger_target_dag.py took 0.111 seconds
[2022-10-20T08:47:27.392+0000] {processor.py:156} INFO - Started process (PID=347) to work on /home/airflow/.local/lib/python3.7/site-packages/airflow/example_dags/example_trigger_target_dag.py
[2022-10-20T08:47:27.394+0000] {processor.py:758} INFO - Processing file /home/airflow/.local/lib/python3.7/site-packages/airflow/example_dags/example_trigger_target_dag.py for tasks to queue
[2022-10-20T08:47:27.395+0000] {logging_mixin.py:117} INFO - [2022-10-20T08:47:27.395+0000] {dagbag.py:525} INFO - Filling up the DagBag from /home/airflow/.local/lib/python3.7/site-packages/airflow/example_dags/example_trigger_target_dag.py
[2022-10-20T08:47:27.414+0000] {processor.py:768} INFO - DAG(s) dict_keys(['example_trigger_target_dag']) retrieved from /home/airflow/.local/lib/python3.7/site-packages/airflow/example_dags/example_trigger_target_dag.py
[2022-10-20T08:47:27.449+0000] {logging_mixin.py:117} INFO - [2022-10-20T08:47:27.448+0000] {dag.py:2573} INFO - Sync 1 DAGs
[2022-10-20T08:47:27.467+0000] {logging_mixin.py:117} INFO - [2022-10-20T08:47:27.467+0000] {dag.py:3328} INFO - Setting next_dagrun for example_trigger_target_dag to None, run_after=None
[2022-10-20T08:47:27.483+0000] {processor.py:178} INFO - Processing /home/airflow/.local/lib/python3.7/site-packages/airflow/example_dags/example_trigger_target_dag.py took 0.094 seconds
