[2022-10-20T08:39:03.007+0000] {processor.py:156} INFO - Started process (PID=76) to work on /home/airflow/.local/lib/python3.7/site-packages/airflow/example_dags/example_nested_branch_dag.py
[2022-10-20T08:39:03.009+0000] {processor.py:758} INFO - Processing file /home/airflow/.local/lib/python3.7/site-packages/airflow/example_dags/example_nested_branch_dag.py for tasks to queue
[2022-10-20T08:39:03.011+0000] {logging_mixin.py:117} INFO - [2022-10-20T08:39:03.011+0000] {dagbag.py:525} INFO - Filling up the DagBag from /home/airflow/.local/lib/python3.7/site-packages/airflow/example_dags/example_nested_branch_dag.py
[2022-10-20T08:39:03.083+0000] {processor.py:768} INFO - DAG(s) dict_keys(['example_nested_branch_dag']) retrieved from /home/airflow/.local/lib/python3.7/site-packages/airflow/example_dags/example_nested_branch_dag.py
[2022-10-20T08:39:03.127+0000] {logging_mixin.py:117} INFO - [2022-10-20T08:39:03.127+0000] {dag.py:2573} INFO - Sync 1 DAGs
[2022-10-20T08:39:03.189+0000] {logging_mixin.py:117} INFO - [2022-10-20T08:39:03.189+0000] {dag.py:3328} INFO - Setting next_dagrun for example_nested_branch_dag to 2022-10-19T00:00:00+00:00, run_after=2022-10-20T00:00:00+00:00
[2022-10-20T08:39:03.223+0000] {processor.py:178} INFO - Processing /home/airflow/.local/lib/python3.7/site-packages/airflow/example_dags/example_nested_branch_dag.py took 0.225 seconds
[2022-10-20T08:42:54.347+0000] {processor.py:156} INFO - Started process (PID=75) to work on /home/airflow/.local/lib/python3.7/site-packages/airflow/example_dags/example_nested_branch_dag.py
[2022-10-20T08:42:54.349+0000] {processor.py:758} INFO - Processing file /home/airflow/.local/lib/python3.7/site-packages/airflow/example_dags/example_nested_branch_dag.py for tasks to queue
[2022-10-20T08:42:54.351+0000] {logging_mixin.py:117} INFO - [2022-10-20T08:42:54.350+0000] {dagbag.py:525} INFO - Filling up the DagBag from /home/airflow/.local/lib/python3.7/site-packages/airflow/example_dags/example_nested_branch_dag.py
[2022-10-20T08:42:54.373+0000] {processor.py:768} INFO - DAG(s) dict_keys(['example_nested_branch_dag']) retrieved from /home/airflow/.local/lib/python3.7/site-packages/airflow/example_dags/example_nested_branch_dag.py
[2022-10-20T08:42:54.519+0000] {logging_mixin.py:117} INFO - [2022-10-20T08:42:54.519+0000] {dag.py:2573} INFO - Sync 1 DAGs
[2022-10-20T08:42:54.537+0000] {logging_mixin.py:117} INFO - [2022-10-20T08:42:54.537+0000] {dag.py:3328} INFO - Setting next_dagrun for example_nested_branch_dag to 2022-10-19T00:00:00+00:00, run_after=2022-10-20T00:00:00+00:00
[2022-10-20T08:42:54.551+0000] {processor.py:178} INFO - Processing /home/airflow/.local/lib/python3.7/site-packages/airflow/example_dags/example_nested_branch_dag.py took 0.207 seconds
[2022-10-20T08:44:57.148+0000] {processor.py:156} INFO - Started process (PID=75) to work on /home/airflow/.local/lib/python3.7/site-packages/airflow/example_dags/example_nested_branch_dag.py
[2022-10-20T08:44:57.151+0000] {processor.py:758} INFO - Processing file /home/airflow/.local/lib/python3.7/site-packages/airflow/example_dags/example_nested_branch_dag.py for tasks to queue
[2022-10-20T08:44:57.152+0000] {logging_mixin.py:117} INFO - [2022-10-20T08:44:57.152+0000] {dagbag.py:525} INFO - Filling up the DagBag from /home/airflow/.local/lib/python3.7/site-packages/airflow/example_dags/example_nested_branch_dag.py
[2022-10-20T08:44:57.195+0000] {processor.py:768} INFO - DAG(s) dict_keys(['example_nested_branch_dag']) retrieved from /home/airflow/.local/lib/python3.7/site-packages/airflow/example_dags/example_nested_branch_dag.py
[2022-10-20T08:44:57.256+0000] {logging_mixin.py:117} INFO - [2022-10-20T08:44:57.256+0000] {dag.py:2573} INFO - Sync 1 DAGs
[2022-10-20T08:44:57.310+0000] {logging_mixin.py:117} INFO - [2022-10-20T08:44:57.309+0000] {dag.py:3328} INFO - Setting next_dagrun for example_nested_branch_dag to 2022-10-19T00:00:00+00:00, run_after=2022-10-20T00:00:00+00:00
[2022-10-20T08:44:57.346+0000] {processor.py:178} INFO - Processing /home/airflow/.local/lib/python3.7/site-packages/airflow/example_dags/example_nested_branch_dag.py took 0.201 seconds
[2022-10-20T08:45:27.701+0000] {processor.py:156} INFO - Started process (PID=129) to work on /home/airflow/.local/lib/python3.7/site-packages/airflow/example_dags/example_nested_branch_dag.py
[2022-10-20T08:45:27.704+0000] {processor.py:758} INFO - Processing file /home/airflow/.local/lib/python3.7/site-packages/airflow/example_dags/example_nested_branch_dag.py for tasks to queue
[2022-10-20T08:45:27.705+0000] {logging_mixin.py:117} INFO - [2022-10-20T08:45:27.705+0000] {dagbag.py:525} INFO - Filling up the DagBag from /home/airflow/.local/lib/python3.7/site-packages/airflow/example_dags/example_nested_branch_dag.py
[2022-10-20T08:45:27.725+0000] {processor.py:768} INFO - DAG(s) dict_keys(['example_nested_branch_dag']) retrieved from /home/airflow/.local/lib/python3.7/site-packages/airflow/example_dags/example_nested_branch_dag.py
[2022-10-20T08:45:27.755+0000] {logging_mixin.py:117} INFO - [2022-10-20T08:45:27.755+0000] {dag.py:2573} INFO - Sync 1 DAGs
[2022-10-20T08:45:27.773+0000] {logging_mixin.py:117} INFO - [2022-10-20T08:45:27.773+0000] {dag.py:3328} INFO - Setting next_dagrun for example_nested_branch_dag to 2022-10-19T00:00:00+00:00, run_after=2022-10-20T00:00:00+00:00
[2022-10-20T08:45:27.790+0000] {processor.py:178} INFO - Processing /home/airflow/.local/lib/python3.7/site-packages/airflow/example_dags/example_nested_branch_dag.py took 0.091 seconds
[2022-10-20T08:45:58.633+0000] {processor.py:156} INFO - Started process (PID=193) to work on /home/airflow/.local/lib/python3.7/site-packages/airflow/example_dags/example_nested_branch_dag.py
[2022-10-20T08:45:58.635+0000] {processor.py:758} INFO - Processing file /home/airflow/.local/lib/python3.7/site-packages/airflow/example_dags/example_nested_branch_dag.py for tasks to queue
[2022-10-20T08:45:58.637+0000] {logging_mixin.py:117} INFO - [2022-10-20T08:45:58.637+0000] {dagbag.py:525} INFO - Filling up the DagBag from /home/airflow/.local/lib/python3.7/site-packages/airflow/example_dags/example_nested_branch_dag.py
[2022-10-20T08:45:58.665+0000] {processor.py:768} INFO - DAG(s) dict_keys(['example_nested_branch_dag']) retrieved from /home/airflow/.local/lib/python3.7/site-packages/airflow/example_dags/example_nested_branch_dag.py
[2022-10-20T08:45:58.697+0000] {logging_mixin.py:117} INFO - [2022-10-20T08:45:58.696+0000] {dag.py:2573} INFO - Sync 1 DAGs
[2022-10-20T08:45:58.716+0000] {logging_mixin.py:117} INFO - [2022-10-20T08:45:58.716+0000] {dag.py:3328} INFO - Setting next_dagrun for example_nested_branch_dag to 2022-10-19T00:00:00+00:00, run_after=2022-10-20T00:00:00+00:00
[2022-10-20T08:45:58.733+0000] {processor.py:178} INFO - Processing /home/airflow/.local/lib/python3.7/site-packages/airflow/example_dags/example_nested_branch_dag.py took 0.102 seconds
[2022-10-20T08:46:29.458+0000] {processor.py:156} INFO - Started process (PID=258) to work on /home/airflow/.local/lib/python3.7/site-packages/airflow/example_dags/example_nested_branch_dag.py
[2022-10-20T08:46:29.460+0000] {processor.py:758} INFO - Processing file /home/airflow/.local/lib/python3.7/site-packages/airflow/example_dags/example_nested_branch_dag.py for tasks to queue
[2022-10-20T08:46:29.461+0000] {logging_mixin.py:117} INFO - [2022-10-20T08:46:29.461+0000] {dagbag.py:525} INFO - Filling up the DagBag from /home/airflow/.local/lib/python3.7/site-packages/airflow/example_dags/example_nested_branch_dag.py
[2022-10-20T08:46:29.485+0000] {processor.py:768} INFO - DAG(s) dict_keys(['example_nested_branch_dag']) retrieved from /home/airflow/.local/lib/python3.7/site-packages/airflow/example_dags/example_nested_branch_dag.py
[2022-10-20T08:46:29.522+0000] {logging_mixin.py:117} INFO - [2022-10-20T08:46:29.522+0000] {dag.py:2573} INFO - Sync 1 DAGs
[2022-10-20T08:46:29.542+0000] {logging_mixin.py:117} INFO - [2022-10-20T08:46:29.541+0000] {dag.py:3328} INFO - Setting next_dagrun for example_nested_branch_dag to 2022-10-19T00:00:00+00:00, run_after=2022-10-20T00:00:00+00:00
[2022-10-20T08:46:29.555+0000] {processor.py:178} INFO - Processing /home/airflow/.local/lib/python3.7/site-packages/airflow/example_dags/example_nested_branch_dag.py took 0.100 seconds
[2022-10-20T08:46:59.730+0000] {processor.py:156} INFO - Started process (PID=321) to work on /home/airflow/.local/lib/python3.7/site-packages/airflow/example_dags/example_nested_branch_dag.py
[2022-10-20T08:46:59.732+0000] {processor.py:758} INFO - Processing file /home/airflow/.local/lib/python3.7/site-packages/airflow/example_dags/example_nested_branch_dag.py for tasks to queue
[2022-10-20T08:46:59.734+0000] {logging_mixin.py:117} INFO - [2022-10-20T08:46:59.733+0000] {dagbag.py:525} INFO - Filling up the DagBag from /home/airflow/.local/lib/python3.7/site-packages/airflow/example_dags/example_nested_branch_dag.py
[2022-10-20T08:46:59.754+0000] {processor.py:768} INFO - DAG(s) dict_keys(['example_nested_branch_dag']) retrieved from /home/airflow/.local/lib/python3.7/site-packages/airflow/example_dags/example_nested_branch_dag.py
[2022-10-20T08:46:59.790+0000] {logging_mixin.py:117} INFO - [2022-10-20T08:46:59.790+0000] {dag.py:2573} INFO - Sync 1 DAGs
[2022-10-20T08:46:59.811+0000] {logging_mixin.py:117} INFO - [2022-10-20T08:46:59.811+0000] {dag.py:3328} INFO - Setting next_dagrun for example_nested_branch_dag to 2022-10-19T00:00:00+00:00, run_after=2022-10-20T00:00:00+00:00
[2022-10-20T08:46:59.826+0000] {processor.py:178} INFO - Processing /home/airflow/.local/lib/python3.7/site-packages/airflow/example_dags/example_nested_branch_dag.py took 0.098 seconds
[2022-10-20T08:47:30.395+0000] {processor.py:156} INFO - Started process (PID=384) to work on /home/airflow/.local/lib/python3.7/site-packages/airflow/example_dags/example_nested_branch_dag.py
[2022-10-20T08:47:30.398+0000] {processor.py:758} INFO - Processing file /home/airflow/.local/lib/python3.7/site-packages/airflow/example_dags/example_nested_branch_dag.py for tasks to queue
[2022-10-20T08:47:30.400+0000] {logging_mixin.py:117} INFO - [2022-10-20T08:47:30.400+0000] {dagbag.py:525} INFO - Filling up the DagBag from /home/airflow/.local/lib/python3.7/site-packages/airflow/example_dags/example_nested_branch_dag.py
[2022-10-20T08:47:30.426+0000] {processor.py:768} INFO - DAG(s) dict_keys(['example_nested_branch_dag']) retrieved from /home/airflow/.local/lib/python3.7/site-packages/airflow/example_dags/example_nested_branch_dag.py
[2022-10-20T08:47:30.467+0000] {logging_mixin.py:117} INFO - [2022-10-20T08:47:30.467+0000] {dag.py:2573} INFO - Sync 1 DAGs
[2022-10-20T08:47:30.497+0000] {logging_mixin.py:117} INFO - [2022-10-20T08:47:30.497+0000] {dag.py:3328} INFO - Setting next_dagrun for example_nested_branch_dag to 2022-10-19T00:00:00+00:00, run_after=2022-10-20T00:00:00+00:00
[2022-10-20T08:47:30.523+0000] {processor.py:178} INFO - Processing /home/airflow/.local/lib/python3.7/site-packages/airflow/example_dags/example_nested_branch_dag.py took 0.132 seconds
