[2022-10-20T08:38:59.921+0000] {processor.py:156} INFO - Started process (PID=53) to work on /home/airflow/.local/lib/python3.7/site-packages/airflow/example_dags/example_bash_operator.py
[2022-10-20T08:38:59.927+0000] {processor.py:758} INFO - Processing file /home/airflow/.local/lib/python3.7/site-packages/airflow/example_dags/example_bash_operator.py for tasks to queue
[2022-10-20T08:38:59.929+0000] {logging_mixin.py:117} INFO - [2022-10-20T08:38:59.929+0000] {dagbag.py:525} INFO - Filling up the DagBag from /home/airflow/.local/lib/python3.7/site-packages/airflow/example_dags/example_bash_operator.py
[2022-10-20T08:38:59.979+0000] {processor.py:768} INFO - DAG(s) dict_keys(['example_bash_operator']) retrieved from /home/airflow/.local/lib/python3.7/site-packages/airflow/example_dags/example_bash_operator.py
[2022-10-20T08:39:00.034+0000] {logging_mixin.py:117} INFO - [2022-10-20T08:39:00.034+0000] {dag.py:2573} INFO - Sync 1 DAGs
[2022-10-20T08:39:00.069+0000] {logging_mixin.py:117} INFO - [2022-10-20T08:39:00.069+0000] {dag.py:3328} INFO - Setting next_dagrun for example_bash_operator to 2022-10-19T00:00:00+00:00, run_after=2022-10-20T00:00:00+00:00
[2022-10-20T08:39:00.092+0000] {processor.py:178} INFO - Processing /home/airflow/.local/lib/python3.7/site-packages/airflow/example_dags/example_bash_operator.py took 0.175 seconds
[2022-10-20T08:42:50.762+0000] {processor.py:156} INFO - Started process (PID=52) to work on /home/airflow/.local/lib/python3.7/site-packages/airflow/example_dags/example_bash_operator.py
[2022-10-20T08:42:50.765+0000] {processor.py:758} INFO - Processing file /home/airflow/.local/lib/python3.7/site-packages/airflow/example_dags/example_bash_operator.py for tasks to queue
[2022-10-20T08:42:50.767+0000] {logging_mixin.py:117} INFO - [2022-10-20T08:42:50.767+0000] {dagbag.py:525} INFO - Filling up the DagBag from /home/airflow/.local/lib/python3.7/site-packages/airflow/example_dags/example_bash_operator.py
[2022-10-20T08:42:50.835+0000] {processor.py:768} INFO - DAG(s) dict_keys(['example_bash_operator']) retrieved from /home/airflow/.local/lib/python3.7/site-packages/airflow/example_dags/example_bash_operator.py
[2022-10-20T08:42:51.119+0000] {logging_mixin.py:117} INFO - [2022-10-20T08:42:51.119+0000] {dag.py:2573} INFO - Sync 1 DAGs
[2022-10-20T08:42:51.149+0000] {logging_mixin.py:117} INFO - [2022-10-20T08:42:51.148+0000] {dag.py:3328} INFO - Setting next_dagrun for example_bash_operator to 2022-10-19T00:00:00+00:00, run_after=2022-10-20T00:00:00+00:00
[2022-10-20T08:42:51.171+0000] {processor.py:178} INFO - Processing /home/airflow/.local/lib/python3.7/site-packages/airflow/example_dags/example_bash_operator.py took 0.413 seconds
[2022-10-20T08:44:55.054+0000] {processor.py:156} INFO - Started process (PID=52) to work on /home/airflow/.local/lib/python3.7/site-packages/airflow/example_dags/example_bash_operator.py
[2022-10-20T08:44:55.057+0000] {processor.py:758} INFO - Processing file /home/airflow/.local/lib/python3.7/site-packages/airflow/example_dags/example_bash_operator.py for tasks to queue
[2022-10-20T08:44:55.059+0000] {logging_mixin.py:117} INFO - [2022-10-20T08:44:55.059+0000] {dagbag.py:525} INFO - Filling up the DagBag from /home/airflow/.local/lib/python3.7/site-packages/airflow/example_dags/example_bash_operator.py
[2022-10-20T08:44:55.099+0000] {processor.py:768} INFO - DAG(s) dict_keys(['example_bash_operator']) retrieved from /home/airflow/.local/lib/python3.7/site-packages/airflow/example_dags/example_bash_operator.py
[2022-10-20T08:44:55.133+0000] {logging_mixin.py:117} INFO - [2022-10-20T08:44:55.133+0000] {dag.py:2573} INFO - Sync 1 DAGs
[2022-10-20T08:44:55.171+0000] {logging_mixin.py:117} INFO - [2022-10-20T08:44:55.171+0000] {dag.py:3328} INFO - Setting next_dagrun for example_bash_operator to 2022-10-19T00:00:00+00:00, run_after=2022-10-20T00:00:00+00:00
[2022-10-20T08:44:55.214+0000] {processor.py:178} INFO - Processing /home/airflow/.local/lib/python3.7/site-packages/airflow/example_dags/example_bash_operator.py took 0.168 seconds
[2022-10-20T08:45:25.311+0000] {processor.py:156} INFO - Started process (PID=115) to work on /home/airflow/.local/lib/python3.7/site-packages/airflow/example_dags/example_bash_operator.py
[2022-10-20T08:45:25.314+0000] {processor.py:758} INFO - Processing file /home/airflow/.local/lib/python3.7/site-packages/airflow/example_dags/example_bash_operator.py for tasks to queue
[2022-10-20T08:45:25.315+0000] {logging_mixin.py:117} INFO - [2022-10-20T08:45:25.315+0000] {dagbag.py:525} INFO - Filling up the DagBag from /home/airflow/.local/lib/python3.7/site-packages/airflow/example_dags/example_bash_operator.py
[2022-10-20T08:45:25.332+0000] {processor.py:768} INFO - DAG(s) dict_keys(['example_bash_operator']) retrieved from /home/airflow/.local/lib/python3.7/site-packages/airflow/example_dags/example_bash_operator.py
[2022-10-20T08:45:25.366+0000] {logging_mixin.py:117} INFO - [2022-10-20T08:45:25.366+0000] {dag.py:2573} INFO - Sync 1 DAGs
[2022-10-20T08:45:25.383+0000] {logging_mixin.py:117} INFO - [2022-10-20T08:45:25.383+0000] {dag.py:3328} INFO - Setting next_dagrun for example_bash_operator to 2022-10-19T00:00:00+00:00, run_after=2022-10-20T00:00:00+00:00
[2022-10-20T08:45:25.396+0000] {processor.py:178} INFO - Processing /home/airflow/.local/lib/python3.7/site-packages/airflow/example_dags/example_bash_operator.py took 0.087 seconds
[2022-10-20T08:45:55.485+0000] {processor.py:156} INFO - Started process (PID=179) to work on /home/airflow/.local/lib/python3.7/site-packages/airflow/example_dags/example_bash_operator.py
[2022-10-20T08:45:55.487+0000] {processor.py:758} INFO - Processing file /home/airflow/.local/lib/python3.7/site-packages/airflow/example_dags/example_bash_operator.py for tasks to queue
[2022-10-20T08:45:55.488+0000] {logging_mixin.py:117} INFO - [2022-10-20T08:45:55.488+0000] {dagbag.py:525} INFO - Filling up the DagBag from /home/airflow/.local/lib/python3.7/site-packages/airflow/example_dags/example_bash_operator.py
[2022-10-20T08:45:55.508+0000] {processor.py:768} INFO - DAG(s) dict_keys(['example_bash_operator']) retrieved from /home/airflow/.local/lib/python3.7/site-packages/airflow/example_dags/example_bash_operator.py
[2022-10-20T08:45:55.554+0000] {logging_mixin.py:117} INFO - [2022-10-20T08:45:55.554+0000] {dag.py:2573} INFO - Sync 1 DAGs
[2022-10-20T08:45:55.604+0000] {logging_mixin.py:117} INFO - [2022-10-20T08:45:55.603+0000] {dag.py:3328} INFO - Setting next_dagrun for example_bash_operator to 2022-10-19T00:00:00+00:00, run_after=2022-10-20T00:00:00+00:00
[2022-10-20T08:45:55.650+0000] {processor.py:178} INFO - Processing /home/airflow/.local/lib/python3.7/site-packages/airflow/example_dags/example_bash_operator.py took 0.168 seconds
[2022-10-20T08:46:26.378+0000] {processor.py:156} INFO - Started process (PID=244) to work on /home/airflow/.local/lib/python3.7/site-packages/airflow/example_dags/example_bash_operator.py
[2022-10-20T08:46:26.381+0000] {processor.py:758} INFO - Processing file /home/airflow/.local/lib/python3.7/site-packages/airflow/example_dags/example_bash_operator.py for tasks to queue
[2022-10-20T08:46:26.382+0000] {logging_mixin.py:117} INFO - [2022-10-20T08:46:26.382+0000] {dagbag.py:525} INFO - Filling up the DagBag from /home/airflow/.local/lib/python3.7/site-packages/airflow/example_dags/example_bash_operator.py
[2022-10-20T08:46:26.402+0000] {processor.py:768} INFO - DAG(s) dict_keys(['example_bash_operator']) retrieved from /home/airflow/.local/lib/python3.7/site-packages/airflow/example_dags/example_bash_operator.py
[2022-10-20T08:46:26.446+0000] {logging_mixin.py:117} INFO - [2022-10-20T08:46:26.446+0000] {dag.py:2573} INFO - Sync 1 DAGs
[2022-10-20T08:46:26.467+0000] {logging_mixin.py:117} INFO - [2022-10-20T08:46:26.467+0000] {dag.py:3328} INFO - Setting next_dagrun for example_bash_operator to 2022-10-19T00:00:00+00:00, run_after=2022-10-20T00:00:00+00:00
[2022-10-20T08:46:26.482+0000] {processor.py:178} INFO - Processing /home/airflow/.local/lib/python3.7/site-packages/airflow/example_dags/example_bash_operator.py took 0.107 seconds
[2022-10-20T08:46:57.482+0000] {processor.py:156} INFO - Started process (PID=307) to work on /home/airflow/.local/lib/python3.7/site-packages/airflow/example_dags/example_bash_operator.py
[2022-10-20T08:46:57.486+0000] {processor.py:758} INFO - Processing file /home/airflow/.local/lib/python3.7/site-packages/airflow/example_dags/example_bash_operator.py for tasks to queue
[2022-10-20T08:46:57.488+0000] {logging_mixin.py:117} INFO - [2022-10-20T08:46:57.487+0000] {dagbag.py:525} INFO - Filling up the DagBag from /home/airflow/.local/lib/python3.7/site-packages/airflow/example_dags/example_bash_operator.py
[2022-10-20T08:46:57.519+0000] {processor.py:768} INFO - DAG(s) dict_keys(['example_bash_operator']) retrieved from /home/airflow/.local/lib/python3.7/site-packages/airflow/example_dags/example_bash_operator.py
[2022-10-20T08:46:57.584+0000] {logging_mixin.py:117} INFO - [2022-10-20T08:46:57.583+0000] {dag.py:2573} INFO - Sync 1 DAGs
[2022-10-20T08:46:57.614+0000] {logging_mixin.py:117} INFO - [2022-10-20T08:46:57.614+0000] {dag.py:3328} INFO - Setting next_dagrun for example_bash_operator to 2022-10-19T00:00:00+00:00, run_after=2022-10-20T00:00:00+00:00
[2022-10-20T08:46:57.632+0000] {processor.py:178} INFO - Processing /home/airflow/.local/lib/python3.7/site-packages/airflow/example_dags/example_bash_operator.py took 0.153 seconds
[2022-10-20T08:47:28.319+0000] {processor.py:156} INFO - Started process (PID=362) to work on /home/airflow/.local/lib/python3.7/site-packages/airflow/example_dags/example_bash_operator.py
[2022-10-20T08:47:28.320+0000] {processor.py:758} INFO - Processing file /home/airflow/.local/lib/python3.7/site-packages/airflow/example_dags/example_bash_operator.py for tasks to queue
[2022-10-20T08:47:28.322+0000] {logging_mixin.py:117} INFO - [2022-10-20T08:47:28.322+0000] {dagbag.py:525} INFO - Filling up the DagBag from /home/airflow/.local/lib/python3.7/site-packages/airflow/example_dags/example_bash_operator.py
[2022-10-20T08:47:28.341+0000] {processor.py:768} INFO - DAG(s) dict_keys(['example_bash_operator']) retrieved from /home/airflow/.local/lib/python3.7/site-packages/airflow/example_dags/example_bash_operator.py
[2022-10-20T08:47:28.381+0000] {logging_mixin.py:117} INFO - [2022-10-20T08:47:28.381+0000] {dag.py:2573} INFO - Sync 1 DAGs
[2022-10-20T08:47:28.400+0000] {logging_mixin.py:117} INFO - [2022-10-20T08:47:28.400+0000] {dag.py:3328} INFO - Setting next_dagrun for example_bash_operator to 2022-10-19T00:00:00+00:00, run_after=2022-10-20T00:00:00+00:00
[2022-10-20T08:47:28.416+0000] {processor.py:178} INFO - Processing /home/airflow/.local/lib/python3.7/site-packages/airflow/example_dags/example_bash_operator.py took 0.100 seconds
