[2022-10-20T08:39:01.211+0000] {processor.py:156} INFO - Started process (PID=67) to work on /home/airflow/.local/lib/python3.7/site-packages/airflow/example_dags/example_task_group_decorator.py
[2022-10-20T08:39:01.221+0000] {processor.py:758} INFO - Processing file /home/airflow/.local/lib/python3.7/site-packages/airflow/example_dags/example_task_group_decorator.py for tasks to queue
[2022-10-20T08:39:01.222+0000] {logging_mixin.py:117} INFO - [2022-10-20T08:39:01.222+0000] {dagbag.py:525} INFO - Filling up the DagBag from /home/airflow/.local/lib/python3.7/site-packages/airflow/example_dags/example_task_group_decorator.py
[2022-10-20T08:39:01.329+0000] {processor.py:768} INFO - DAG(s) dict_keys(['example_task_group_decorator']) retrieved from /home/airflow/.local/lib/python3.7/site-packages/airflow/example_dags/example_task_group_decorator.py
[2022-10-20T08:39:01.406+0000] {logging_mixin.py:117} INFO - [2022-10-20T08:39:01.406+0000] {dag.py:2573} INFO - Sync 1 DAGs
[2022-10-20T08:39:01.513+0000] {logging_mixin.py:117} INFO - [2022-10-20T08:39:01.513+0000] {dag.py:3328} INFO - Setting next_dagrun for example_task_group_decorator to 2022-10-19T08:39:01.513298+00:00, run_after=2022-10-20T08:39:01.513298+00:00
[2022-10-20T08:39:01.612+0000] {processor.py:178} INFO - Processing /home/airflow/.local/lib/python3.7/site-packages/airflow/example_dags/example_task_group_decorator.py took 0.404 seconds
[2022-10-20T08:42:52.439+0000] {processor.py:156} INFO - Started process (PID=68) to work on /home/airflow/.local/lib/python3.7/site-packages/airflow/example_dags/example_task_group_decorator.py
[2022-10-20T08:42:52.443+0000] {processor.py:758} INFO - Processing file /home/airflow/.local/lib/python3.7/site-packages/airflow/example_dags/example_task_group_decorator.py for tasks to queue
[2022-10-20T08:42:52.446+0000] {logging_mixin.py:117} INFO - [2022-10-20T08:42:52.446+0000] {dagbag.py:525} INFO - Filling up the DagBag from /home/airflow/.local/lib/python3.7/site-packages/airflow/example_dags/example_task_group_decorator.py
[2022-10-20T08:42:52.545+0000] {processor.py:768} INFO - DAG(s) dict_keys(['example_task_group_decorator']) retrieved from /home/airflow/.local/lib/python3.7/site-packages/airflow/example_dags/example_task_group_decorator.py
[2022-10-20T08:42:53.138+0000] {logging_mixin.py:117} INFO - [2022-10-20T08:42:53.138+0000] {dag.py:2573} INFO - Sync 1 DAGs
[2022-10-20T08:42:53.179+0000] {logging_mixin.py:117} INFO - [2022-10-20T08:42:53.179+0000] {dag.py:3328} INFO - Setting next_dagrun for example_task_group_decorator to 2022-10-19T08:42:53.179393+00:00, run_after=2022-10-20T08:42:53.179393+00:00
[2022-10-20T08:42:53.223+0000] {processor.py:178} INFO - Processing /home/airflow/.local/lib/python3.7/site-packages/airflow/example_dags/example_task_group_decorator.py took 0.788 seconds
[2022-10-20T08:44:55.859+0000] {processor.py:156} INFO - Started process (PID=59) to work on /home/airflow/.local/lib/python3.7/site-packages/airflow/example_dags/example_task_group_decorator.py
[2022-10-20T08:44:55.862+0000] {processor.py:758} INFO - Processing file /home/airflow/.local/lib/python3.7/site-packages/airflow/example_dags/example_task_group_decorator.py for tasks to queue
[2022-10-20T08:44:55.864+0000] {logging_mixin.py:117} INFO - [2022-10-20T08:44:55.864+0000] {dagbag.py:525} INFO - Filling up the DagBag from /home/airflow/.local/lib/python3.7/site-packages/airflow/example_dags/example_task_group_decorator.py
[2022-10-20T08:44:55.914+0000] {processor.py:768} INFO - DAG(s) dict_keys(['example_task_group_decorator']) retrieved from /home/airflow/.local/lib/python3.7/site-packages/airflow/example_dags/example_task_group_decorator.py
[2022-10-20T08:44:55.955+0000] {logging_mixin.py:117} INFO - [2022-10-20T08:44:55.954+0000] {dag.py:2573} INFO - Sync 1 DAGs
[2022-10-20T08:44:56.025+0000] {logging_mixin.py:117} INFO - [2022-10-20T08:44:56.025+0000] {dag.py:3328} INFO - Setting next_dagrun for example_task_group_decorator to 2022-10-19T08:44:56.025265+00:00, run_after=2022-10-20T08:44:56.025265+00:00
[2022-10-20T08:44:56.070+0000] {processor.py:178} INFO - Processing /home/airflow/.local/lib/python3.7/site-packages/airflow/example_dags/example_task_group_decorator.py took 0.216 seconds
[2022-10-20T08:45:26.173+0000] {processor.py:156} INFO - Started process (PID=122) to work on /home/airflow/.local/lib/python3.7/site-packages/airflow/example_dags/example_task_group_decorator.py
[2022-10-20T08:45:26.175+0000] {processor.py:758} INFO - Processing file /home/airflow/.local/lib/python3.7/site-packages/airflow/example_dags/example_task_group_decorator.py for tasks to queue
[2022-10-20T08:45:26.177+0000] {logging_mixin.py:117} INFO - [2022-10-20T08:45:26.177+0000] {dagbag.py:525} INFO - Filling up the DagBag from /home/airflow/.local/lib/python3.7/site-packages/airflow/example_dags/example_task_group_decorator.py
[2022-10-20T08:45:26.200+0000] {processor.py:768} INFO - DAG(s) dict_keys(['example_task_group_decorator']) retrieved from /home/airflow/.local/lib/python3.7/site-packages/airflow/example_dags/example_task_group_decorator.py
[2022-10-20T08:45:26.231+0000] {logging_mixin.py:117} INFO - [2022-10-20T08:45:26.231+0000] {dag.py:2573} INFO - Sync 1 DAGs
[2022-10-20T08:45:26.249+0000] {logging_mixin.py:117} INFO - [2022-10-20T08:45:26.249+0000] {dag.py:3328} INFO - Setting next_dagrun for example_task_group_decorator to 2022-10-19T08:45:26.248957+00:00, run_after=2022-10-20T08:45:26.248957+00:00
[2022-10-20T08:45:26.262+0000] {processor.py:178} INFO - Processing /home/airflow/.local/lib/python3.7/site-packages/airflow/example_dags/example_task_group_decorator.py took 0.092 seconds
[2022-10-20T08:45:57.068+0000] {processor.py:156} INFO - Started process (PID=186) to work on /home/airflow/.local/lib/python3.7/site-packages/airflow/example_dags/example_task_group_decorator.py
[2022-10-20T08:45:57.070+0000] {processor.py:758} INFO - Processing file /home/airflow/.local/lib/python3.7/site-packages/airflow/example_dags/example_task_group_decorator.py for tasks to queue
[2022-10-20T08:45:57.071+0000] {logging_mixin.py:117} INFO - [2022-10-20T08:45:57.071+0000] {dagbag.py:525} INFO - Filling up the DagBag from /home/airflow/.local/lib/python3.7/site-packages/airflow/example_dags/example_task_group_decorator.py
[2022-10-20T08:45:57.097+0000] {processor.py:768} INFO - DAG(s) dict_keys(['example_task_group_decorator']) retrieved from /home/airflow/.local/lib/python3.7/site-packages/airflow/example_dags/example_task_group_decorator.py
[2022-10-20T08:45:57.130+0000] {logging_mixin.py:117} INFO - [2022-10-20T08:45:57.130+0000] {dag.py:2573} INFO - Sync 1 DAGs
[2022-10-20T08:45:57.149+0000] {logging_mixin.py:117} INFO - [2022-10-20T08:45:57.149+0000] {dag.py:3328} INFO - Setting next_dagrun for example_task_group_decorator to 2022-10-19T08:45:57.149532+00:00, run_after=2022-10-20T08:45:57.149532+00:00
[2022-10-20T08:45:57.165+0000] {processor.py:178} INFO - Processing /home/airflow/.local/lib/python3.7/site-packages/airflow/example_dags/example_task_group_decorator.py took 0.103 seconds
[2022-10-20T08:46:27.819+0000] {processor.py:156} INFO - Started process (PID=251) to work on /home/airflow/.local/lib/python3.7/site-packages/airflow/example_dags/example_task_group_decorator.py
[2022-10-20T08:46:27.822+0000] {processor.py:758} INFO - Processing file /home/airflow/.local/lib/python3.7/site-packages/airflow/example_dags/example_task_group_decorator.py for tasks to queue
[2022-10-20T08:46:27.824+0000] {logging_mixin.py:117} INFO - [2022-10-20T08:46:27.824+0000] {dagbag.py:525} INFO - Filling up the DagBag from /home/airflow/.local/lib/python3.7/site-packages/airflow/example_dags/example_task_group_decorator.py
[2022-10-20T08:46:27.849+0000] {processor.py:768} INFO - DAG(s) dict_keys(['example_task_group_decorator']) retrieved from /home/airflow/.local/lib/python3.7/site-packages/airflow/example_dags/example_task_group_decorator.py
[2022-10-20T08:46:27.883+0000] {logging_mixin.py:117} INFO - [2022-10-20T08:46:27.882+0000] {dag.py:2573} INFO - Sync 1 DAGs
[2022-10-20T08:46:27.901+0000] {logging_mixin.py:117} INFO - [2022-10-20T08:46:27.901+0000] {dag.py:3328} INFO - Setting next_dagrun for example_task_group_decorator to 2022-10-19T08:46:27.900859+00:00, run_after=2022-10-20T08:46:27.900859+00:00
[2022-10-20T08:46:27.916+0000] {processor.py:178} INFO - Processing /home/airflow/.local/lib/python3.7/site-packages/airflow/example_dags/example_task_group_decorator.py took 0.102 seconds
[2022-10-20T08:46:58.008+0000] {processor.py:156} INFO - Started process (PID=313) to work on /home/airflow/.local/lib/python3.7/site-packages/airflow/example_dags/example_task_group_decorator.py
[2022-10-20T08:46:58.009+0000] {processor.py:758} INFO - Processing file /home/airflow/.local/lib/python3.7/site-packages/airflow/example_dags/example_task_group_decorator.py for tasks to queue
[2022-10-20T08:46:58.011+0000] {logging_mixin.py:117} INFO - [2022-10-20T08:46:58.011+0000] {dagbag.py:525} INFO - Filling up the DagBag from /home/airflow/.local/lib/python3.7/site-packages/airflow/example_dags/example_task_group_decorator.py
[2022-10-20T08:46:58.038+0000] {processor.py:768} INFO - DAG(s) dict_keys(['example_task_group_decorator']) retrieved from /home/airflow/.local/lib/python3.7/site-packages/airflow/example_dags/example_task_group_decorator.py
[2022-10-20T08:46:58.076+0000] {logging_mixin.py:117} INFO - [2022-10-20T08:46:58.075+0000] {dag.py:2573} INFO - Sync 1 DAGs
[2022-10-20T08:46:58.100+0000] {logging_mixin.py:117} INFO - [2022-10-20T08:46:58.099+0000] {dag.py:3328} INFO - Setting next_dagrun for example_task_group_decorator to 2022-10-19T08:46:58.099729+00:00, run_after=2022-10-20T08:46:58.099729+00:00
[2022-10-20T08:46:58.116+0000] {processor.py:178} INFO - Processing /home/airflow/.local/lib/python3.7/site-packages/airflow/example_dags/example_task_group_decorator.py took 0.111 seconds
[2022-10-20T08:47:28.757+0000] {processor.py:156} INFO - Started process (PID=369) to work on /home/airflow/.local/lib/python3.7/site-packages/airflow/example_dags/example_task_group_decorator.py
[2022-10-20T08:47:28.759+0000] {processor.py:758} INFO - Processing file /home/airflow/.local/lib/python3.7/site-packages/airflow/example_dags/example_task_group_decorator.py for tasks to queue
[2022-10-20T08:47:28.760+0000] {logging_mixin.py:117} INFO - [2022-10-20T08:47:28.760+0000] {dagbag.py:525} INFO - Filling up the DagBag from /home/airflow/.local/lib/python3.7/site-packages/airflow/example_dags/example_task_group_decorator.py
[2022-10-20T08:47:28.783+0000] {processor.py:768} INFO - DAG(s) dict_keys(['example_task_group_decorator']) retrieved from /home/airflow/.local/lib/python3.7/site-packages/airflow/example_dags/example_task_group_decorator.py
[2022-10-20T08:47:28.817+0000] {logging_mixin.py:117} INFO - [2022-10-20T08:47:28.817+0000] {dag.py:2573} INFO - Sync 1 DAGs
[2022-10-20T08:47:28.836+0000] {logging_mixin.py:117} INFO - [2022-10-20T08:47:28.835+0000] {dag.py:3328} INFO - Setting next_dagrun for example_task_group_decorator to 2022-10-19T08:47:28.835805+00:00, run_after=2022-10-20T08:47:28.835805+00:00
[2022-10-20T08:47:28.852+0000] {processor.py:178} INFO - Processing /home/airflow/.local/lib/python3.7/site-packages/airflow/example_dags/example_task_group_decorator.py took 0.098 seconds
