[2022-10-20T08:39:02.030+0000] {processor.py:156} INFO - Started process (PID=72) to work on /home/airflow/.local/lib/python3.7/site-packages/airflow/example_dags/example_latest_only_with_trigger.py
[2022-10-20T08:39:02.036+0000] {processor.py:758} INFO - Processing file /home/airflow/.local/lib/python3.7/site-packages/airflow/example_dags/example_latest_only_with_trigger.py for tasks to queue
[2022-10-20T08:39:02.043+0000] {logging_mixin.py:117} INFO - [2022-10-20T08:39:02.043+0000] {dagbag.py:525} INFO - Filling up the DagBag from /home/airflow/.local/lib/python3.7/site-packages/airflow/example_dags/example_latest_only_with_trigger.py
[2022-10-20T08:39:02.092+0000] {processor.py:768} INFO - DAG(s) dict_keys(['latest_only_with_trigger']) retrieved from /home/airflow/.local/lib/python3.7/site-packages/airflow/example_dags/example_latest_only_with_trigger.py
[2022-10-20T08:39:02.206+0000] {logging_mixin.py:117} INFO - [2022-10-20T08:39:02.206+0000] {dag.py:2573} INFO - Sync 1 DAGs
[2022-10-20T08:39:02.398+0000] {logging_mixin.py:117} INFO - [2022-10-20T08:39:02.383+0000] {dag.py:3328} INFO - Setting next_dagrun for latest_only_with_trigger to 2022-10-20T04:39:02.383557+00:00, run_after=2022-10-20T08:39:02.383557+00:00
[2022-10-20T08:39:02.500+0000] {processor.py:178} INFO - Processing /home/airflow/.local/lib/python3.7/site-packages/airflow/example_dags/example_latest_only_with_trigger.py took 0.478 seconds
[2022-10-20T08:42:53.600+0000] {processor.py:156} INFO - Started process (PID=71) to work on /home/airflow/.local/lib/python3.7/site-packages/airflow/example_dags/example_latest_only_with_trigger.py
[2022-10-20T08:42:53.602+0000] {processor.py:758} INFO - Processing file /home/airflow/.local/lib/python3.7/site-packages/airflow/example_dags/example_latest_only_with_trigger.py for tasks to queue
[2022-10-20T08:42:53.604+0000] {logging_mixin.py:117} INFO - [2022-10-20T08:42:53.604+0000] {dagbag.py:525} INFO - Filling up the DagBag from /home/airflow/.local/lib/python3.7/site-packages/airflow/example_dags/example_latest_only_with_trigger.py
[2022-10-20T08:42:53.632+0000] {processor.py:768} INFO - DAG(s) dict_keys(['latest_only_with_trigger']) retrieved from /home/airflow/.local/lib/python3.7/site-packages/airflow/example_dags/example_latest_only_with_trigger.py
[2022-10-20T08:42:53.680+0000] {logging_mixin.py:117} INFO - [2022-10-20T08:42:53.680+0000] {dag.py:2573} INFO - Sync 1 DAGs
[2022-10-20T08:42:53.954+0000] {logging_mixin.py:117} INFO - [2022-10-20T08:42:53.954+0000] {dag.py:3328} INFO - Setting next_dagrun for latest_only_with_trigger to 2022-10-20T04:42:53.953967+00:00, run_after=2022-10-20T08:42:53.953967+00:00
[2022-10-20T08:42:53.980+0000] {processor.py:178} INFO - Processing /home/airflow/.local/lib/python3.7/site-packages/airflow/example_dags/example_latest_only_with_trigger.py took 0.382 seconds
[2022-10-20T08:44:56.389+0000] {processor.py:156} INFO - Started process (PID=69) to work on /home/airflow/.local/lib/python3.7/site-packages/airflow/example_dags/example_latest_only_with_trigger.py
[2022-10-20T08:44:56.406+0000] {processor.py:758} INFO - Processing file /home/airflow/.local/lib/python3.7/site-packages/airflow/example_dags/example_latest_only_with_trigger.py for tasks to queue
[2022-10-20T08:44:56.410+0000] {logging_mixin.py:117} INFO - [2022-10-20T08:44:56.409+0000] {dagbag.py:525} INFO - Filling up the DagBag from /home/airflow/.local/lib/python3.7/site-packages/airflow/example_dags/example_latest_only_with_trigger.py
[2022-10-20T08:44:56.463+0000] {processor.py:768} INFO - DAG(s) dict_keys(['latest_only_with_trigger']) retrieved from /home/airflow/.local/lib/python3.7/site-packages/airflow/example_dags/example_latest_only_with_trigger.py
[2022-10-20T08:44:56.589+0000] {logging_mixin.py:117} INFO - [2022-10-20T08:44:56.588+0000] {dag.py:2573} INFO - Sync 1 DAGs
[2022-10-20T08:44:56.643+0000] {logging_mixin.py:117} INFO - [2022-10-20T08:44:56.642+0000] {dag.py:3328} INFO - Setting next_dagrun for latest_only_with_trigger to 2022-10-20T04:44:56.636869+00:00, run_after=2022-10-20T08:44:56.636869+00:00
[2022-10-20T08:44:56.691+0000] {processor.py:178} INFO - Processing /home/airflow/.local/lib/python3.7/site-packages/airflow/example_dags/example_latest_only_with_trigger.py took 0.312 seconds
[2022-10-20T08:45:27.334+0000] {processor.py:156} INFO - Started process (PID=125) to work on /home/airflow/.local/lib/python3.7/site-packages/airflow/example_dags/example_latest_only_with_trigger.py
[2022-10-20T08:45:27.336+0000] {processor.py:758} INFO - Processing file /home/airflow/.local/lib/python3.7/site-packages/airflow/example_dags/example_latest_only_with_trigger.py for tasks to queue
[2022-10-20T08:45:27.337+0000] {logging_mixin.py:117} INFO - [2022-10-20T08:45:27.337+0000] {dagbag.py:525} INFO - Filling up the DagBag from /home/airflow/.local/lib/python3.7/site-packages/airflow/example_dags/example_latest_only_with_trigger.py
[2022-10-20T08:45:27.349+0000] {processor.py:768} INFO - DAG(s) dict_keys(['latest_only_with_trigger']) retrieved from /home/airflow/.local/lib/python3.7/site-packages/airflow/example_dags/example_latest_only_with_trigger.py
[2022-10-20T08:45:27.389+0000] {logging_mixin.py:117} INFO - [2022-10-20T08:45:27.388+0000] {dag.py:2573} INFO - Sync 1 DAGs
[2022-10-20T08:45:27.410+0000] {logging_mixin.py:117} INFO - [2022-10-20T08:45:27.410+0000] {dag.py:3328} INFO - Setting next_dagrun for latest_only_with_trigger to 2022-10-20T04:45:27.410575+00:00, run_after=2022-10-20T08:45:27.410575+00:00
[2022-10-20T08:45:27.428+0000] {processor.py:178} INFO - Processing /home/airflow/.local/lib/python3.7/site-packages/airflow/example_dags/example_latest_only_with_trigger.py took 0.097 seconds
[2022-10-20T08:45:58.368+0000] {processor.py:156} INFO - Started process (PID=189) to work on /home/airflow/.local/lib/python3.7/site-packages/airflow/example_dags/example_latest_only_with_trigger.py
[2022-10-20T08:45:58.370+0000] {processor.py:758} INFO - Processing file /home/airflow/.local/lib/python3.7/site-packages/airflow/example_dags/example_latest_only_with_trigger.py for tasks to queue
[2022-10-20T08:45:58.372+0000] {logging_mixin.py:117} INFO - [2022-10-20T08:45:58.372+0000] {dagbag.py:525} INFO - Filling up the DagBag from /home/airflow/.local/lib/python3.7/site-packages/airflow/example_dags/example_latest_only_with_trigger.py
[2022-10-20T08:45:58.383+0000] {processor.py:768} INFO - DAG(s) dict_keys(['latest_only_with_trigger']) retrieved from /home/airflow/.local/lib/python3.7/site-packages/airflow/example_dags/example_latest_only_with_trigger.py
[2022-10-20T08:45:58.418+0000] {logging_mixin.py:117} INFO - [2022-10-20T08:45:58.418+0000] {dag.py:2573} INFO - Sync 1 DAGs
[2022-10-20T08:45:58.441+0000] {logging_mixin.py:117} INFO - [2022-10-20T08:45:58.441+0000] {dag.py:3328} INFO - Setting next_dagrun for latest_only_with_trigger to 2022-10-20T04:45:58.441405+00:00, run_after=2022-10-20T08:45:58.441405+00:00
[2022-10-20T08:45:58.463+0000] {processor.py:178} INFO - Processing /home/airflow/.local/lib/python3.7/site-packages/airflow/example_dags/example_latest_only_with_trigger.py took 0.098 seconds
[2022-10-20T08:46:29.107+0000] {processor.py:156} INFO - Started process (PID=254) to work on /home/airflow/.local/lib/python3.7/site-packages/airflow/example_dags/example_latest_only_with_trigger.py
[2022-10-20T08:46:29.109+0000] {processor.py:758} INFO - Processing file /home/airflow/.local/lib/python3.7/site-packages/airflow/example_dags/example_latest_only_with_trigger.py for tasks to queue
[2022-10-20T08:46:29.110+0000] {logging_mixin.py:117} INFO - [2022-10-20T08:46:29.110+0000] {dagbag.py:525} INFO - Filling up the DagBag from /home/airflow/.local/lib/python3.7/site-packages/airflow/example_dags/example_latest_only_with_trigger.py
[2022-10-20T08:46:29.122+0000] {processor.py:768} INFO - DAG(s) dict_keys(['latest_only_with_trigger']) retrieved from /home/airflow/.local/lib/python3.7/site-packages/airflow/example_dags/example_latest_only_with_trigger.py
[2022-10-20T08:46:29.154+0000] {logging_mixin.py:117} INFO - [2022-10-20T08:46:29.154+0000] {dag.py:2573} INFO - Sync 1 DAGs
[2022-10-20T08:46:29.174+0000] {logging_mixin.py:117} INFO - [2022-10-20T08:46:29.174+0000] {dag.py:3328} INFO - Setting next_dagrun for latest_only_with_trigger to 2022-10-20T04:46:29.174246+00:00, run_after=2022-10-20T08:46:29.174246+00:00
[2022-10-20T08:46:29.192+0000] {processor.py:178} INFO - Processing /home/airflow/.local/lib/python3.7/site-packages/airflow/example_dags/example_latest_only_with_trigger.py took 0.088 seconds
[2022-10-20T08:46:59.318+0000] {processor.py:156} INFO - Started process (PID=317) to work on /home/airflow/.local/lib/python3.7/site-packages/airflow/example_dags/example_latest_only_with_trigger.py
[2022-10-20T08:46:59.320+0000] {processor.py:758} INFO - Processing file /home/airflow/.local/lib/python3.7/site-packages/airflow/example_dags/example_latest_only_with_trigger.py for tasks to queue
[2022-10-20T08:46:59.322+0000] {logging_mixin.py:117} INFO - [2022-10-20T08:46:59.322+0000] {dagbag.py:525} INFO - Filling up the DagBag from /home/airflow/.local/lib/python3.7/site-packages/airflow/example_dags/example_latest_only_with_trigger.py
[2022-10-20T08:46:59.334+0000] {processor.py:768} INFO - DAG(s) dict_keys(['latest_only_with_trigger']) retrieved from /home/airflow/.local/lib/python3.7/site-packages/airflow/example_dags/example_latest_only_with_trigger.py
[2022-10-20T08:46:59.372+0000] {logging_mixin.py:117} INFO - [2022-10-20T08:46:59.372+0000] {dag.py:2573} INFO - Sync 1 DAGs
[2022-10-20T08:46:59.393+0000] {logging_mixin.py:117} INFO - [2022-10-20T08:46:59.393+0000] {dag.py:3328} INFO - Setting next_dagrun for latest_only_with_trigger to 2022-10-20T04:46:59.393229+00:00, run_after=2022-10-20T08:46:59.393229+00:00
[2022-10-20T08:46:59.409+0000] {processor.py:178} INFO - Processing /home/airflow/.local/lib/python3.7/site-packages/airflow/example_dags/example_latest_only_with_trigger.py took 0.094 seconds
[2022-10-20T08:47:30.044+0000] {processor.py:156} INFO - Started process (PID=372) to work on /home/airflow/.local/lib/python3.7/site-packages/airflow/example_dags/example_latest_only_with_trigger.py
[2022-10-20T08:47:30.047+0000] {processor.py:758} INFO - Processing file /home/airflow/.local/lib/python3.7/site-packages/airflow/example_dags/example_latest_only_with_trigger.py for tasks to queue
[2022-10-20T08:47:30.051+0000] {logging_mixin.py:117} INFO - [2022-10-20T08:47:30.051+0000] {dagbag.py:525} INFO - Filling up the DagBag from /home/airflow/.local/lib/python3.7/site-packages/airflow/example_dags/example_latest_only_with_trigger.py
[2022-10-20T08:47:30.070+0000] {processor.py:768} INFO - DAG(s) dict_keys(['latest_only_with_trigger']) retrieved from /home/airflow/.local/lib/python3.7/site-packages/airflow/example_dags/example_latest_only_with_trigger.py
[2022-10-20T08:47:30.105+0000] {logging_mixin.py:117} INFO - [2022-10-20T08:47:30.105+0000] {dag.py:2573} INFO - Sync 1 DAGs
[2022-10-20T08:47:30.128+0000] {logging_mixin.py:117} INFO - [2022-10-20T08:47:30.128+0000] {dag.py:3328} INFO - Setting next_dagrun for latest_only_with_trigger to 2022-10-20T04:47:30.128313+00:00, run_after=2022-10-20T08:47:30.128313+00:00
[2022-10-20T08:47:30.151+0000] {processor.py:178} INFO - Processing /home/airflow/.local/lib/python3.7/site-packages/airflow/example_dags/example_latest_only_with_trigger.py took 0.113 seconds
