[2022-10-20T08:38:58.876+0000] {processor.py:156} INFO - Started process (PID=44) to work on /home/airflow/.local/lib/python3.7/site-packages/airflow/example_dags/example_short_circuit_operator.py
[2022-10-20T08:38:58.878+0000] {processor.py:758} INFO - Processing file /home/airflow/.local/lib/python3.7/site-packages/airflow/example_dags/example_short_circuit_operator.py for tasks to queue
[2022-10-20T08:38:58.880+0000] {logging_mixin.py:117} INFO - [2022-10-20T08:38:58.879+0000] {dagbag.py:525} INFO - Filling up the DagBag from /home/airflow/.local/lib/python3.7/site-packages/airflow/example_dags/example_short_circuit_operator.py
[2022-10-20T08:38:58.898+0000] {processor.py:768} INFO - DAG(s) dict_keys(['example_short_circuit_operator']) retrieved from /home/airflow/.local/lib/python3.7/site-packages/airflow/example_dags/example_short_circuit_operator.py
[2022-10-20T08:38:58.933+0000] {logging_mixin.py:117} INFO - [2022-10-20T08:38:58.932+0000] {dag.py:2573} INFO - Sync 1 DAGs
[2022-10-20T08:38:58.988+0000] {logging_mixin.py:117} INFO - [2022-10-20T08:38:58.988+0000] {dag.py:3328} INFO - Setting next_dagrun for example_short_circuit_operator to 2022-10-19T08:38:58.986614+00:00, run_after=2022-10-20T08:38:58.986614+00:00
[2022-10-20T08:38:59.011+0000] {processor.py:178} INFO - Processing /home/airflow/.local/lib/python3.7/site-packages/airflow/example_dags/example_short_circuit_operator.py took 0.138 seconds
[2022-10-20T08:42:48.643+0000] {processor.py:156} INFO - Started process (PID=43) to work on /home/airflow/.local/lib/python3.7/site-packages/airflow/example_dags/example_short_circuit_operator.py
[2022-10-20T08:42:48.646+0000] {processor.py:758} INFO - Processing file /home/airflow/.local/lib/python3.7/site-packages/airflow/example_dags/example_short_circuit_operator.py for tasks to queue
[2022-10-20T08:42:48.648+0000] {logging_mixin.py:117} INFO - [2022-10-20T08:42:48.648+0000] {dagbag.py:525} INFO - Filling up the DagBag from /home/airflow/.local/lib/python3.7/site-packages/airflow/example_dags/example_short_circuit_operator.py
[2022-10-20T08:42:48.678+0000] {processor.py:768} INFO - DAG(s) dict_keys(['example_short_circuit_operator']) retrieved from /home/airflow/.local/lib/python3.7/site-packages/airflow/example_dags/example_short_circuit_operator.py
[2022-10-20T08:42:48.747+0000] {logging_mixin.py:117} INFO - [2022-10-20T08:42:48.747+0000] {dag.py:2573} INFO - Sync 1 DAGs
[2022-10-20T08:42:49.059+0000] {logging_mixin.py:117} INFO - [2022-10-20T08:42:49.059+0000] {dag.py:3328} INFO - Setting next_dagrun for example_short_circuit_operator to 2022-10-19T08:42:49.059033+00:00, run_after=2022-10-20T08:42:49.059033+00:00
[2022-10-20T08:42:49.096+0000] {processor.py:178} INFO - Processing /home/airflow/.local/lib/python3.7/site-packages/airflow/example_dags/example_short_circuit_operator.py took 0.456 seconds
[2022-10-20T08:44:54.242+0000] {processor.py:156} INFO - Started process (PID=43) to work on /home/airflow/.local/lib/python3.7/site-packages/airflow/example_dags/example_short_circuit_operator.py
[2022-10-20T08:44:54.245+0000] {processor.py:758} INFO - Processing file /home/airflow/.local/lib/python3.7/site-packages/airflow/example_dags/example_short_circuit_operator.py for tasks to queue
[2022-10-20T08:44:54.247+0000] {logging_mixin.py:117} INFO - [2022-10-20T08:44:54.247+0000] {dagbag.py:525} INFO - Filling up the DagBag from /home/airflow/.local/lib/python3.7/site-packages/airflow/example_dags/example_short_circuit_operator.py
[2022-10-20T08:44:54.290+0000] {processor.py:768} INFO - DAG(s) dict_keys(['example_short_circuit_operator']) retrieved from /home/airflow/.local/lib/python3.7/site-packages/airflow/example_dags/example_short_circuit_operator.py
[2022-10-20T08:44:54.327+0000] {logging_mixin.py:117} INFO - [2022-10-20T08:44:54.327+0000] {dag.py:2573} INFO - Sync 1 DAGs
[2022-10-20T08:44:54.356+0000] {logging_mixin.py:117} INFO - [2022-10-20T08:44:54.355+0000] {dag.py:3328} INFO - Setting next_dagrun for example_short_circuit_operator to 2022-10-19T08:44:54.355719+00:00, run_after=2022-10-20T08:44:54.355719+00:00
[2022-10-20T08:44:54.381+0000] {processor.py:178} INFO - Processing /home/airflow/.local/lib/python3.7/site-packages/airflow/example_dags/example_short_circuit_operator.py took 0.142 seconds
[2022-10-20T08:45:24.499+0000] {processor.py:156} INFO - Started process (PID=106) to work on /home/airflow/.local/lib/python3.7/site-packages/airflow/example_dags/example_short_circuit_operator.py
[2022-10-20T08:45:24.501+0000] {processor.py:758} INFO - Processing file /home/airflow/.local/lib/python3.7/site-packages/airflow/example_dags/example_short_circuit_operator.py for tasks to queue
[2022-10-20T08:45:24.502+0000] {logging_mixin.py:117} INFO - [2022-10-20T08:45:24.502+0000] {dagbag.py:525} INFO - Filling up the DagBag from /home/airflow/.local/lib/python3.7/site-packages/airflow/example_dags/example_short_circuit_operator.py
[2022-10-20T08:45:24.516+0000] {processor.py:768} INFO - DAG(s) dict_keys(['example_short_circuit_operator']) retrieved from /home/airflow/.local/lib/python3.7/site-packages/airflow/example_dags/example_short_circuit_operator.py
[2022-10-20T08:45:24.552+0000] {logging_mixin.py:117} INFO - [2022-10-20T08:45:24.552+0000] {dag.py:2573} INFO - Sync 1 DAGs
[2022-10-20T08:45:24.570+0000] {logging_mixin.py:117} INFO - [2022-10-20T08:45:24.570+0000] {dag.py:3328} INFO - Setting next_dagrun for example_short_circuit_operator to 2022-10-19T08:45:24.570584+00:00, run_after=2022-10-20T08:45:24.570584+00:00
[2022-10-20T08:45:24.585+0000] {processor.py:178} INFO - Processing /home/airflow/.local/lib/python3.7/site-packages/airflow/example_dags/example_short_circuit_operator.py took 0.089 seconds
[2022-10-20T08:45:54.908+0000] {processor.py:156} INFO - Started process (PID=170) to work on /home/airflow/.local/lib/python3.7/site-packages/airflow/example_dags/example_short_circuit_operator.py
[2022-10-20T08:45:54.910+0000] {processor.py:758} INFO - Processing file /home/airflow/.local/lib/python3.7/site-packages/airflow/example_dags/example_short_circuit_operator.py for tasks to queue
[2022-10-20T08:45:54.911+0000] {logging_mixin.py:117} INFO - [2022-10-20T08:45:54.911+0000] {dagbag.py:525} INFO - Filling up the DagBag from /home/airflow/.local/lib/python3.7/site-packages/airflow/example_dags/example_short_circuit_operator.py
[2022-10-20T08:45:54.927+0000] {processor.py:768} INFO - DAG(s) dict_keys(['example_short_circuit_operator']) retrieved from /home/airflow/.local/lib/python3.7/site-packages/airflow/example_dags/example_short_circuit_operator.py
[2022-10-20T08:45:54.965+0000] {logging_mixin.py:117} INFO - [2022-10-20T08:45:54.965+0000] {dag.py:2573} INFO - Sync 1 DAGs
[2022-10-20T08:45:54.985+0000] {logging_mixin.py:117} INFO - [2022-10-20T08:45:54.984+0000] {dag.py:3328} INFO - Setting next_dagrun for example_short_circuit_operator to 2022-10-19T08:45:54.984717+00:00, run_after=2022-10-20T08:45:54.984717+00:00
[2022-10-20T08:45:55.007+0000] {processor.py:178} INFO - Processing /home/airflow/.local/lib/python3.7/site-packages/airflow/example_dags/example_short_circuit_operator.py took 0.102 seconds
[2022-10-20T08:46:25.789+0000] {processor.py:156} INFO - Started process (PID=235) to work on /home/airflow/.local/lib/python3.7/site-packages/airflow/example_dags/example_short_circuit_operator.py
[2022-10-20T08:46:25.791+0000] {processor.py:758} INFO - Processing file /home/airflow/.local/lib/python3.7/site-packages/airflow/example_dags/example_short_circuit_operator.py for tasks to queue
[2022-10-20T08:46:25.793+0000] {logging_mixin.py:117} INFO - [2022-10-20T08:46:25.793+0000] {dagbag.py:525} INFO - Filling up the DagBag from /home/airflow/.local/lib/python3.7/site-packages/airflow/example_dags/example_short_circuit_operator.py
[2022-10-20T08:46:25.807+0000] {processor.py:768} INFO - DAG(s) dict_keys(['example_short_circuit_operator']) retrieved from /home/airflow/.local/lib/python3.7/site-packages/airflow/example_dags/example_short_circuit_operator.py
[2022-10-20T08:46:25.841+0000] {logging_mixin.py:117} INFO - [2022-10-20T08:46:25.841+0000] {dag.py:2573} INFO - Sync 1 DAGs
[2022-10-20T08:46:25.873+0000] {logging_mixin.py:117} INFO - [2022-10-20T08:46:25.873+0000] {dag.py:3328} INFO - Setting next_dagrun for example_short_circuit_operator to 2022-10-19T08:46:25.872919+00:00, run_after=2022-10-20T08:46:25.872919+00:00
[2022-10-20T08:46:25.915+0000] {processor.py:178} INFO - Processing /home/airflow/.local/lib/python3.7/site-packages/airflow/example_dags/example_short_circuit_operator.py took 0.129 seconds
[2022-10-20T08:46:56.765+0000] {processor.py:156} INFO - Started process (PID=289) to work on /home/airflow/.local/lib/python3.7/site-packages/airflow/example_dags/example_short_circuit_operator.py
[2022-10-20T08:46:56.767+0000] {processor.py:758} INFO - Processing file /home/airflow/.local/lib/python3.7/site-packages/airflow/example_dags/example_short_circuit_operator.py for tasks to queue
[2022-10-20T08:46:56.768+0000] {logging_mixin.py:117} INFO - [2022-10-20T08:46:56.768+0000] {dagbag.py:525} INFO - Filling up the DagBag from /home/airflow/.local/lib/python3.7/site-packages/airflow/example_dags/example_short_circuit_operator.py
[2022-10-20T08:46:56.784+0000] {processor.py:768} INFO - DAG(s) dict_keys(['example_short_circuit_operator']) retrieved from /home/airflow/.local/lib/python3.7/site-packages/airflow/example_dags/example_short_circuit_operator.py
[2022-10-20T08:46:56.826+0000] {logging_mixin.py:117} INFO - [2022-10-20T08:46:56.826+0000] {dag.py:2573} INFO - Sync 1 DAGs
[2022-10-20T08:46:56.848+0000] {logging_mixin.py:117} INFO - [2022-10-20T08:46:56.848+0000] {dag.py:3328} INFO - Setting next_dagrun for example_short_circuit_operator to 2022-10-19T08:46:56.847757+00:00, run_after=2022-10-20T08:46:56.847757+00:00
[2022-10-20T08:46:56.872+0000] {processor.py:178} INFO - Processing /home/airflow/.local/lib/python3.7/site-packages/airflow/example_dags/example_short_circuit_operator.py took 0.110 seconds
[2022-10-20T08:47:27.767+0000] {processor.py:156} INFO - Started process (PID=353) to work on /home/airflow/.local/lib/python3.7/site-packages/airflow/example_dags/example_short_circuit_operator.py
[2022-10-20T08:47:27.769+0000] {processor.py:758} INFO - Processing file /home/airflow/.local/lib/python3.7/site-packages/airflow/example_dags/example_short_circuit_operator.py for tasks to queue
[2022-10-20T08:47:27.771+0000] {logging_mixin.py:117} INFO - [2022-10-20T08:47:27.770+0000] {dagbag.py:525} INFO - Filling up the DagBag from /home/airflow/.local/lib/python3.7/site-packages/airflow/example_dags/example_short_circuit_operator.py
[2022-10-20T08:47:27.785+0000] {processor.py:768} INFO - DAG(s) dict_keys(['example_short_circuit_operator']) retrieved from /home/airflow/.local/lib/python3.7/site-packages/airflow/example_dags/example_short_circuit_operator.py
[2022-10-20T08:47:27.821+0000] {logging_mixin.py:117} INFO - [2022-10-20T08:47:27.821+0000] {dag.py:2573} INFO - Sync 1 DAGs
[2022-10-20T08:47:27.840+0000] {logging_mixin.py:117} INFO - [2022-10-20T08:47:27.840+0000] {dag.py:3328} INFO - Setting next_dagrun for example_short_circuit_operator to 2022-10-19T08:47:27.840017+00:00, run_after=2022-10-20T08:47:27.840017+00:00
[2022-10-20T08:47:27.856+0000] {processor.py:178} INFO - Processing /home/airflow/.local/lib/python3.7/site-packages/airflow/example_dags/example_short_circuit_operator.py took 0.093 seconds
