[2022-10-20T08:38:58.015+0000] {processor.py:156} INFO - Started process (PID=35) to work on /home/airflow/.local/lib/python3.7/site-packages/airflow/example_dags/example_datasets.py
[2022-10-20T08:38:58.021+0000] {processor.py:758} INFO - Processing file /home/airflow/.local/lib/python3.7/site-packages/airflow/example_dags/example_datasets.py for tasks to queue
[2022-10-20T08:38:58.022+0000] {logging_mixin.py:117} INFO - [2022-10-20T08:38:58.022+0000] {dagbag.py:525} INFO - Filling up the DagBag from /home/airflow/.local/lib/python3.7/site-packages/airflow/example_dags/example_datasets.py
[2022-10-20T08:38:58.073+0000] {processor.py:768} INFO - DAG(s) dict_keys(['dataset_consumes_1_never_scheduled', 'dataset_produces_1', 'dataset_consumes_unknown_never_scheduled', 'dataset_consumes_1_and_2', 'dataset_produces_2', 'dataset_consumes_1']) retrieved from /home/airflow/.local/lib/python3.7/site-packages/airflow/example_dags/example_datasets.py
[2022-10-20T08:38:58.127+0000] {logging_mixin.py:117} INFO - [2022-10-20T08:38:58.127+0000] {dag.py:2573} INFO - Sync 6 DAGs
[2022-10-20T08:38:58.156+0000] {logging_mixin.py:117} INFO - [2022-10-20T08:38:58.156+0000] {dag.py:3328} INFO - Setting next_dagrun for dataset_consumes_1 to None, run_after=None
[2022-10-20T08:38:58.161+0000] {logging_mixin.py:117} INFO - [2022-10-20T08:38:58.161+0000] {dag.py:3328} INFO - Setting next_dagrun for dataset_consumes_1_and_2 to None, run_after=None
[2022-10-20T08:38:58.165+0000] {logging_mixin.py:117} INFO - [2022-10-20T08:38:58.164+0000] {dag.py:3328} INFO - Setting next_dagrun for dataset_consumes_1_never_scheduled to None, run_after=None
[2022-10-20T08:38:58.168+0000] {logging_mixin.py:117} INFO - [2022-10-20T08:38:58.168+0000] {dag.py:3328} INFO - Setting next_dagrun for dataset_consumes_unknown_never_scheduled to None, run_after=None
[2022-10-20T08:38:58.172+0000] {logging_mixin.py:117} INFO - [2022-10-20T08:38:58.172+0000] {dag.py:3328} INFO - Setting next_dagrun for dataset_produces_1 to 2022-10-19T00:00:00+00:00, run_after=2022-10-20T00:00:00+00:00
[2022-10-20T08:38:58.175+0000] {logging_mixin.py:117} INFO - [2022-10-20T08:38:58.175+0000] {dag.py:3328} INFO - Setting next_dagrun for dataset_produces_2 to None, run_after=None
[2022-10-20T08:38:58.207+0000] {processor.py:178} INFO - Processing /home/airflow/.local/lib/python3.7/site-packages/airflow/example_dags/example_datasets.py took 0.197 seconds
[2022-10-20T08:39:28.536+0000] {processor.py:156} INFO - Started process (PID=98) to work on /home/airflow/.local/lib/python3.7/site-packages/airflow/example_dags/example_datasets.py
[2022-10-20T08:39:28.539+0000] {processor.py:758} INFO - Processing file /home/airflow/.local/lib/python3.7/site-packages/airflow/example_dags/example_datasets.py for tasks to queue
[2022-10-20T08:39:28.541+0000] {logging_mixin.py:117} INFO - [2022-10-20T08:39:28.541+0000] {dagbag.py:525} INFO - Filling up the DagBag from /home/airflow/.local/lib/python3.7/site-packages/airflow/example_dags/example_datasets.py
[2022-10-20T08:39:28.586+0000] {processor.py:768} INFO - DAG(s) dict_keys(['dataset_consumes_1_and_2', 'dataset_consumes_1', 'dataset_produces_1', 'dataset_produces_2', 'dataset_consumes_unknown_never_scheduled', 'dataset_consumes_1_never_scheduled']) retrieved from /home/airflow/.local/lib/python3.7/site-packages/airflow/example_dags/example_datasets.py
[2022-10-20T08:39:28.706+0000] {logging_mixin.py:117} INFO - [2022-10-20T08:39:28.706+0000] {dag.py:2573} INFO - Sync 6 DAGs
[2022-10-20T08:39:29.634+0000] {logging_mixin.py:117} INFO - [2022-10-20T08:39:29.634+0000] {process_utils.py:256} INFO - Waiting up to 5 seconds for processes to exit...
[2022-10-20T08:42:46.697+0000] {processor.py:156} INFO - Started process (PID=34) to work on /home/airflow/.local/lib/python3.7/site-packages/airflow/example_dags/example_datasets.py
[2022-10-20T08:42:46.699+0000] {processor.py:758} INFO - Processing file /home/airflow/.local/lib/python3.7/site-packages/airflow/example_dags/example_datasets.py for tasks to queue
[2022-10-20T08:42:46.702+0000] {logging_mixin.py:117} INFO - [2022-10-20T08:42:46.702+0000] {dagbag.py:525} INFO - Filling up the DagBag from /home/airflow/.local/lib/python3.7/site-packages/airflow/example_dags/example_datasets.py
[2022-10-20T08:42:46.753+0000] {processor.py:768} INFO - DAG(s) dict_keys(['dataset_produces_2', 'dataset_produces_1', 'dataset_consumes_1_and_2', 'dataset_consumes_unknown_never_scheduled', 'dataset_consumes_1', 'dataset_consumes_1_never_scheduled']) retrieved from /home/airflow/.local/lib/python3.7/site-packages/airflow/example_dags/example_datasets.py
[2022-10-20T08:42:46.816+0000] {logging_mixin.py:117} INFO - [2022-10-20T08:42:46.816+0000] {dag.py:2573} INFO - Sync 6 DAGs
[2022-10-20T08:42:47.058+0000] {logging_mixin.py:117} INFO - [2022-10-20T08:42:47.057+0000] {dag.py:3328} INFO - Setting next_dagrun for dataset_consumes_1 to None, run_after=None
[2022-10-20T08:42:47.062+0000] {logging_mixin.py:117} INFO - [2022-10-20T08:42:47.062+0000] {dag.py:3328} INFO - Setting next_dagrun for dataset_consumes_1_and_2 to None, run_after=None
[2022-10-20T08:42:47.067+0000] {logging_mixin.py:117} INFO - [2022-10-20T08:42:47.067+0000] {dag.py:3328} INFO - Setting next_dagrun for dataset_consumes_1_never_scheduled to None, run_after=None
[2022-10-20T08:42:47.077+0000] {logging_mixin.py:117} INFO - [2022-10-20T08:42:47.077+0000] {dag.py:3328} INFO - Setting next_dagrun for dataset_consumes_unknown_never_scheduled to None, run_after=None
[2022-10-20T08:42:47.084+0000] {logging_mixin.py:117} INFO - [2022-10-20T08:42:47.083+0000] {dag.py:3328} INFO - Setting next_dagrun for dataset_produces_1 to 2022-10-19T00:00:00+00:00, run_after=2022-10-20T00:00:00+00:00
[2022-10-20T08:42:47.087+0000] {logging_mixin.py:117} INFO - [2022-10-20T08:42:47.087+0000] {dag.py:3328} INFO - Setting next_dagrun for dataset_produces_2 to None, run_after=None
[2022-10-20T08:42:47.127+0000] {processor.py:178} INFO - Processing /home/airflow/.local/lib/python3.7/site-packages/airflow/example_dags/example_datasets.py took 0.436 seconds
[2022-10-20T08:44:53.447+0000] {processor.py:156} INFO - Started process (PID=34) to work on /home/airflow/.local/lib/python3.7/site-packages/airflow/example_dags/example_datasets.py
[2022-10-20T08:44:53.449+0000] {processor.py:758} INFO - Processing file /home/airflow/.local/lib/python3.7/site-packages/airflow/example_dags/example_datasets.py for tasks to queue
[2022-10-20T08:44:53.451+0000] {logging_mixin.py:117} INFO - [2022-10-20T08:44:53.451+0000] {dagbag.py:525} INFO - Filling up the DagBag from /home/airflow/.local/lib/python3.7/site-packages/airflow/example_dags/example_datasets.py
[2022-10-20T08:44:53.480+0000] {processor.py:768} INFO - DAG(s) dict_keys(['dataset_consumes_unknown_never_scheduled', 'dataset_produces_2', 'dataset_consumes_1_and_2', 'dataset_consumes_1_never_scheduled', 'dataset_consumes_1', 'dataset_produces_1']) retrieved from /home/airflow/.local/lib/python3.7/site-packages/airflow/example_dags/example_datasets.py
[2022-10-20T08:44:53.511+0000] {logging_mixin.py:117} INFO - [2022-10-20T08:44:53.511+0000] {dag.py:2573} INFO - Sync 6 DAGs
[2022-10-20T08:44:53.535+0000] {logging_mixin.py:117} INFO - [2022-10-20T08:44:53.535+0000] {dag.py:3328} INFO - Setting next_dagrun for dataset_consumes_1 to None, run_after=None
[2022-10-20T08:44:53.539+0000] {logging_mixin.py:117} INFO - [2022-10-20T08:44:53.539+0000] {dag.py:3328} INFO - Setting next_dagrun for dataset_consumes_1_and_2 to None, run_after=None
[2022-10-20T08:44:53.542+0000] {logging_mixin.py:117} INFO - [2022-10-20T08:44:53.542+0000] {dag.py:3328} INFO - Setting next_dagrun for dataset_consumes_1_never_scheduled to None, run_after=None
[2022-10-20T08:44:53.544+0000] {logging_mixin.py:117} INFO - [2022-10-20T08:44:53.543+0000] {dag.py:3328} INFO - Setting next_dagrun for dataset_consumes_unknown_never_scheduled to None, run_after=None
[2022-10-20T08:44:53.548+0000] {logging_mixin.py:117} INFO - [2022-10-20T08:44:53.548+0000] {dag.py:3328} INFO - Setting next_dagrun for dataset_produces_1 to 2022-10-19T00:00:00+00:00, run_after=2022-10-20T00:00:00+00:00
[2022-10-20T08:44:53.550+0000] {logging_mixin.py:117} INFO - [2022-10-20T08:44:53.550+0000] {dag.py:3328} INFO - Setting next_dagrun for dataset_produces_2 to None, run_after=None
[2022-10-20T08:44:53.578+0000] {processor.py:178} INFO - Processing /home/airflow/.local/lib/python3.7/site-packages/airflow/example_dags/example_datasets.py took 0.136 seconds
[2022-10-20T08:45:23.780+0000] {processor.py:156} INFO - Started process (PID=97) to work on /home/airflow/.local/lib/python3.7/site-packages/airflow/example_dags/example_datasets.py
[2022-10-20T08:45:23.783+0000] {processor.py:758} INFO - Processing file /home/airflow/.local/lib/python3.7/site-packages/airflow/example_dags/example_datasets.py for tasks to queue
[2022-10-20T08:45:23.785+0000] {logging_mixin.py:117} INFO - [2022-10-20T08:45:23.785+0000] {dagbag.py:525} INFO - Filling up the DagBag from /home/airflow/.local/lib/python3.7/site-packages/airflow/example_dags/example_datasets.py
[2022-10-20T08:45:23.810+0000] {processor.py:768} INFO - DAG(s) dict_keys(['dataset_consumes_1', 'dataset_consumes_1_never_scheduled', 'dataset_produces_2', 'dataset_consumes_1_and_2', 'dataset_consumes_unknown_never_scheduled', 'dataset_produces_1']) retrieved from /home/airflow/.local/lib/python3.7/site-packages/airflow/example_dags/example_datasets.py
[2022-10-20T08:45:23.906+0000] {logging_mixin.py:117} INFO - [2022-10-20T08:45:23.906+0000] {dag.py:2573} INFO - Sync 6 DAGs
[2022-10-20T08:45:23.926+0000] {logging_mixin.py:117} INFO - [2022-10-20T08:45:23.926+0000] {dag.py:3328} INFO - Setting next_dagrun for dataset_consumes_1 to None, run_after=None
[2022-10-20T08:45:23.930+0000] {logging_mixin.py:117} INFO - [2022-10-20T08:45:23.930+0000] {dag.py:3328} INFO - Setting next_dagrun for dataset_consumes_1_and_2 to None, run_after=None
[2022-10-20T08:45:23.932+0000] {logging_mixin.py:117} INFO - [2022-10-20T08:45:23.932+0000] {dag.py:3328} INFO - Setting next_dagrun for dataset_consumes_1_never_scheduled to None, run_after=None
[2022-10-20T08:45:23.934+0000] {logging_mixin.py:117} INFO - [2022-10-20T08:45:23.934+0000] {dag.py:3328} INFO - Setting next_dagrun for dataset_consumes_unknown_never_scheduled to None, run_after=None
[2022-10-20T08:45:23.937+0000] {logging_mixin.py:117} INFO - [2022-10-20T08:45:23.937+0000] {dag.py:3328} INFO - Setting next_dagrun for dataset_produces_1 to 2022-10-19T00:00:00+00:00, run_after=2022-10-20T00:00:00+00:00
[2022-10-20T08:45:23.938+0000] {logging_mixin.py:117} INFO - [2022-10-20T08:45:23.938+0000] {dag.py:3328} INFO - Setting next_dagrun for dataset_produces_2 to None, run_after=None
[2022-10-20T08:45:23.962+0000] {processor.py:178} INFO - Processing /home/airflow/.local/lib/python3.7/site-packages/airflow/example_dags/example_datasets.py took 0.186 seconds
[2022-10-20T08:45:54.098+0000] {processor.py:156} INFO - Started process (PID=161) to work on /home/airflow/.local/lib/python3.7/site-packages/airflow/example_dags/example_datasets.py
[2022-10-20T08:45:54.100+0000] {processor.py:758} INFO - Processing file /home/airflow/.local/lib/python3.7/site-packages/airflow/example_dags/example_datasets.py for tasks to queue
[2022-10-20T08:45:54.101+0000] {logging_mixin.py:117} INFO - [2022-10-20T08:45:54.101+0000] {dagbag.py:525} INFO - Filling up the DagBag from /home/airflow/.local/lib/python3.7/site-packages/airflow/example_dags/example_datasets.py
[2022-10-20T08:45:54.117+0000] {processor.py:768} INFO - DAG(s) dict_keys(['dataset_produces_2', 'dataset_produces_1', 'dataset_consumes_1_never_scheduled', 'dataset_consumes_unknown_never_scheduled', 'dataset_consumes_1_and_2', 'dataset_consumes_1']) retrieved from /home/airflow/.local/lib/python3.7/site-packages/airflow/example_dags/example_datasets.py
[2022-10-20T08:45:54.169+0000] {logging_mixin.py:117} INFO - [2022-10-20T08:45:54.169+0000] {dag.py:2573} INFO - Sync 6 DAGs
[2022-10-20T08:45:54.200+0000] {logging_mixin.py:117} INFO - [2022-10-20T08:45:54.200+0000] {dag.py:3328} INFO - Setting next_dagrun for dataset_consumes_1 to None, run_after=None
[2022-10-20T08:45:54.207+0000] {logging_mixin.py:117} INFO - [2022-10-20T08:45:54.207+0000] {dag.py:3328} INFO - Setting next_dagrun for dataset_consumes_1_and_2 to None, run_after=None
[2022-10-20T08:45:54.210+0000] {logging_mixin.py:117} INFO - [2022-10-20T08:45:54.210+0000] {dag.py:3328} INFO - Setting next_dagrun for dataset_consumes_1_never_scheduled to None, run_after=None
[2022-10-20T08:45:54.212+0000] {logging_mixin.py:117} INFO - [2022-10-20T08:45:54.212+0000] {dag.py:3328} INFO - Setting next_dagrun for dataset_consumes_unknown_never_scheduled to None, run_after=None
[2022-10-20T08:45:54.216+0000] {logging_mixin.py:117} INFO - [2022-10-20T08:45:54.216+0000] {dag.py:3328} INFO - Setting next_dagrun for dataset_produces_1 to 2022-10-19T00:00:00+00:00, run_after=2022-10-20T00:00:00+00:00
[2022-10-20T08:45:54.218+0000] {logging_mixin.py:117} INFO - [2022-10-20T08:45:54.218+0000] {dag.py:3328} INFO - Setting next_dagrun for dataset_produces_2 to None, run_after=None
[2022-10-20T08:45:54.250+0000] {processor.py:178} INFO - Processing /home/airflow/.local/lib/python3.7/site-packages/airflow/example_dags/example_datasets.py took 0.154 seconds
[2022-10-20T08:46:25.075+0000] {processor.py:156} INFO - Started process (PID=226) to work on /home/airflow/.local/lib/python3.7/site-packages/airflow/example_dags/example_datasets.py
[2022-10-20T08:46:25.077+0000] {processor.py:758} INFO - Processing file /home/airflow/.local/lib/python3.7/site-packages/airflow/example_dags/example_datasets.py for tasks to queue
[2022-10-20T08:46:25.079+0000] {logging_mixin.py:117} INFO - [2022-10-20T08:46:25.079+0000] {dagbag.py:525} INFO - Filling up the DagBag from /home/airflow/.local/lib/python3.7/site-packages/airflow/example_dags/example_datasets.py
[2022-10-20T08:46:25.096+0000] {processor.py:768} INFO - DAG(s) dict_keys(['dataset_consumes_1_and_2', 'dataset_consumes_1_never_scheduled', 'dataset_produces_1', 'dataset_consumes_unknown_never_scheduled', 'dataset_consumes_1', 'dataset_produces_2']) retrieved from /home/airflow/.local/lib/python3.7/site-packages/airflow/example_dags/example_datasets.py
[2022-10-20T08:46:25.142+0000] {logging_mixin.py:117} INFO - [2022-10-20T08:46:25.142+0000] {dag.py:2573} INFO - Sync 6 DAGs
[2022-10-20T08:46:25.172+0000] {logging_mixin.py:117} INFO - [2022-10-20T08:46:25.172+0000] {dag.py:3328} INFO - Setting next_dagrun for dataset_consumes_1 to None, run_after=None
[2022-10-20T08:46:25.176+0000] {logging_mixin.py:117} INFO - [2022-10-20T08:46:25.176+0000] {dag.py:3328} INFO - Setting next_dagrun for dataset_consumes_1_and_2 to None, run_after=None
[2022-10-20T08:46:25.179+0000] {logging_mixin.py:117} INFO - [2022-10-20T08:46:25.179+0000] {dag.py:3328} INFO - Setting next_dagrun for dataset_consumes_1_never_scheduled to None, run_after=None
[2022-10-20T08:46:25.181+0000] {logging_mixin.py:117} INFO - [2022-10-20T08:46:25.180+0000] {dag.py:3328} INFO - Setting next_dagrun for dataset_consumes_unknown_never_scheduled to None, run_after=None
[2022-10-20T08:46:25.184+0000] {logging_mixin.py:117} INFO - [2022-10-20T08:46:25.184+0000] {dag.py:3328} INFO - Setting next_dagrun for dataset_produces_1 to 2022-10-19T00:00:00+00:00, run_after=2022-10-20T00:00:00+00:00
[2022-10-20T08:46:25.186+0000] {logging_mixin.py:117} INFO - [2022-10-20T08:46:25.186+0000] {dag.py:3328} INFO - Setting next_dagrun for dataset_produces_2 to None, run_after=None
[2022-10-20T08:46:25.222+0000] {processor.py:178} INFO - Processing /home/airflow/.local/lib/python3.7/site-packages/airflow/example_dags/example_datasets.py took 0.150 seconds
[2022-10-20T08:46:55.989+0000] {processor.py:156} INFO - Started process (PID=280) to work on /home/airflow/.local/lib/python3.7/site-packages/airflow/example_dags/example_datasets.py
[2022-10-20T08:46:55.990+0000] {processor.py:758} INFO - Processing file /home/airflow/.local/lib/python3.7/site-packages/airflow/example_dags/example_datasets.py for tasks to queue
[2022-10-20T08:46:55.992+0000] {logging_mixin.py:117} INFO - [2022-10-20T08:46:55.992+0000] {dagbag.py:525} INFO - Filling up the DagBag from /home/airflow/.local/lib/python3.7/site-packages/airflow/example_dags/example_datasets.py
[2022-10-20T08:46:56.012+0000] {processor.py:768} INFO - DAG(s) dict_keys(['dataset_consumes_1_and_2', 'dataset_produces_2', 'dataset_consumes_unknown_never_scheduled', 'dataset_consumes_1', 'dataset_produces_1', 'dataset_consumes_1_never_scheduled']) retrieved from /home/airflow/.local/lib/python3.7/site-packages/airflow/example_dags/example_datasets.py
[2022-10-20T08:46:56.071+0000] {logging_mixin.py:117} INFO - [2022-10-20T08:46:56.071+0000] {dag.py:2573} INFO - Sync 6 DAGs
[2022-10-20T08:46:56.090+0000] {logging_mixin.py:117} INFO - [2022-10-20T08:46:56.090+0000] {dag.py:3328} INFO - Setting next_dagrun for dataset_consumes_1 to None, run_after=None
[2022-10-20T08:46:56.095+0000] {logging_mixin.py:117} INFO - [2022-10-20T08:46:56.094+0000] {dag.py:3328} INFO - Setting next_dagrun for dataset_consumes_1_and_2 to None, run_after=None
[2022-10-20T08:46:56.097+0000] {logging_mixin.py:117} INFO - [2022-10-20T08:46:56.097+0000] {dag.py:3328} INFO - Setting next_dagrun for dataset_consumes_1_never_scheduled to None, run_after=None
[2022-10-20T08:46:56.099+0000] {logging_mixin.py:117} INFO - [2022-10-20T08:46:56.099+0000] {dag.py:3328} INFO - Setting next_dagrun for dataset_consumes_unknown_never_scheduled to None, run_after=None
[2022-10-20T08:46:56.102+0000] {logging_mixin.py:117} INFO - [2022-10-20T08:46:56.102+0000] {dag.py:3328} INFO - Setting next_dagrun for dataset_produces_1 to 2022-10-19T00:00:00+00:00, run_after=2022-10-20T00:00:00+00:00
[2022-10-20T08:46:56.104+0000] {logging_mixin.py:117} INFO - [2022-10-20T08:46:56.104+0000] {dag.py:3328} INFO - Setting next_dagrun for dataset_produces_2 to None, run_after=None
[2022-10-20T08:46:56.131+0000] {processor.py:178} INFO - Processing /home/airflow/.local/lib/python3.7/site-packages/airflow/example_dags/example_datasets.py took 0.147 seconds
[2022-10-20T08:47:27.066+0000] {processor.py:156} INFO - Started process (PID=344) to work on /home/airflow/.local/lib/python3.7/site-packages/airflow/example_dags/example_datasets.py
[2022-10-20T08:47:27.079+0000] {processor.py:758} INFO - Processing file /home/airflow/.local/lib/python3.7/site-packages/airflow/example_dags/example_datasets.py for tasks to queue
[2022-10-20T08:47:27.080+0000] {logging_mixin.py:117} INFO - [2022-10-20T08:47:27.080+0000] {dagbag.py:525} INFO - Filling up the DagBag from /home/airflow/.local/lib/python3.7/site-packages/airflow/example_dags/example_datasets.py
[2022-10-20T08:47:27.099+0000] {processor.py:768} INFO - DAG(s) dict_keys(['dataset_consumes_1_and_2', 'dataset_produces_2', 'dataset_produces_1', 'dataset_consumes_unknown_never_scheduled', 'dataset_consumes_1_never_scheduled', 'dataset_consumes_1']) retrieved from /home/airflow/.local/lib/python3.7/site-packages/airflow/example_dags/example_datasets.py
[2022-10-20T08:47:27.146+0000] {logging_mixin.py:117} INFO - [2022-10-20T08:47:27.146+0000] {dag.py:2573} INFO - Sync 6 DAGs
[2022-10-20T08:47:27.167+0000] {logging_mixin.py:117} INFO - [2022-10-20T08:47:27.167+0000] {dag.py:3328} INFO - Setting next_dagrun for dataset_consumes_1 to None, run_after=None
[2022-10-20T08:47:27.172+0000] {logging_mixin.py:117} INFO - [2022-10-20T08:47:27.171+0000] {dag.py:3328} INFO - Setting next_dagrun for dataset_consumes_1_and_2 to None, run_after=None
[2022-10-20T08:47:27.173+0000] {logging_mixin.py:117} INFO - [2022-10-20T08:47:27.173+0000] {dag.py:3328} INFO - Setting next_dagrun for dataset_consumes_1_never_scheduled to None, run_after=None
[2022-10-20T08:47:27.175+0000] {logging_mixin.py:117} INFO - [2022-10-20T08:47:27.175+0000] {dag.py:3328} INFO - Setting next_dagrun for dataset_consumes_unknown_never_scheduled to None, run_after=None
[2022-10-20T08:47:27.178+0000] {logging_mixin.py:117} INFO - [2022-10-20T08:47:27.178+0000] {dag.py:3328} INFO - Setting next_dagrun for dataset_produces_1 to 2022-10-19T00:00:00+00:00, run_after=2022-10-20T00:00:00+00:00
[2022-10-20T08:47:27.180+0000] {logging_mixin.py:117} INFO - [2022-10-20T08:47:27.180+0000] {dag.py:3328} INFO - Setting next_dagrun for dataset_produces_2 to None, run_after=None
[2022-10-20T08:47:27.202+0000] {processor.py:178} INFO - Processing /home/airflow/.local/lib/python3.7/site-packages/airflow/example_dags/example_datasets.py took 0.139 seconds
