[2022-10-20T08:39:00.176+0000] {processor.py:156} INFO - Started process (PID=55) to work on /home/airflow/.local/lib/python3.7/site-packages/airflow/example_dags/example_branch_python_dop_operator_3.py
[2022-10-20T08:39:00.178+0000] {processor.py:758} INFO - Processing file /home/airflow/.local/lib/python3.7/site-packages/airflow/example_dags/example_branch_python_dop_operator_3.py for tasks to queue
[2022-10-20T08:39:00.180+0000] {logging_mixin.py:117} INFO - [2022-10-20T08:39:00.180+0000] {dagbag.py:525} INFO - Filling up the DagBag from /home/airflow/.local/lib/python3.7/site-packages/airflow/example_dags/example_branch_python_dop_operator_3.py
[2022-10-20T08:39:00.209+0000] {processor.py:768} INFO - DAG(s) dict_keys(['example_branch_dop_operator_v3']) retrieved from /home/airflow/.local/lib/python3.7/site-packages/airflow/example_dags/example_branch_python_dop_operator_3.py
[2022-10-20T08:39:00.263+0000] {logging_mixin.py:117} INFO - [2022-10-20T08:39:00.263+0000] {dag.py:2573} INFO - Sync 1 DAGs
[2022-10-20T08:39:00.328+0000] {logging_mixin.py:117} INFO - [2022-10-20T08:39:00.328+0000] {dag.py:3328} INFO - Setting next_dagrun for example_branch_dop_operator_v3 to 2022-10-20T08:38:00+00:00, run_after=2022-10-20T08:39:00+00:00
[2022-10-20T08:39:00.377+0000] {processor.py:178} INFO - Processing /home/airflow/.local/lib/python3.7/site-packages/airflow/example_dags/example_branch_python_dop_operator_3.py took 0.204 seconds
[2022-10-20T08:42:51.226+0000] {processor.py:156} INFO - Started process (PID=54) to work on /home/airflow/.local/lib/python3.7/site-packages/airflow/example_dags/example_branch_python_dop_operator_3.py
[2022-10-20T08:42:51.229+0000] {processor.py:758} INFO - Processing file /home/airflow/.local/lib/python3.7/site-packages/airflow/example_dags/example_branch_python_dop_operator_3.py for tasks to queue
[2022-10-20T08:42:51.231+0000] {logging_mixin.py:117} INFO - [2022-10-20T08:42:51.230+0000] {dagbag.py:525} INFO - Filling up the DagBag from /home/airflow/.local/lib/python3.7/site-packages/airflow/example_dags/example_branch_python_dop_operator_3.py
[2022-10-20T08:42:51.266+0000] {processor.py:768} INFO - DAG(s) dict_keys(['example_branch_dop_operator_v3']) retrieved from /home/airflow/.local/lib/python3.7/site-packages/airflow/example_dags/example_branch_python_dop_operator_3.py
[2022-10-20T08:42:51.489+0000] {logging_mixin.py:117} INFO - [2022-10-20T08:42:51.489+0000] {dag.py:2573} INFO - Sync 1 DAGs
[2022-10-20T08:42:51.521+0000] {logging_mixin.py:117} INFO - [2022-10-20T08:42:51.521+0000] {dag.py:3328} INFO - Setting next_dagrun for example_branch_dop_operator_v3 to 2022-10-20T08:41:00+00:00, run_after=2022-10-20T08:42:00+00:00
[2022-10-20T08:42:51.577+0000] {processor.py:178} INFO - Processing /home/airflow/.local/lib/python3.7/site-packages/airflow/example_dags/example_branch_python_dop_operator_3.py took 0.353 seconds
[2022-10-20T08:44:55.254+0000] {processor.py:156} INFO - Started process (PID=54) to work on /home/airflow/.local/lib/python3.7/site-packages/airflow/example_dags/example_branch_python_dop_operator_3.py
[2022-10-20T08:44:55.256+0000] {processor.py:758} INFO - Processing file /home/airflow/.local/lib/python3.7/site-packages/airflow/example_dags/example_branch_python_dop_operator_3.py for tasks to queue
[2022-10-20T08:44:55.259+0000] {logging_mixin.py:117} INFO - [2022-10-20T08:44:55.259+0000] {dagbag.py:525} INFO - Filling up the DagBag from /home/airflow/.local/lib/python3.7/site-packages/airflow/example_dags/example_branch_python_dop_operator_3.py
[2022-10-20T08:44:55.298+0000] {processor.py:768} INFO - DAG(s) dict_keys(['example_branch_dop_operator_v3']) retrieved from /home/airflow/.local/lib/python3.7/site-packages/airflow/example_dags/example_branch_python_dop_operator_3.py
[2022-10-20T08:44:55.352+0000] {logging_mixin.py:117} INFO - [2022-10-20T08:44:55.352+0000] {dag.py:2573} INFO - Sync 1 DAGs
[2022-10-20T08:44:55.402+0000] {logging_mixin.py:117} INFO - [2022-10-20T08:44:55.402+0000] {dag.py:3328} INFO - Setting next_dagrun for example_branch_dop_operator_v3 to 2022-10-20T08:43:00+00:00, run_after=2022-10-20T08:44:00+00:00
[2022-10-20T08:44:55.430+0000] {processor.py:178} INFO - Processing /home/airflow/.local/lib/python3.7/site-packages/airflow/example_dags/example_branch_python_dop_operator_3.py took 0.181 seconds
[2022-10-20T08:45:25.545+0000] {processor.py:156} INFO - Started process (PID=117) to work on /home/airflow/.local/lib/python3.7/site-packages/airflow/example_dags/example_branch_python_dop_operator_3.py
[2022-10-20T08:45:25.547+0000] {processor.py:758} INFO - Processing file /home/airflow/.local/lib/python3.7/site-packages/airflow/example_dags/example_branch_python_dop_operator_3.py for tasks to queue
[2022-10-20T08:45:25.548+0000] {logging_mixin.py:117} INFO - [2022-10-20T08:45:25.548+0000] {dagbag.py:525} INFO - Filling up the DagBag from /home/airflow/.local/lib/python3.7/site-packages/airflow/example_dags/example_branch_python_dop_operator_3.py
[2022-10-20T08:45:25.566+0000] {processor.py:768} INFO - DAG(s) dict_keys(['example_branch_dop_operator_v3']) retrieved from /home/airflow/.local/lib/python3.7/site-packages/airflow/example_dags/example_branch_python_dop_operator_3.py
[2022-10-20T08:45:25.596+0000] {logging_mixin.py:117} INFO - [2022-10-20T08:45:25.596+0000] {dag.py:2573} INFO - Sync 1 DAGs
[2022-10-20T08:45:25.615+0000] {logging_mixin.py:117} INFO - [2022-10-20T08:45:25.615+0000] {dag.py:3328} INFO - Setting next_dagrun for example_branch_dop_operator_v3 to 2022-10-20T08:44:00+00:00, run_after=2022-10-20T08:45:00+00:00
[2022-10-20T08:45:25.630+0000] {processor.py:178} INFO - Processing /home/airflow/.local/lib/python3.7/site-packages/airflow/example_dags/example_branch_python_dop_operator_3.py took 0.088 seconds
[2022-10-20T08:45:55.680+0000] {processor.py:156} INFO - Started process (PID=181) to work on /home/airflow/.local/lib/python3.7/site-packages/airflow/example_dags/example_branch_python_dop_operator_3.py
[2022-10-20T08:45:55.682+0000] {processor.py:758} INFO - Processing file /home/airflow/.local/lib/python3.7/site-packages/airflow/example_dags/example_branch_python_dop_operator_3.py for tasks to queue
[2022-10-20T08:45:55.683+0000] {logging_mixin.py:117} INFO - [2022-10-20T08:45:55.683+0000] {dagbag.py:525} INFO - Filling up the DagBag from /home/airflow/.local/lib/python3.7/site-packages/airflow/example_dags/example_branch_python_dop_operator_3.py
[2022-10-20T08:45:55.705+0000] {processor.py:768} INFO - DAG(s) dict_keys(['example_branch_dop_operator_v3']) retrieved from /home/airflow/.local/lib/python3.7/site-packages/airflow/example_dags/example_branch_python_dop_operator_3.py
[2022-10-20T08:45:55.737+0000] {logging_mixin.py:117} INFO - [2022-10-20T08:45:55.737+0000] {dag.py:2573} INFO - Sync 1 DAGs
[2022-10-20T08:45:55.759+0000] {logging_mixin.py:117} INFO - [2022-10-20T08:45:55.759+0000] {dag.py:3328} INFO - Setting next_dagrun for example_branch_dop_operator_v3 to 2022-10-20T08:44:00+00:00, run_after=2022-10-20T08:45:00+00:00
[2022-10-20T08:45:55.774+0000] {processor.py:178} INFO - Processing /home/airflow/.local/lib/python3.7/site-packages/airflow/example_dags/example_branch_python_dop_operator_3.py took 0.097 seconds
[2022-10-20T08:46:26.511+0000] {processor.py:156} INFO - Started process (PID=246) to work on /home/airflow/.local/lib/python3.7/site-packages/airflow/example_dags/example_branch_python_dop_operator_3.py
[2022-10-20T08:46:26.513+0000] {processor.py:758} INFO - Processing file /home/airflow/.local/lib/python3.7/site-packages/airflow/example_dags/example_branch_python_dop_operator_3.py for tasks to queue
[2022-10-20T08:46:26.515+0000] {logging_mixin.py:117} INFO - [2022-10-20T08:46:26.515+0000] {dagbag.py:525} INFO - Filling up the DagBag from /home/airflow/.local/lib/python3.7/site-packages/airflow/example_dags/example_branch_python_dop_operator_3.py
[2022-10-20T08:46:26.535+0000] {processor.py:768} INFO - DAG(s) dict_keys(['example_branch_dop_operator_v3']) retrieved from /home/airflow/.local/lib/python3.7/site-packages/airflow/example_dags/example_branch_python_dop_operator_3.py
[2022-10-20T08:46:26.570+0000] {logging_mixin.py:117} INFO - [2022-10-20T08:46:26.569+0000] {dag.py:2573} INFO - Sync 1 DAGs
[2022-10-20T08:46:26.596+0000] {logging_mixin.py:117} INFO - [2022-10-20T08:46:26.596+0000] {dag.py:3328} INFO - Setting next_dagrun for example_branch_dop_operator_v3 to 2022-10-20T08:45:00+00:00, run_after=2022-10-20T08:46:00+00:00
[2022-10-20T08:46:26.612+0000] {processor.py:178} INFO - Processing /home/airflow/.local/lib/python3.7/site-packages/airflow/example_dags/example_branch_python_dop_operator_3.py took 0.103 seconds
[2022-10-20T08:46:57.671+0000] {processor.py:156} INFO - Started process (PID=309) to work on /home/airflow/.local/lib/python3.7/site-packages/airflow/example_dags/example_branch_python_dop_operator_3.py
[2022-10-20T08:46:57.673+0000] {processor.py:758} INFO - Processing file /home/airflow/.local/lib/python3.7/site-packages/airflow/example_dags/example_branch_python_dop_operator_3.py for tasks to queue
[2022-10-20T08:46:57.674+0000] {logging_mixin.py:117} INFO - [2022-10-20T08:46:57.674+0000] {dagbag.py:525} INFO - Filling up the DagBag from /home/airflow/.local/lib/python3.7/site-packages/airflow/example_dags/example_branch_python_dop_operator_3.py
[2022-10-20T08:46:57.698+0000] {processor.py:768} INFO - DAG(s) dict_keys(['example_branch_dop_operator_v3']) retrieved from /home/airflow/.local/lib/python3.7/site-packages/airflow/example_dags/example_branch_python_dop_operator_3.py
[2022-10-20T08:46:57.736+0000] {logging_mixin.py:117} INFO - [2022-10-20T08:46:57.736+0000] {dag.py:2573} INFO - Sync 1 DAGs
[2022-10-20T08:46:57.762+0000] {logging_mixin.py:117} INFO - [2022-10-20T08:46:57.761+0000] {dag.py:3328} INFO - Setting next_dagrun for example_branch_dop_operator_v3 to 2022-10-20T08:45:00+00:00, run_after=2022-10-20T08:46:00+00:00
[2022-10-20T08:46:57.779+0000] {processor.py:178} INFO - Processing /home/airflow/.local/lib/python3.7/site-packages/airflow/example_dags/example_branch_python_dop_operator_3.py took 0.111 seconds
[2022-10-20T08:47:28.452+0000] {processor.py:156} INFO - Started process (PID=364) to work on /home/airflow/.local/lib/python3.7/site-packages/airflow/example_dags/example_branch_python_dop_operator_3.py
[2022-10-20T08:47:28.454+0000] {processor.py:758} INFO - Processing file /home/airflow/.local/lib/python3.7/site-packages/airflow/example_dags/example_branch_python_dop_operator_3.py for tasks to queue
[2022-10-20T08:47:28.455+0000] {logging_mixin.py:117} INFO - [2022-10-20T08:47:28.455+0000] {dagbag.py:525} INFO - Filling up the DagBag from /home/airflow/.local/lib/python3.7/site-packages/airflow/example_dags/example_branch_python_dop_operator_3.py
[2022-10-20T08:47:28.475+0000] {processor.py:768} INFO - DAG(s) dict_keys(['example_branch_dop_operator_v3']) retrieved from /home/airflow/.local/lib/python3.7/site-packages/airflow/example_dags/example_branch_python_dop_operator_3.py
[2022-10-20T08:47:28.508+0000] {logging_mixin.py:117} INFO - [2022-10-20T08:47:28.508+0000] {dag.py:2573} INFO - Sync 1 DAGs
[2022-10-20T08:47:28.530+0000] {logging_mixin.py:117} INFO - [2022-10-20T08:47:28.530+0000] {dag.py:3328} INFO - Setting next_dagrun for example_branch_dop_operator_v3 to 2022-10-20T08:46:00+00:00, run_after=2022-10-20T08:47:00+00:00
[2022-10-20T08:47:28.546+0000] {processor.py:178} INFO - Processing /home/airflow/.local/lib/python3.7/site-packages/airflow/example_dags/example_branch_python_dop_operator_3.py took 0.097 seconds
