[2022-10-20T08:39:01.678+0000] {processor.py:156} INFO - Started process (PID=71) to work on /home/airflow/.local/lib/python3.7/site-packages/airflow/example_dags/example_subdag_operator.py
[2022-10-20T08:39:01.689+0000] {processor.py:758} INFO - Processing file /home/airflow/.local/lib/python3.7/site-packages/airflow/example_dags/example_subdag_operator.py for tasks to queue
[2022-10-20T08:39:01.691+0000] {logging_mixin.py:117} INFO - [2022-10-20T08:39:01.691+0000] {dagbag.py:525} INFO - Filling up the DagBag from /home/airflow/.local/lib/python3.7/site-packages/airflow/example_dags/example_subdag_operator.py
[2022-10-20T08:39:01.808+0000] {processor.py:768} INFO - DAG(s) dict_keys(['example_subdag_operator.section-1', 'example_subdag_operator.section-2', 'example_subdag_operator']) retrieved from /home/airflow/.local/lib/python3.7/site-packages/airflow/example_dags/example_subdag_operator.py
[2022-10-20T08:39:01.890+0000] {logging_mixin.py:117} INFO - [2022-10-20T08:39:01.890+0000] {dag.py:2573} INFO - Sync 3 DAGs
[2022-10-20T08:39:01.952+0000] {logging_mixin.py:117} INFO - [2022-10-20T08:39:01.952+0000] {dag.py:3328} INFO - Setting next_dagrun for example_subdag_operator to 2022-01-01T00:00:00+00:00, run_after=2022-01-01T00:00:00+00:00
[2022-10-20T08:39:01.958+0000] {logging_mixin.py:117} INFO - [2022-10-20T08:39:01.958+0000] {dag.py:3328} INFO - Setting next_dagrun for example_subdag_operator.section-1 to None, run_after=None
[2022-10-20T08:39:01.966+0000] {logging_mixin.py:117} INFO - [2022-10-20T08:39:01.966+0000] {dag.py:3328} INFO - Setting next_dagrun for example_subdag_operator.section-2 to None, run_after=None
[2022-10-20T08:39:02.004+0000] {logging_mixin.py:117} INFO - [2022-10-20T08:39:02.002+0000] {dag.py:2573} INFO - Sync 2 DAGs
[2022-10-20T08:39:02.033+0000] {logging_mixin.py:117} INFO - [2022-10-20T08:39:02.033+0000] {dag.py:3328} INFO - Setting next_dagrun for example_subdag_operator.section-1 to None, run_after=None
[2022-10-20T08:39:02.035+0000] {logging_mixin.py:117} INFO - [2022-10-20T08:39:02.035+0000] {dag.py:3328} INFO - Setting next_dagrun for example_subdag_operator.section-2 to None, run_after=None
[2022-10-20T08:39:02.078+0000] {processor.py:178} INFO - Processing /home/airflow/.local/lib/python3.7/site-packages/airflow/example_dags/example_subdag_operator.py took 0.403 seconds
[2022-10-20T08:42:53.281+0000] {processor.py:156} INFO - Started process (PID=70) to work on /home/airflow/.local/lib/python3.7/site-packages/airflow/example_dags/example_subdag_operator.py
[2022-10-20T08:42:53.284+0000] {processor.py:758} INFO - Processing file /home/airflow/.local/lib/python3.7/site-packages/airflow/example_dags/example_subdag_operator.py for tasks to queue
[2022-10-20T08:42:53.286+0000] {logging_mixin.py:117} INFO - [2022-10-20T08:42:53.286+0000] {dagbag.py:525} INFO - Filling up the DagBag from /home/airflow/.local/lib/python3.7/site-packages/airflow/example_dags/example_subdag_operator.py
[2022-10-20T08:42:53.347+0000] {processor.py:768} INFO - DAG(s) dict_keys(['example_subdag_operator.section-1', 'example_subdag_operator.section-2', 'example_subdag_operator']) retrieved from /home/airflow/.local/lib/python3.7/site-packages/airflow/example_dags/example_subdag_operator.py
[2022-10-20T08:42:53.573+0000] {logging_mixin.py:117} INFO - [2022-10-20T08:42:53.573+0000] {dag.py:2573} INFO - Sync 3 DAGs
[2022-10-20T08:42:53.605+0000] {logging_mixin.py:117} INFO - [2022-10-20T08:42:53.605+0000] {dag.py:3328} INFO - Setting next_dagrun for example_subdag_operator to 2022-01-01T00:00:00+00:00, run_after=2022-01-01T00:00:00+00:00
[2022-10-20T08:42:53.611+0000] {logging_mixin.py:117} INFO - [2022-10-20T08:42:53.611+0000] {dag.py:3328} INFO - Setting next_dagrun for example_subdag_operator.section-1 to None, run_after=None
[2022-10-20T08:42:53.614+0000] {logging_mixin.py:117} INFO - [2022-10-20T08:42:53.614+0000] {dag.py:3328} INFO - Setting next_dagrun for example_subdag_operator.section-2 to None, run_after=None
[2022-10-20T08:42:53.626+0000] {logging_mixin.py:117} INFO - [2022-10-20T08:42:53.626+0000] {dag.py:2573} INFO - Sync 2 DAGs
[2022-10-20T08:42:53.639+0000] {logging_mixin.py:117} INFO - [2022-10-20T08:42:53.639+0000] {dag.py:3328} INFO - Setting next_dagrun for example_subdag_operator.section-1 to None, run_after=None
[2022-10-20T08:42:53.642+0000] {logging_mixin.py:117} INFO - [2022-10-20T08:42:53.642+0000] {dag.py:3328} INFO - Setting next_dagrun for example_subdag_operator.section-2 to None, run_after=None
[2022-10-20T08:42:53.659+0000] {processor.py:178} INFO - Processing /home/airflow/.local/lib/python3.7/site-packages/airflow/example_dags/example_subdag_operator.py took 0.381 seconds
[2022-10-20T08:44:56.154+0000] {processor.py:156} INFO - Started process (PID=61) to work on /home/airflow/.local/lib/python3.7/site-packages/airflow/example_dags/example_subdag_operator.py
[2022-10-20T08:44:56.167+0000] {processor.py:758} INFO - Processing file /home/airflow/.local/lib/python3.7/site-packages/airflow/example_dags/example_subdag_operator.py for tasks to queue
[2022-10-20T08:44:56.172+0000] {logging_mixin.py:117} INFO - [2022-10-20T08:44:56.172+0000] {dagbag.py:525} INFO - Filling up the DagBag from /home/airflow/.local/lib/python3.7/site-packages/airflow/example_dags/example_subdag_operator.py
[2022-10-20T08:44:56.236+0000] {processor.py:768} INFO - DAG(s) dict_keys(['example_subdag_operator.section-1', 'example_subdag_operator.section-2', 'example_subdag_operator']) retrieved from /home/airflow/.local/lib/python3.7/site-packages/airflow/example_dags/example_subdag_operator.py
[2022-10-20T08:44:56.329+0000] {logging_mixin.py:117} INFO - [2022-10-20T08:44:56.329+0000] {dag.py:2573} INFO - Sync 3 DAGs
[2022-10-20T08:44:56.450+0000] {logging_mixin.py:117} INFO - [2022-10-20T08:44:56.450+0000] {dag.py:3328} INFO - Setting next_dagrun for example_subdag_operator to 2022-01-01T00:00:00+00:00, run_after=2022-01-01T00:00:00+00:00
[2022-10-20T08:44:56.457+0000] {logging_mixin.py:117} INFO - [2022-10-20T08:44:56.457+0000] {dag.py:3328} INFO - Setting next_dagrun for example_subdag_operator.section-1 to None, run_after=None
[2022-10-20T08:44:56.467+0000] {logging_mixin.py:117} INFO - [2022-10-20T08:44:56.466+0000] {dag.py:3328} INFO - Setting next_dagrun for example_subdag_operator.section-2 to None, run_after=None
[2022-10-20T08:44:56.493+0000] {logging_mixin.py:117} INFO - [2022-10-20T08:44:56.493+0000] {dag.py:2573} INFO - Sync 2 DAGs
[2022-10-20T08:44:56.512+0000] {logging_mixin.py:117} INFO - [2022-10-20T08:44:56.512+0000] {dag.py:3328} INFO - Setting next_dagrun for example_subdag_operator.section-1 to None, run_after=None
[2022-10-20T08:44:56.515+0000] {logging_mixin.py:117} INFO - [2022-10-20T08:44:56.515+0000] {dag.py:3328} INFO - Setting next_dagrun for example_subdag_operator.section-2 to None, run_after=None
[2022-10-20T08:44:56.574+0000] {processor.py:178} INFO - Processing /home/airflow/.local/lib/python3.7/site-packages/airflow/example_dags/example_subdag_operator.py took 0.429 seconds
[2022-10-20T08:45:27.208+0000] {processor.py:156} INFO - Started process (PID=124) to work on /home/airflow/.local/lib/python3.7/site-packages/airflow/example_dags/example_subdag_operator.py
[2022-10-20T08:45:27.212+0000] {processor.py:758} INFO - Processing file /home/airflow/.local/lib/python3.7/site-packages/airflow/example_dags/example_subdag_operator.py for tasks to queue
[2022-10-20T08:45:27.213+0000] {logging_mixin.py:117} INFO - [2022-10-20T08:45:27.213+0000] {dagbag.py:525} INFO - Filling up the DagBag from /home/airflow/.local/lib/python3.7/site-packages/airflow/example_dags/example_subdag_operator.py
[2022-10-20T08:45:27.242+0000] {processor.py:768} INFO - DAG(s) dict_keys(['example_subdag_operator.section-1', 'example_subdag_operator.section-2', 'example_subdag_operator']) retrieved from /home/airflow/.local/lib/python3.7/site-packages/airflow/example_dags/example_subdag_operator.py
[2022-10-20T08:45:27.365+0000] {logging_mixin.py:117} INFO - [2022-10-20T08:45:27.365+0000] {dag.py:2573} INFO - Sync 3 DAGs
[2022-10-20T08:45:27.390+0000] {logging_mixin.py:117} INFO - [2022-10-20T08:45:27.390+0000] {dag.py:3328} INFO - Setting next_dagrun for example_subdag_operator to 2022-01-01T00:00:00+00:00, run_after=2022-01-01T00:00:00+00:00
[2022-10-20T08:45:27.399+0000] {logging_mixin.py:117} INFO - [2022-10-20T08:45:27.399+0000] {dag.py:3328} INFO - Setting next_dagrun for example_subdag_operator.section-1 to None, run_after=None
[2022-10-20T08:45:27.401+0000] {logging_mixin.py:117} INFO - [2022-10-20T08:45:27.401+0000] {dag.py:3328} INFO - Setting next_dagrun for example_subdag_operator.section-2 to None, run_after=None
[2022-10-20T08:45:27.408+0000] {logging_mixin.py:117} INFO - [2022-10-20T08:45:27.408+0000] {dag.py:2573} INFO - Sync 2 DAGs
[2022-10-20T08:45:27.413+0000] {logging_mixin.py:117} INFO - [2022-10-20T08:45:27.413+0000] {dag.py:3328} INFO - Setting next_dagrun for example_subdag_operator.section-1 to None, run_after=None
[2022-10-20T08:45:27.414+0000] {logging_mixin.py:117} INFO - [2022-10-20T08:45:27.414+0000] {dag.py:3328} INFO - Setting next_dagrun for example_subdag_operator.section-2 to None, run_after=None
[2022-10-20T08:45:27.425+0000] {processor.py:178} INFO - Processing /home/airflow/.local/lib/python3.7/site-packages/airflow/example_dags/example_subdag_operator.py took 0.221 seconds
[2022-10-20T08:45:58.239+0000] {processor.py:156} INFO - Started process (PID=188) to work on /home/airflow/.local/lib/python3.7/site-packages/airflow/example_dags/example_subdag_operator.py
[2022-10-20T08:45:58.242+0000] {processor.py:758} INFO - Processing file /home/airflow/.local/lib/python3.7/site-packages/airflow/example_dags/example_subdag_operator.py for tasks to queue
[2022-10-20T08:45:58.243+0000] {logging_mixin.py:117} INFO - [2022-10-20T08:45:58.243+0000] {dagbag.py:525} INFO - Filling up the DagBag from /home/airflow/.local/lib/python3.7/site-packages/airflow/example_dags/example_subdag_operator.py
[2022-10-20T08:45:58.275+0000] {processor.py:768} INFO - DAG(s) dict_keys(['example_subdag_operator.section-1', 'example_subdag_operator.section-2', 'example_subdag_operator']) retrieved from /home/airflow/.local/lib/python3.7/site-packages/airflow/example_dags/example_subdag_operator.py
[2022-10-20T08:45:58.404+0000] {logging_mixin.py:117} INFO - [2022-10-20T08:45:58.404+0000] {dag.py:2573} INFO - Sync 3 DAGs
[2022-10-20T08:45:58.427+0000] {logging_mixin.py:117} INFO - [2022-10-20T08:45:58.426+0000] {dag.py:3328} INFO - Setting next_dagrun for example_subdag_operator to 2022-01-01T00:00:00+00:00, run_after=2022-01-01T00:00:00+00:00
[2022-10-20T08:45:58.431+0000] {logging_mixin.py:117} INFO - [2022-10-20T08:45:58.431+0000] {dag.py:3328} INFO - Setting next_dagrun for example_subdag_operator.section-1 to None, run_after=None
[2022-10-20T08:45:58.435+0000] {logging_mixin.py:117} INFO - [2022-10-20T08:45:58.435+0000] {dag.py:3328} INFO - Setting next_dagrun for example_subdag_operator.section-2 to None, run_after=None
[2022-10-20T08:45:58.447+0000] {logging_mixin.py:117} INFO - [2022-10-20T08:45:58.447+0000] {dag.py:2573} INFO - Sync 2 DAGs
[2022-10-20T08:45:58.455+0000] {logging_mixin.py:117} INFO - [2022-10-20T08:45:58.455+0000] {dag.py:3328} INFO - Setting next_dagrun for example_subdag_operator.section-1 to None, run_after=None
[2022-10-20T08:45:58.456+0000] {logging_mixin.py:117} INFO - [2022-10-20T08:45:58.456+0000] {dag.py:3328} INFO - Setting next_dagrun for example_subdag_operator.section-2 to None, run_after=None
[2022-10-20T08:45:58.470+0000] {processor.py:178} INFO - Processing /home/airflow/.local/lib/python3.7/site-packages/airflow/example_dags/example_subdag_operator.py took 0.236 seconds
[2022-10-20T08:46:28.957+0000] {processor.py:156} INFO - Started process (PID=253) to work on /home/airflow/.local/lib/python3.7/site-packages/airflow/example_dags/example_subdag_operator.py
[2022-10-20T08:46:28.959+0000] {processor.py:758} INFO - Processing file /home/airflow/.local/lib/python3.7/site-packages/airflow/example_dags/example_subdag_operator.py for tasks to queue
[2022-10-20T08:46:28.960+0000] {logging_mixin.py:117} INFO - [2022-10-20T08:46:28.960+0000] {dagbag.py:525} INFO - Filling up the DagBag from /home/airflow/.local/lib/python3.7/site-packages/airflow/example_dags/example_subdag_operator.py
[2022-10-20T08:46:28.994+0000] {processor.py:768} INFO - DAG(s) dict_keys(['example_subdag_operator.section-1', 'example_subdag_operator.section-2', 'example_subdag_operator']) retrieved from /home/airflow/.local/lib/python3.7/site-packages/airflow/example_dags/example_subdag_operator.py
[2022-10-20T08:46:29.139+0000] {logging_mixin.py:117} INFO - [2022-10-20T08:46:29.138+0000] {dag.py:2573} INFO - Sync 3 DAGs
[2022-10-20T08:46:29.158+0000] {logging_mixin.py:117} INFO - [2022-10-20T08:46:29.158+0000] {dag.py:3328} INFO - Setting next_dagrun for example_subdag_operator to 2022-01-01T00:00:00+00:00, run_after=2022-01-01T00:00:00+00:00
[2022-10-20T08:46:29.163+0000] {logging_mixin.py:117} INFO - [2022-10-20T08:46:29.163+0000] {dag.py:3328} INFO - Setting next_dagrun for example_subdag_operator.section-1 to None, run_after=None
[2022-10-20T08:46:29.165+0000] {logging_mixin.py:117} INFO - [2022-10-20T08:46:29.165+0000] {dag.py:3328} INFO - Setting next_dagrun for example_subdag_operator.section-2 to None, run_after=None
[2022-10-20T08:46:29.175+0000] {logging_mixin.py:117} INFO - [2022-10-20T08:46:29.174+0000] {dag.py:2573} INFO - Sync 2 DAGs
[2022-10-20T08:46:29.181+0000] {logging_mixin.py:117} INFO - [2022-10-20T08:46:29.180+0000] {dag.py:3328} INFO - Setting next_dagrun for example_subdag_operator.section-1 to None, run_after=None
[2022-10-20T08:46:29.182+0000] {logging_mixin.py:117} INFO - [2022-10-20T08:46:29.182+0000] {dag.py:3328} INFO - Setting next_dagrun for example_subdag_operator.section-2 to None, run_after=None
[2022-10-20T08:46:29.191+0000] {processor.py:178} INFO - Processing /home/airflow/.local/lib/python3.7/site-packages/airflow/example_dags/example_subdag_operator.py took 0.237 seconds
[2022-10-20T08:46:59.311+0000] {processor.py:156} INFO - Started process (PID=316) to work on /home/airflow/.local/lib/python3.7/site-packages/airflow/example_dags/example_subdag_operator.py
[2022-10-20T08:46:59.313+0000] {processor.py:758} INFO - Processing file /home/airflow/.local/lib/python3.7/site-packages/airflow/example_dags/example_subdag_operator.py for tasks to queue
[2022-10-20T08:46:59.314+0000] {logging_mixin.py:117} INFO - [2022-10-20T08:46:59.314+0000] {dagbag.py:525} INFO - Filling up the DagBag from /home/airflow/.local/lib/python3.7/site-packages/airflow/example_dags/example_subdag_operator.py
[2022-10-20T08:46:59.345+0000] {processor.py:768} INFO - DAG(s) dict_keys(['example_subdag_operator.section-1', 'example_subdag_operator.section-2', 'example_subdag_operator']) retrieved from /home/airflow/.local/lib/python3.7/site-packages/airflow/example_dags/example_subdag_operator.py
[2022-10-20T08:46:59.488+0000] {logging_mixin.py:117} INFO - [2022-10-20T08:46:59.488+0000] {dag.py:2573} INFO - Sync 3 DAGs
[2022-10-20T08:46:59.513+0000] {logging_mixin.py:117} INFO - [2022-10-20T08:46:59.513+0000] {dag.py:3328} INFO - Setting next_dagrun for example_subdag_operator to 2022-01-01T00:00:00+00:00, run_after=2022-01-01T00:00:00+00:00
[2022-10-20T08:46:59.518+0000] {logging_mixin.py:117} INFO - [2022-10-20T08:46:59.518+0000] {dag.py:3328} INFO - Setting next_dagrun for example_subdag_operator.section-1 to None, run_after=None
[2022-10-20T08:46:59.520+0000] {logging_mixin.py:117} INFO - [2022-10-20T08:46:59.520+0000] {dag.py:3328} INFO - Setting next_dagrun for example_subdag_operator.section-2 to None, run_after=None
[2022-10-20T08:46:59.534+0000] {logging_mixin.py:117} INFO - [2022-10-20T08:46:59.534+0000] {dag.py:2573} INFO - Sync 2 DAGs
[2022-10-20T08:46:59.540+0000] {logging_mixin.py:117} INFO - [2022-10-20T08:46:59.540+0000] {dag.py:3328} INFO - Setting next_dagrun for example_subdag_operator.section-1 to None, run_after=None
[2022-10-20T08:46:59.542+0000] {logging_mixin.py:117} INFO - [2022-10-20T08:46:59.541+0000] {dag.py:3328} INFO - Setting next_dagrun for example_subdag_operator.section-2 to None, run_after=None
[2022-10-20T08:46:59.555+0000] {processor.py:178} INFO - Processing /home/airflow/.local/lib/python3.7/site-packages/airflow/example_dags/example_subdag_operator.py took 0.247 seconds
[2022-10-20T08:47:29.893+0000] {processor.py:156} INFO - Started process (PID=371) to work on /home/airflow/.local/lib/python3.7/site-packages/airflow/example_dags/example_subdag_operator.py
[2022-10-20T08:47:29.895+0000] {processor.py:758} INFO - Processing file /home/airflow/.local/lib/python3.7/site-packages/airflow/example_dags/example_subdag_operator.py for tasks to queue
[2022-10-20T08:47:29.896+0000] {logging_mixin.py:117} INFO - [2022-10-20T08:47:29.896+0000] {dagbag.py:525} INFO - Filling up the DagBag from /home/airflow/.local/lib/python3.7/site-packages/airflow/example_dags/example_subdag_operator.py
[2022-10-20T08:47:29.925+0000] {processor.py:768} INFO - DAG(s) dict_keys(['example_subdag_operator.section-1', 'example_subdag_operator.section-2', 'example_subdag_operator']) retrieved from /home/airflow/.local/lib/python3.7/site-packages/airflow/example_dags/example_subdag_operator.py
[2022-10-20T08:47:30.090+0000] {logging_mixin.py:117} INFO - [2022-10-20T08:47:30.090+0000] {dag.py:2573} INFO - Sync 3 DAGs
[2022-10-20T08:47:30.113+0000] {logging_mixin.py:117} INFO - [2022-10-20T08:47:30.113+0000] {dag.py:3328} INFO - Setting next_dagrun for example_subdag_operator to 2022-01-01T00:00:00+00:00, run_after=2022-01-01T00:00:00+00:00
[2022-10-20T08:47:30.124+0000] {logging_mixin.py:117} INFO - [2022-10-20T08:47:30.124+0000] {dag.py:3328} INFO - Setting next_dagrun for example_subdag_operator.section-1 to None, run_after=None
[2022-10-20T08:47:30.127+0000] {logging_mixin.py:117} INFO - [2022-10-20T08:47:30.127+0000] {dag.py:3328} INFO - Setting next_dagrun for example_subdag_operator.section-2 to None, run_after=None
[2022-10-20T08:47:30.141+0000] {logging_mixin.py:117} INFO - [2022-10-20T08:47:30.141+0000] {dag.py:2573} INFO - Sync 2 DAGs
[2022-10-20T08:47:30.148+0000] {logging_mixin.py:117} INFO - [2022-10-20T08:47:30.148+0000] {dag.py:3328} INFO - Setting next_dagrun for example_subdag_operator.section-1 to None, run_after=None
[2022-10-20T08:47:30.151+0000] {logging_mixin.py:117} INFO - [2022-10-20T08:47:30.150+0000] {dag.py:3328} INFO - Setting next_dagrun for example_subdag_operator.section-2 to None, run_after=None
[2022-10-20T08:47:30.172+0000] {processor.py:178} INFO - Processing /home/airflow/.local/lib/python3.7/site-packages/airflow/example_dags/example_subdag_operator.py took 0.281 seconds
