[2022-10-20T08:38:59.258+0000] {processor.py:156} INFO - Started process (PID=48) to work on /home/airflow/.local/lib/python3.7/site-packages/airflow/example_dags/example_branch_operator.py
[2022-10-20T08:38:59.272+0000] {processor.py:758} INFO - Processing file /home/airflow/.local/lib/python3.7/site-packages/airflow/example_dags/example_branch_operator.py for tasks to queue
[2022-10-20T08:38:59.275+0000] {logging_mixin.py:117} INFO - [2022-10-20T08:38:59.274+0000] {dagbag.py:525} INFO - Filling up the DagBag from /home/airflow/.local/lib/python3.7/site-packages/airflow/example_dags/example_branch_operator.py
[2022-10-20T08:38:59.307+0000] {processor.py:768} INFO - DAG(s) dict_keys(['example_branch_operator']) retrieved from /home/airflow/.local/lib/python3.7/site-packages/airflow/example_dags/example_branch_operator.py
[2022-10-20T08:38:59.347+0000] {logging_mixin.py:117} INFO - [2022-10-20T08:38:59.347+0000] {dag.py:2573} INFO - Sync 1 DAGs
[2022-10-20T08:38:59.377+0000] {logging_mixin.py:117} INFO - [2022-10-20T08:38:59.377+0000] {dag.py:3328} INFO - Setting next_dagrun for example_branch_operator to 2022-10-19T00:00:00+00:00, run_after=2022-10-20T00:00:00+00:00
[2022-10-20T08:38:59.428+0000] {processor.py:178} INFO - Processing /home/airflow/.local/lib/python3.7/site-packages/airflow/example_dags/example_branch_operator.py took 0.178 seconds
[2022-10-20T08:42:49.721+0000] {processor.py:156} INFO - Started process (PID=47) to work on /home/airflow/.local/lib/python3.7/site-packages/airflow/example_dags/example_branch_operator.py
[2022-10-20T08:42:49.725+0000] {processor.py:758} INFO - Processing file /home/airflow/.local/lib/python3.7/site-packages/airflow/example_dags/example_branch_operator.py for tasks to queue
[2022-10-20T08:42:49.728+0000] {logging_mixin.py:117} INFO - [2022-10-20T08:42:49.728+0000] {dagbag.py:525} INFO - Filling up the DagBag from /home/airflow/.local/lib/python3.7/site-packages/airflow/example_dags/example_branch_operator.py
[2022-10-20T08:42:49.746+0000] {processor.py:768} INFO - DAG(s) dict_keys(['example_branch_operator']) retrieved from /home/airflow/.local/lib/python3.7/site-packages/airflow/example_dags/example_branch_operator.py
[2022-10-20T08:42:49.790+0000] {logging_mixin.py:117} INFO - [2022-10-20T08:42:49.790+0000] {dag.py:2573} INFO - Sync 1 DAGs
[2022-10-20T08:42:49.925+0000] {logging_mixin.py:117} INFO - [2022-10-20T08:42:49.925+0000] {dag.py:3328} INFO - Setting next_dagrun for example_branch_operator to 2022-10-19T00:00:00+00:00, run_after=2022-10-20T00:00:00+00:00
[2022-10-20T08:42:49.957+0000] {processor.py:178} INFO - Processing /home/airflow/.local/lib/python3.7/site-packages/airflow/example_dags/example_branch_operator.py took 0.238 seconds
[2022-10-20T08:44:54.647+0000] {processor.py:156} INFO - Started process (PID=47) to work on /home/airflow/.local/lib/python3.7/site-packages/airflow/example_dags/example_branch_operator.py
[2022-10-20T08:44:54.650+0000] {processor.py:758} INFO - Processing file /home/airflow/.local/lib/python3.7/site-packages/airflow/example_dags/example_branch_operator.py for tasks to queue
[2022-10-20T08:44:54.652+0000] {logging_mixin.py:117} INFO - [2022-10-20T08:44:54.652+0000] {dagbag.py:525} INFO - Filling up the DagBag from /home/airflow/.local/lib/python3.7/site-packages/airflow/example_dags/example_branch_operator.py
[2022-10-20T08:44:54.674+0000] {processor.py:768} INFO - DAG(s) dict_keys(['example_branch_operator']) retrieved from /home/airflow/.local/lib/python3.7/site-packages/airflow/example_dags/example_branch_operator.py
[2022-10-20T08:44:54.698+0000] {logging_mixin.py:117} INFO - [2022-10-20T08:44:54.698+0000] {dag.py:2573} INFO - Sync 1 DAGs
[2022-10-20T08:44:54.734+0000] {logging_mixin.py:117} INFO - [2022-10-20T08:44:54.734+0000] {dag.py:3328} INFO - Setting next_dagrun for example_branch_operator to 2022-10-19T00:00:00+00:00, run_after=2022-10-20T00:00:00+00:00
[2022-10-20T08:44:54.772+0000] {processor.py:178} INFO - Processing /home/airflow/.local/lib/python3.7/site-packages/airflow/example_dags/example_branch_operator.py took 0.128 seconds
[2022-10-20T08:45:24.875+0000] {processor.py:156} INFO - Started process (PID=110) to work on /home/airflow/.local/lib/python3.7/site-packages/airflow/example_dags/example_branch_operator.py
[2022-10-20T08:45:24.877+0000] {processor.py:758} INFO - Processing file /home/airflow/.local/lib/python3.7/site-packages/airflow/example_dags/example_branch_operator.py for tasks to queue
[2022-10-20T08:45:24.879+0000] {logging_mixin.py:117} INFO - [2022-10-20T08:45:24.879+0000] {dagbag.py:525} INFO - Filling up the DagBag from /home/airflow/.local/lib/python3.7/site-packages/airflow/example_dags/example_branch_operator.py
[2022-10-20T08:45:24.893+0000] {processor.py:768} INFO - DAG(s) dict_keys(['example_branch_operator']) retrieved from /home/airflow/.local/lib/python3.7/site-packages/airflow/example_dags/example_branch_operator.py
[2022-10-20T08:45:24.927+0000] {logging_mixin.py:117} INFO - [2022-10-20T08:45:24.926+0000] {dag.py:2573} INFO - Sync 1 DAGs
[2022-10-20T08:45:24.947+0000] {logging_mixin.py:117} INFO - [2022-10-20T08:45:24.947+0000] {dag.py:3328} INFO - Setting next_dagrun for example_branch_operator to 2022-10-19T00:00:00+00:00, run_after=2022-10-20T00:00:00+00:00
[2022-10-20T08:45:24.963+0000] {processor.py:178} INFO - Processing /home/airflow/.local/lib/python3.7/site-packages/airflow/example_dags/example_branch_operator.py took 0.093 seconds
[2022-10-20T08:45:55.175+0000] {processor.py:156} INFO - Started process (PID=174) to work on /home/airflow/.local/lib/python3.7/site-packages/airflow/example_dags/example_branch_operator.py
[2022-10-20T08:45:55.177+0000] {processor.py:758} INFO - Processing file /home/airflow/.local/lib/python3.7/site-packages/airflow/example_dags/example_branch_operator.py for tasks to queue
[2022-10-20T08:45:55.178+0000] {logging_mixin.py:117} INFO - [2022-10-20T08:45:55.178+0000] {dagbag.py:525} INFO - Filling up the DagBag from /home/airflow/.local/lib/python3.7/site-packages/airflow/example_dags/example_branch_operator.py
[2022-10-20T08:45:55.195+0000] {processor.py:768} INFO - DAG(s) dict_keys(['example_branch_operator']) retrieved from /home/airflow/.local/lib/python3.7/site-packages/airflow/example_dags/example_branch_operator.py
[2022-10-20T08:45:55.235+0000] {logging_mixin.py:117} INFO - [2022-10-20T08:45:55.235+0000] {dag.py:2573} INFO - Sync 1 DAGs
[2022-10-20T08:45:55.255+0000] {logging_mixin.py:117} INFO - [2022-10-20T08:45:55.255+0000] {dag.py:3328} INFO - Setting next_dagrun for example_branch_operator to 2022-10-19T00:00:00+00:00, run_after=2022-10-20T00:00:00+00:00
[2022-10-20T08:45:55.273+0000] {processor.py:178} INFO - Processing /home/airflow/.local/lib/python3.7/site-packages/airflow/example_dags/example_branch_operator.py took 0.101 seconds
[2022-10-20T08:46:26.063+0000] {processor.py:156} INFO - Started process (PID=239) to work on /home/airflow/.local/lib/python3.7/site-packages/airflow/example_dags/example_branch_operator.py
[2022-10-20T08:46:26.065+0000] {processor.py:758} INFO - Processing file /home/airflow/.local/lib/python3.7/site-packages/airflow/example_dags/example_branch_operator.py for tasks to queue
[2022-10-20T08:46:26.067+0000] {logging_mixin.py:117} INFO - [2022-10-20T08:46:26.067+0000] {dagbag.py:525} INFO - Filling up the DagBag from /home/airflow/.local/lib/python3.7/site-packages/airflow/example_dags/example_branch_operator.py
[2022-10-20T08:46:26.086+0000] {processor.py:768} INFO - DAG(s) dict_keys(['example_branch_operator']) retrieved from /home/airflow/.local/lib/python3.7/site-packages/airflow/example_dags/example_branch_operator.py
[2022-10-20T08:46:26.127+0000] {logging_mixin.py:117} INFO - [2022-10-20T08:46:26.127+0000] {dag.py:2573} INFO - Sync 1 DAGs
[2022-10-20T08:46:26.151+0000] {logging_mixin.py:117} INFO - [2022-10-20T08:46:26.151+0000] {dag.py:3328} INFO - Setting next_dagrun for example_branch_operator to 2022-10-19T00:00:00+00:00, run_after=2022-10-20T00:00:00+00:00
[2022-10-20T08:46:26.167+0000] {processor.py:178} INFO - Processing /home/airflow/.local/lib/python3.7/site-packages/airflow/example_dags/example_branch_operator.py took 0.106 seconds
[2022-10-20T08:46:57.065+0000] {processor.py:156} INFO - Started process (PID=293) to work on /home/airflow/.local/lib/python3.7/site-packages/airflow/example_dags/example_branch_operator.py
[2022-10-20T08:46:57.067+0000] {processor.py:758} INFO - Processing file /home/airflow/.local/lib/python3.7/site-packages/airflow/example_dags/example_branch_operator.py for tasks to queue
[2022-10-20T08:46:57.071+0000] {logging_mixin.py:117} INFO - [2022-10-20T08:46:57.071+0000] {dagbag.py:525} INFO - Filling up the DagBag from /home/airflow/.local/lib/python3.7/site-packages/airflow/example_dags/example_branch_operator.py
[2022-10-20T08:46:57.096+0000] {processor.py:768} INFO - DAG(s) dict_keys(['example_branch_operator']) retrieved from /home/airflow/.local/lib/python3.7/site-packages/airflow/example_dags/example_branch_operator.py
[2022-10-20T08:46:57.151+0000] {logging_mixin.py:117} INFO - [2022-10-20T08:46:57.151+0000] {dag.py:2573} INFO - Sync 1 DAGs
[2022-10-20T08:46:57.177+0000] {logging_mixin.py:117} INFO - [2022-10-20T08:46:57.176+0000] {dag.py:3328} INFO - Setting next_dagrun for example_branch_operator to 2022-10-19T00:00:00+00:00, run_after=2022-10-20T00:00:00+00:00
[2022-10-20T08:46:57.199+0000] {processor.py:178} INFO - Processing /home/airflow/.local/lib/python3.7/site-packages/airflow/example_dags/example_branch_operator.py took 0.137 seconds
[2022-10-20T08:47:28.010+0000] {processor.py:156} INFO - Started process (PID=357) to work on /home/airflow/.local/lib/python3.7/site-packages/airflow/example_dags/example_branch_operator.py
[2022-10-20T08:47:28.012+0000] {processor.py:758} INFO - Processing file /home/airflow/.local/lib/python3.7/site-packages/airflow/example_dags/example_branch_operator.py for tasks to queue
[2022-10-20T08:47:28.013+0000] {logging_mixin.py:117} INFO - [2022-10-20T08:47:28.013+0000] {dagbag.py:525} INFO - Filling up the DagBag from /home/airflow/.local/lib/python3.7/site-packages/airflow/example_dags/example_branch_operator.py
[2022-10-20T08:47:28.027+0000] {processor.py:768} INFO - DAG(s) dict_keys(['example_branch_operator']) retrieved from /home/airflow/.local/lib/python3.7/site-packages/airflow/example_dags/example_branch_operator.py
[2022-10-20T08:47:28.064+0000] {logging_mixin.py:117} INFO - [2022-10-20T08:47:28.063+0000] {dag.py:2573} INFO - Sync 1 DAGs
[2022-10-20T08:47:28.083+0000] {logging_mixin.py:117} INFO - [2022-10-20T08:47:28.083+0000] {dag.py:3328} INFO - Setting next_dagrun for example_branch_operator to 2022-10-19T00:00:00+00:00, run_after=2022-10-20T00:00:00+00:00
[2022-10-20T08:47:28.099+0000] {processor.py:178} INFO - Processing /home/airflow/.local/lib/python3.7/site-packages/airflow/example_dags/example_branch_operator.py took 0.091 seconds
