[2022-10-20T08:38:59.637+0000] {processor.py:156} INFO - Started process (PID=51) to work on /home/airflow/.local/lib/python3.7/site-packages/airflow/example_dags/example_complex.py
[2022-10-20T08:38:59.641+0000] {processor.py:758} INFO - Processing file /home/airflow/.local/lib/python3.7/site-packages/airflow/example_dags/example_complex.py for tasks to queue
[2022-10-20T08:38:59.653+0000] {logging_mixin.py:117} INFO - [2022-10-20T08:38:59.653+0000] {dagbag.py:525} INFO - Filling up the DagBag from /home/airflow/.local/lib/python3.7/site-packages/airflow/example_dags/example_complex.py
[2022-10-20T08:38:59.689+0000] {processor.py:768} INFO - DAG(s) dict_keys(['example_complex']) retrieved from /home/airflow/.local/lib/python3.7/site-packages/airflow/example_dags/example_complex.py
[2022-10-20T08:38:59.762+0000] {logging_mixin.py:117} INFO - [2022-10-20T08:38:59.762+0000] {dag.py:2573} INFO - Sync 1 DAGs
[2022-10-20T08:38:59.838+0000] {logging_mixin.py:117} INFO - [2022-10-20T08:38:59.838+0000] {dag.py:3328} INFO - Setting next_dagrun for example_complex to None, run_after=None
[2022-10-20T08:38:59.863+0000] {processor.py:178} INFO - Processing /home/airflow/.local/lib/python3.7/site-packages/airflow/example_dags/example_complex.py took 0.235 seconds
[2022-10-20T08:42:50.139+0000] {processor.py:156} INFO - Started process (PID=50) to work on /home/airflow/.local/lib/python3.7/site-packages/airflow/example_dags/example_complex.py
[2022-10-20T08:42:50.142+0000] {processor.py:758} INFO - Processing file /home/airflow/.local/lib/python3.7/site-packages/airflow/example_dags/example_complex.py for tasks to queue
[2022-10-20T08:42:50.143+0000] {logging_mixin.py:117} INFO - [2022-10-20T08:42:50.143+0000] {dagbag.py:525} INFO - Filling up the DagBag from /home/airflow/.local/lib/python3.7/site-packages/airflow/example_dags/example_complex.py
[2022-10-20T08:42:50.181+0000] {processor.py:768} INFO - DAG(s) dict_keys(['example_complex']) retrieved from /home/airflow/.local/lib/python3.7/site-packages/airflow/example_dags/example_complex.py
[2022-10-20T08:42:50.272+0000] {logging_mixin.py:117} INFO - [2022-10-20T08:42:50.271+0000] {dag.py:2573} INFO - Sync 1 DAGs
[2022-10-20T08:42:50.637+0000] {logging_mixin.py:117} INFO - [2022-10-20T08:42:50.637+0000] {dag.py:3328} INFO - Setting next_dagrun for example_complex to None, run_after=None
[2022-10-20T08:42:50.687+0000] {processor.py:178} INFO - Processing /home/airflow/.local/lib/python3.7/site-packages/airflow/example_dags/example_complex.py took 0.550 seconds
[2022-10-20T08:44:54.887+0000] {processor.py:156} INFO - Started process (PID=50) to work on /home/airflow/.local/lib/python3.7/site-packages/airflow/example_dags/example_complex.py
[2022-10-20T08:44:54.890+0000] {processor.py:758} INFO - Processing file /home/airflow/.local/lib/python3.7/site-packages/airflow/example_dags/example_complex.py for tasks to queue
[2022-10-20T08:44:54.892+0000] {logging_mixin.py:117} INFO - [2022-10-20T08:44:54.891+0000] {dagbag.py:525} INFO - Filling up the DagBag from /home/airflow/.local/lib/python3.7/site-packages/airflow/example_dags/example_complex.py
[2022-10-20T08:44:54.929+0000] {processor.py:768} INFO - DAG(s) dict_keys(['example_complex']) retrieved from /home/airflow/.local/lib/python3.7/site-packages/airflow/example_dags/example_complex.py
[2022-10-20T08:44:54.963+0000] {logging_mixin.py:117} INFO - [2022-10-20T08:44:54.963+0000] {dag.py:2573} INFO - Sync 1 DAGs
[2022-10-20T08:44:54.991+0000] {logging_mixin.py:117} INFO - [2022-10-20T08:44:54.991+0000] {dag.py:3328} INFO - Setting next_dagrun for example_complex to None, run_after=None
[2022-10-20T08:44:55.009+0000] {processor.py:178} INFO - Processing /home/airflow/.local/lib/python3.7/site-packages/airflow/example_dags/example_complex.py took 0.141 seconds
[2022-10-20T08:45:25.091+0000] {processor.py:156} INFO - Started process (PID=113) to work on /home/airflow/.local/lib/python3.7/site-packages/airflow/example_dags/example_complex.py
[2022-10-20T08:45:25.093+0000] {processor.py:758} INFO - Processing file /home/airflow/.local/lib/python3.7/site-packages/airflow/example_dags/example_complex.py for tasks to queue
[2022-10-20T08:45:25.095+0000] {logging_mixin.py:117} INFO - [2022-10-20T08:45:25.095+0000] {dagbag.py:525} INFO - Filling up the DagBag from /home/airflow/.local/lib/python3.7/site-packages/airflow/example_dags/example_complex.py
[2022-10-20T08:45:25.110+0000] {processor.py:768} INFO - DAG(s) dict_keys(['example_complex']) retrieved from /home/airflow/.local/lib/python3.7/site-packages/airflow/example_dags/example_complex.py
[2022-10-20T08:45:25.145+0000] {logging_mixin.py:117} INFO - [2022-10-20T08:45:25.145+0000] {dag.py:2573} INFO - Sync 1 DAGs
[2022-10-20T08:45:25.164+0000] {logging_mixin.py:117} INFO - [2022-10-20T08:45:25.164+0000] {dag.py:3328} INFO - Setting next_dagrun for example_complex to None, run_after=None
[2022-10-20T08:45:25.177+0000] {processor.py:178} INFO - Processing /home/airflow/.local/lib/python3.7/site-packages/airflow/example_dags/example_complex.py took 0.088 seconds
[2022-10-20T08:45:55.355+0000] {processor.py:156} INFO - Started process (PID=177) to work on /home/airflow/.local/lib/python3.7/site-packages/airflow/example_dags/example_complex.py
[2022-10-20T08:45:55.357+0000] {processor.py:758} INFO - Processing file /home/airflow/.local/lib/python3.7/site-packages/airflow/example_dags/example_complex.py for tasks to queue
[2022-10-20T08:45:55.358+0000] {logging_mixin.py:117} INFO - [2022-10-20T08:45:55.358+0000] {dagbag.py:525} INFO - Filling up the DagBag from /home/airflow/.local/lib/python3.7/site-packages/airflow/example_dags/example_complex.py
[2022-10-20T08:45:55.375+0000] {processor.py:768} INFO - DAG(s) dict_keys(['example_complex']) retrieved from /home/airflow/.local/lib/python3.7/site-packages/airflow/example_dags/example_complex.py
[2022-10-20T08:45:55.414+0000] {logging_mixin.py:117} INFO - [2022-10-20T08:45:55.414+0000] {dag.py:2573} INFO - Sync 1 DAGs
[2022-10-20T08:45:55.439+0000] {logging_mixin.py:117} INFO - [2022-10-20T08:45:55.439+0000] {dag.py:3328} INFO - Setting next_dagrun for example_complex to None, run_after=None
[2022-10-20T08:45:55.456+0000] {processor.py:178} INFO - Processing /home/airflow/.local/lib/python3.7/site-packages/airflow/example_dags/example_complex.py took 0.103 seconds
[2022-10-20T08:46:26.246+0000] {processor.py:156} INFO - Started process (PID=242) to work on /home/airflow/.local/lib/python3.7/site-packages/airflow/example_dags/example_complex.py
[2022-10-20T08:46:26.248+0000] {processor.py:758} INFO - Processing file /home/airflow/.local/lib/python3.7/site-packages/airflow/example_dags/example_complex.py for tasks to queue
[2022-10-20T08:46:26.250+0000] {logging_mixin.py:117} INFO - [2022-10-20T08:46:26.250+0000] {dagbag.py:525} INFO - Filling up the DagBag from /home/airflow/.local/lib/python3.7/site-packages/airflow/example_dags/example_complex.py
[2022-10-20T08:46:26.268+0000] {processor.py:768} INFO - DAG(s) dict_keys(['example_complex']) retrieved from /home/airflow/.local/lib/python3.7/site-packages/airflow/example_dags/example_complex.py
[2022-10-20T08:46:26.310+0000] {logging_mixin.py:117} INFO - [2022-10-20T08:46:26.310+0000] {dag.py:2573} INFO - Sync 1 DAGs
[2022-10-20T08:46:26.331+0000] {logging_mixin.py:117} INFO - [2022-10-20T08:46:26.331+0000] {dag.py:3328} INFO - Setting next_dagrun for example_complex to None, run_after=None
[2022-10-20T08:46:26.348+0000] {processor.py:178} INFO - Processing /home/airflow/.local/lib/python3.7/site-packages/airflow/example_dags/example_complex.py took 0.105 seconds
[2022-10-20T08:46:57.317+0000] {processor.py:156} INFO - Started process (PID=303) to work on /home/airflow/.local/lib/python3.7/site-packages/airflow/example_dags/example_complex.py
[2022-10-20T08:46:57.319+0000] {processor.py:758} INFO - Processing file /home/airflow/.local/lib/python3.7/site-packages/airflow/example_dags/example_complex.py for tasks to queue
[2022-10-20T08:46:57.321+0000] {logging_mixin.py:117} INFO - [2022-10-20T08:46:57.321+0000] {dagbag.py:525} INFO - Filling up the DagBag from /home/airflow/.local/lib/python3.7/site-packages/airflow/example_dags/example_complex.py
[2022-10-20T08:46:57.340+0000] {processor.py:768} INFO - DAG(s) dict_keys(['example_complex']) retrieved from /home/airflow/.local/lib/python3.7/site-packages/airflow/example_dags/example_complex.py
[2022-10-20T08:46:57.388+0000] {logging_mixin.py:117} INFO - [2022-10-20T08:46:57.388+0000] {dag.py:2573} INFO - Sync 1 DAGs
[2022-10-20T08:46:57.417+0000] {logging_mixin.py:117} INFO - [2022-10-20T08:46:57.417+0000] {dag.py:3328} INFO - Setting next_dagrun for example_complex to None, run_after=None
[2022-10-20T08:46:57.437+0000] {processor.py:178} INFO - Processing /home/airflow/.local/lib/python3.7/site-packages/airflow/example_dags/example_complex.py took 0.123 seconds
[2022-10-20T08:47:28.194+0000] {processor.py:156} INFO - Started process (PID=360) to work on /home/airflow/.local/lib/python3.7/site-packages/airflow/example_dags/example_complex.py
[2022-10-20T08:47:28.196+0000] {processor.py:758} INFO - Processing file /home/airflow/.local/lib/python3.7/site-packages/airflow/example_dags/example_complex.py for tasks to queue
[2022-10-20T08:47:28.197+0000] {logging_mixin.py:117} INFO - [2022-10-20T08:47:28.197+0000] {dagbag.py:525} INFO - Filling up the DagBag from /home/airflow/.local/lib/python3.7/site-packages/airflow/example_dags/example_complex.py
[2022-10-20T08:47:28.214+0000] {processor.py:768} INFO - DAG(s) dict_keys(['example_complex']) retrieved from /home/airflow/.local/lib/python3.7/site-packages/airflow/example_dags/example_complex.py
[2022-10-20T08:47:28.255+0000] {logging_mixin.py:117} INFO - [2022-10-20T08:47:28.255+0000] {dag.py:2573} INFO - Sync 1 DAGs
[2022-10-20T08:47:28.274+0000] {logging_mixin.py:117} INFO - [2022-10-20T08:47:28.274+0000] {dag.py:3328} INFO - Setting next_dagrun for example_complex to None, run_after=None
[2022-10-20T08:47:28.290+0000] {processor.py:178} INFO - Processing /home/airflow/.local/lib/python3.7/site-packages/airflow/example_dags/example_complex.py took 0.098 seconds
