[2022-10-20T08:38:58.396+0000] {processor.py:156} INFO - Started process (PID=39) to work on /home/airflow/.local/lib/python3.7/site-packages/airflow/example_dags/example_task_group.py
[2022-10-20T08:38:58.397+0000] {processor.py:758} INFO - Processing file /home/airflow/.local/lib/python3.7/site-packages/airflow/example_dags/example_task_group.py for tasks to queue
[2022-10-20T08:38:58.399+0000] {logging_mixin.py:117} INFO - [2022-10-20T08:38:58.399+0000] {dagbag.py:525} INFO - Filling up the DagBag from /home/airflow/.local/lib/python3.7/site-packages/airflow/example_dags/example_task_group.py
[2022-10-20T08:38:58.417+0000] {processor.py:768} INFO - DAG(s) dict_keys(['example_task_group']) retrieved from /home/airflow/.local/lib/python3.7/site-packages/airflow/example_dags/example_task_group.py
[2022-10-20T08:38:58.450+0000] {logging_mixin.py:117} INFO - [2022-10-20T08:38:58.450+0000] {dag.py:2573} INFO - Sync 1 DAGs
[2022-10-20T08:38:58.483+0000] {logging_mixin.py:117} INFO - [2022-10-20T08:38:58.483+0000] {dag.py:3328} INFO - Setting next_dagrun for example_task_group to 2022-10-19T08:38:58.482911+00:00, run_after=2022-10-20T08:38:58.482911+00:00
[2022-10-20T08:38:58.505+0000] {processor.py:178} INFO - Processing /home/airflow/.local/lib/python3.7/site-packages/airflow/example_dags/example_task_group.py took 0.112 seconds
[2022-10-20T08:42:47.590+0000] {processor.py:156} INFO - Started process (PID=38) to work on /home/airflow/.local/lib/python3.7/site-packages/airflow/example_dags/example_task_group.py
[2022-10-20T08:42:47.593+0000] {processor.py:758} INFO - Processing file /home/airflow/.local/lib/python3.7/site-packages/airflow/example_dags/example_task_group.py for tasks to queue
[2022-10-20T08:42:47.596+0000] {logging_mixin.py:117} INFO - [2022-10-20T08:42:47.596+0000] {dagbag.py:525} INFO - Filling up the DagBag from /home/airflow/.local/lib/python3.7/site-packages/airflow/example_dags/example_task_group.py
[2022-10-20T08:42:47.618+0000] {processor.py:768} INFO - DAG(s) dict_keys(['example_task_group']) retrieved from /home/airflow/.local/lib/python3.7/site-packages/airflow/example_dags/example_task_group.py
[2022-10-20T08:42:47.653+0000] {logging_mixin.py:117} INFO - [2022-10-20T08:42:47.653+0000] {dag.py:2573} INFO - Sync 1 DAGs
[2022-10-20T08:42:47.920+0000] {logging_mixin.py:117} INFO - [2022-10-20T08:42:47.920+0000] {dag.py:3328} INFO - Setting next_dagrun for example_task_group to 2022-10-19T08:42:47.919993+00:00, run_after=2022-10-20T08:42:47.919993+00:00
[2022-10-20T08:42:47.943+0000] {processor.py:178} INFO - Processing /home/airflow/.local/lib/python3.7/site-packages/airflow/example_dags/example_task_group.py took 0.358 seconds
[2022-10-20T08:44:53.773+0000] {processor.py:156} INFO - Started process (PID=38) to work on /home/airflow/.local/lib/python3.7/site-packages/airflow/example_dags/example_task_group.py
[2022-10-20T08:44:53.774+0000] {processor.py:758} INFO - Processing file /home/airflow/.local/lib/python3.7/site-packages/airflow/example_dags/example_task_group.py for tasks to queue
[2022-10-20T08:44:53.776+0000] {logging_mixin.py:117} INFO - [2022-10-20T08:44:53.775+0000] {dagbag.py:525} INFO - Filling up the DagBag from /home/airflow/.local/lib/python3.7/site-packages/airflow/example_dags/example_task_group.py
[2022-10-20T08:44:53.793+0000] {processor.py:768} INFO - DAG(s) dict_keys(['example_task_group']) retrieved from /home/airflow/.local/lib/python3.7/site-packages/airflow/example_dags/example_task_group.py
[2022-10-20T08:44:53.817+0000] {logging_mixin.py:117} INFO - [2022-10-20T08:44:53.816+0000] {dag.py:2573} INFO - Sync 1 DAGs
[2022-10-20T08:44:53.843+0000] {logging_mixin.py:117} INFO - [2022-10-20T08:44:53.843+0000] {dag.py:3328} INFO - Setting next_dagrun for example_task_group to 2022-10-19T08:44:53.843279+00:00, run_after=2022-10-20T08:44:53.843279+00:00
[2022-10-20T08:44:53.867+0000] {processor.py:178} INFO - Processing /home/airflow/.local/lib/python3.7/site-packages/airflow/example_dags/example_task_group.py took 0.097 seconds
[2022-10-20T08:45:24.188+0000] {processor.py:156} INFO - Started process (PID=101) to work on /home/airflow/.local/lib/python3.7/site-packages/airflow/example_dags/example_task_group.py
[2022-10-20T08:45:24.191+0000] {processor.py:758} INFO - Processing file /home/airflow/.local/lib/python3.7/site-packages/airflow/example_dags/example_task_group.py for tasks to queue
[2022-10-20T08:45:24.192+0000] {logging_mixin.py:117} INFO - [2022-10-20T08:45:24.192+0000] {dagbag.py:525} INFO - Filling up the DagBag from /home/airflow/.local/lib/python3.7/site-packages/airflow/example_dags/example_task_group.py
[2022-10-20T08:45:24.205+0000] {processor.py:768} INFO - DAG(s) dict_keys(['example_task_group']) retrieved from /home/airflow/.local/lib/python3.7/site-packages/airflow/example_dags/example_task_group.py
[2022-10-20T08:45:24.238+0000] {logging_mixin.py:117} INFO - [2022-10-20T08:45:24.238+0000] {dag.py:2573} INFO - Sync 1 DAGs
[2022-10-20T08:45:24.258+0000] {logging_mixin.py:117} INFO - [2022-10-20T08:45:24.258+0000] {dag.py:3328} INFO - Setting next_dagrun for example_task_group to 2022-10-19T08:45:24.258308+00:00, run_after=2022-10-20T08:45:24.258308+00:00
[2022-10-20T08:45:24.274+0000] {processor.py:178} INFO - Processing /home/airflow/.local/lib/python3.7/site-packages/airflow/example_dags/example_task_group.py took 0.088 seconds
[2022-10-20T08:45:54.504+0000] {processor.py:156} INFO - Started process (PID=165) to work on /home/airflow/.local/lib/python3.7/site-packages/airflow/example_dags/example_task_group.py
[2022-10-20T08:45:54.506+0000] {processor.py:758} INFO - Processing file /home/airflow/.local/lib/python3.7/site-packages/airflow/example_dags/example_task_group.py for tasks to queue
[2022-10-20T08:45:54.507+0000] {logging_mixin.py:117} INFO - [2022-10-20T08:45:54.507+0000] {dagbag.py:525} INFO - Filling up the DagBag from /home/airflow/.local/lib/python3.7/site-packages/airflow/example_dags/example_task_group.py
[2022-10-20T08:45:54.523+0000] {processor.py:768} INFO - DAG(s) dict_keys(['example_task_group']) retrieved from /home/airflow/.local/lib/python3.7/site-packages/airflow/example_dags/example_task_group.py
[2022-10-20T08:45:54.557+0000] {logging_mixin.py:117} INFO - [2022-10-20T08:45:54.557+0000] {dag.py:2573} INFO - Sync 1 DAGs
[2022-10-20T08:45:54.588+0000] {logging_mixin.py:117} INFO - [2022-10-20T08:45:54.587+0000] {dag.py:3328} INFO - Setting next_dagrun for example_task_group to 2022-10-19T08:45:54.587321+00:00, run_after=2022-10-20T08:45:54.587321+00:00
[2022-10-20T08:45:54.609+0000] {processor.py:178} INFO - Processing /home/airflow/.local/lib/python3.7/site-packages/airflow/example_dags/example_task_group.py took 0.107 seconds
[2022-10-20T08:46:25.457+0000] {processor.py:156} INFO - Started process (PID=230) to work on /home/airflow/.local/lib/python3.7/site-packages/airflow/example_dags/example_task_group.py
[2022-10-20T08:46:25.459+0000] {processor.py:758} INFO - Processing file /home/airflow/.local/lib/python3.7/site-packages/airflow/example_dags/example_task_group.py for tasks to queue
[2022-10-20T08:46:25.461+0000] {logging_mixin.py:117} INFO - [2022-10-20T08:46:25.461+0000] {dagbag.py:525} INFO - Filling up the DagBag from /home/airflow/.local/lib/python3.7/site-packages/airflow/example_dags/example_task_group.py
[2022-10-20T08:46:25.474+0000] {processor.py:768} INFO - DAG(s) dict_keys(['example_task_group']) retrieved from /home/airflow/.local/lib/python3.7/site-packages/airflow/example_dags/example_task_group.py
[2022-10-20T08:46:25.508+0000] {logging_mixin.py:117} INFO - [2022-10-20T08:46:25.508+0000] {dag.py:2573} INFO - Sync 1 DAGs
[2022-10-20T08:46:25.528+0000] {logging_mixin.py:117} INFO - [2022-10-20T08:46:25.528+0000] {dag.py:3328} INFO - Setting next_dagrun for example_task_group to 2022-10-19T08:46:25.528685+00:00, run_after=2022-10-20T08:46:25.528685+00:00
[2022-10-20T08:46:25.545+0000] {processor.py:178} INFO - Processing /home/airflow/.local/lib/python3.7/site-packages/airflow/example_dags/example_task_group.py took 0.092 seconds
[2022-10-20T08:46:56.386+0000] {processor.py:156} INFO - Started process (PID=284) to work on /home/airflow/.local/lib/python3.7/site-packages/airflow/example_dags/example_task_group.py
[2022-10-20T08:46:56.390+0000] {processor.py:758} INFO - Processing file /home/airflow/.local/lib/python3.7/site-packages/airflow/example_dags/example_task_group.py for tasks to queue
[2022-10-20T08:46:56.391+0000] {logging_mixin.py:117} INFO - [2022-10-20T08:46:56.391+0000] {dagbag.py:525} INFO - Filling up the DagBag from /home/airflow/.local/lib/python3.7/site-packages/airflow/example_dags/example_task_group.py
[2022-10-20T08:46:56.407+0000] {processor.py:768} INFO - DAG(s) dict_keys(['example_task_group']) retrieved from /home/airflow/.local/lib/python3.7/site-packages/airflow/example_dags/example_task_group.py
[2022-10-20T08:46:56.448+0000] {logging_mixin.py:117} INFO - [2022-10-20T08:46:56.447+0000] {dag.py:2573} INFO - Sync 1 DAGs
[2022-10-20T08:46:56.471+0000] {logging_mixin.py:117} INFO - [2022-10-20T08:46:56.471+0000] {dag.py:3328} INFO - Setting next_dagrun for example_task_group to 2022-10-19T08:46:56.470815+00:00, run_after=2022-10-20T08:46:56.470815+00:00
[2022-10-20T08:46:56.489+0000] {processor.py:178} INFO - Processing /home/airflow/.local/lib/python3.7/site-packages/airflow/example_dags/example_task_group.py took 0.106 seconds
[2022-10-20T08:47:27.451+0000] {processor.py:156} INFO - Started process (PID=348) to work on /home/airflow/.local/lib/python3.7/site-packages/airflow/example_dags/example_task_group.py
[2022-10-20T08:47:27.453+0000] {processor.py:758} INFO - Processing file /home/airflow/.local/lib/python3.7/site-packages/airflow/example_dags/example_task_group.py for tasks to queue
[2022-10-20T08:47:27.454+0000] {logging_mixin.py:117} INFO - [2022-10-20T08:47:27.454+0000] {dagbag.py:525} INFO - Filling up the DagBag from /home/airflow/.local/lib/python3.7/site-packages/airflow/example_dags/example_task_group.py
[2022-10-20T08:47:27.467+0000] {processor.py:768} INFO - DAG(s) dict_keys(['example_task_group']) retrieved from /home/airflow/.local/lib/python3.7/site-packages/airflow/example_dags/example_task_group.py
[2022-10-20T08:47:27.501+0000] {logging_mixin.py:117} INFO - [2022-10-20T08:47:27.501+0000] {dag.py:2573} INFO - Sync 1 DAGs
[2022-10-20T08:47:27.521+0000] {logging_mixin.py:117} INFO - [2022-10-20T08:47:27.521+0000] {dag.py:3328} INFO - Setting next_dagrun for example_task_group to 2022-10-19T08:47:27.521405+00:00, run_after=2022-10-20T08:47:27.521405+00:00
[2022-10-20T08:47:27.537+0000] {processor.py:178} INFO - Processing /home/airflow/.local/lib/python3.7/site-packages/airflow/example_dags/example_task_group.py took 0.089 seconds
