[2022-10-20T08:38:58.250+0000] {processor.py:156} INFO - Started process (PID=37) to work on /home/airflow/.local/lib/python3.7/site-packages/airflow/example_dags/example_dag_decorator.py
[2022-10-20T08:38:58.251+0000] {processor.py:758} INFO - Processing file /home/airflow/.local/lib/python3.7/site-packages/airflow/example_dags/example_dag_decorator.py for tasks to queue
[2022-10-20T08:38:58.253+0000] {logging_mixin.py:117} INFO - [2022-10-20T08:38:58.253+0000] {dagbag.py:525} INFO - Filling up the DagBag from /home/airflow/.local/lib/python3.7/site-packages/airflow/example_dags/example_dag_decorator.py
[2022-10-20T08:38:58.293+0000] {processor.py:768} INFO - DAG(s) dict_keys(['example_dag_decorator']) retrieved from /home/airflow/.local/lib/python3.7/site-packages/airflow/example_dags/example_dag_decorator.py
[2022-10-20T08:38:58.318+0000] {logging_mixin.py:117} INFO - [2022-10-20T08:38:58.318+0000] {dag.py:2573} INFO - Sync 1 DAGs
[2022-10-20T08:38:58.345+0000] {logging_mixin.py:117} INFO - [2022-10-20T08:38:58.345+0000] {dag.py:3328} INFO - Setting next_dagrun for example_dag_decorator to None, run_after=None
[2022-10-20T08:38:58.363+0000] {processor.py:178} INFO - Processing /home/airflow/.local/lib/python3.7/site-packages/airflow/example_dags/example_dag_decorator.py took 0.118 seconds
[2022-10-20T08:42:47.170+0000] {processor.py:156} INFO - Started process (PID=36) to work on /home/airflow/.local/lib/python3.7/site-packages/airflow/example_dags/example_dag_decorator.py
[2022-10-20T08:42:47.172+0000] {processor.py:758} INFO - Processing file /home/airflow/.local/lib/python3.7/site-packages/airflow/example_dags/example_dag_decorator.py for tasks to queue
[2022-10-20T08:42:47.174+0000] {logging_mixin.py:117} INFO - [2022-10-20T08:42:47.174+0000] {dagbag.py:525} INFO - Filling up the DagBag from /home/airflow/.local/lib/python3.7/site-packages/airflow/example_dags/example_dag_decorator.py
[2022-10-20T08:42:47.204+0000] {processor.py:768} INFO - DAG(s) dict_keys(['example_dag_decorator']) retrieved from /home/airflow/.local/lib/python3.7/site-packages/airflow/example_dags/example_dag_decorator.py
[2022-10-20T08:42:47.465+0000] {logging_mixin.py:117} INFO - [2022-10-20T08:42:47.465+0000] {dag.py:2573} INFO - Sync 1 DAGs
[2022-10-20T08:42:47.496+0000] {logging_mixin.py:117} INFO - [2022-10-20T08:42:47.496+0000] {dag.py:3328} INFO - Setting next_dagrun for example_dag_decorator to None, run_after=None
[2022-10-20T08:42:47.525+0000] {processor.py:178} INFO - Processing /home/airflow/.local/lib/python3.7/site-packages/airflow/example_dags/example_dag_decorator.py took 0.359 seconds
[2022-10-20T08:44:53.611+0000] {processor.py:156} INFO - Started process (PID=36) to work on /home/airflow/.local/lib/python3.7/site-packages/airflow/example_dags/example_dag_decorator.py
[2022-10-20T08:44:53.621+0000] {processor.py:758} INFO - Processing file /home/airflow/.local/lib/python3.7/site-packages/airflow/example_dags/example_dag_decorator.py for tasks to queue
[2022-10-20T08:44:53.623+0000] {logging_mixin.py:117} INFO - [2022-10-20T08:44:53.623+0000] {dagbag.py:525} INFO - Filling up the DagBag from /home/airflow/.local/lib/python3.7/site-packages/airflow/example_dags/example_dag_decorator.py
[2022-10-20T08:44:53.666+0000] {processor.py:768} INFO - DAG(s) dict_keys(['example_dag_decorator']) retrieved from /home/airflow/.local/lib/python3.7/site-packages/airflow/example_dags/example_dag_decorator.py
[2022-10-20T08:44:53.695+0000] {logging_mixin.py:117} INFO - [2022-10-20T08:44:53.695+0000] {dag.py:2573} INFO - Sync 1 DAGs
[2022-10-20T08:44:53.721+0000] {logging_mixin.py:117} INFO - [2022-10-20T08:44:53.721+0000] {dag.py:3328} INFO - Setting next_dagrun for example_dag_decorator to None, run_after=None
[2022-10-20T08:44:53.745+0000] {processor.py:178} INFO - Processing /home/airflow/.local/lib/python3.7/site-packages/airflow/example_dags/example_dag_decorator.py took 0.136 seconds
[2022-10-20T08:45:23.989+0000] {processor.py:156} INFO - Started process (PID=99) to work on /home/airflow/.local/lib/python3.7/site-packages/airflow/example_dags/example_dag_decorator.py
[2022-10-20T08:45:23.992+0000] {processor.py:758} INFO - Processing file /home/airflow/.local/lib/python3.7/site-packages/airflow/example_dags/example_dag_decorator.py for tasks to queue
[2022-10-20T08:45:23.993+0000] {logging_mixin.py:117} INFO - [2022-10-20T08:45:23.993+0000] {dagbag.py:525} INFO - Filling up the DagBag from /home/airflow/.local/lib/python3.7/site-packages/airflow/example_dags/example_dag_decorator.py
[2022-10-20T08:45:24.018+0000] {processor.py:768} INFO - DAG(s) dict_keys(['example_dag_decorator']) retrieved from /home/airflow/.local/lib/python3.7/site-packages/airflow/example_dags/example_dag_decorator.py
[2022-10-20T08:45:24.078+0000] {logging_mixin.py:117} INFO - [2022-10-20T08:45:24.078+0000] {dag.py:2573} INFO - Sync 1 DAGs
[2022-10-20T08:45:24.095+0000] {logging_mixin.py:117} INFO - [2022-10-20T08:45:24.094+0000] {dag.py:3328} INFO - Setting next_dagrun for example_dag_decorator to None, run_after=None
[2022-10-20T08:45:24.110+0000] {processor.py:178} INFO - Processing /home/airflow/.local/lib/python3.7/site-packages/airflow/example_dags/example_dag_decorator.py took 0.124 seconds
[2022-10-20T08:45:54.286+0000] {processor.py:156} INFO - Started process (PID=163) to work on /home/airflow/.local/lib/python3.7/site-packages/airflow/example_dags/example_dag_decorator.py
[2022-10-20T08:45:54.288+0000] {processor.py:758} INFO - Processing file /home/airflow/.local/lib/python3.7/site-packages/airflow/example_dags/example_dag_decorator.py for tasks to queue
[2022-10-20T08:45:54.289+0000] {logging_mixin.py:117} INFO - [2022-10-20T08:45:54.289+0000] {dagbag.py:525} INFO - Filling up the DagBag from /home/airflow/.local/lib/python3.7/site-packages/airflow/example_dags/example_dag_decorator.py
[2022-10-20T08:45:54.316+0000] {processor.py:768} INFO - DAG(s) dict_keys(['example_dag_decorator']) retrieved from /home/airflow/.local/lib/python3.7/site-packages/airflow/example_dags/example_dag_decorator.py
[2022-10-20T08:45:54.380+0000] {logging_mixin.py:117} INFO - [2022-10-20T08:45:54.380+0000] {dag.py:2573} INFO - Sync 1 DAGs
[2022-10-20T08:45:54.398+0000] {logging_mixin.py:117} INFO - [2022-10-20T08:45:54.398+0000] {dag.py:3328} INFO - Setting next_dagrun for example_dag_decorator to None, run_after=None
[2022-10-20T08:45:54.416+0000] {processor.py:178} INFO - Processing /home/airflow/.local/lib/python3.7/site-packages/airflow/example_dags/example_dag_decorator.py took 0.133 seconds
[2022-10-20T08:46:25.252+0000] {processor.py:156} INFO - Started process (PID=228) to work on /home/airflow/.local/lib/python3.7/site-packages/airflow/example_dags/example_dag_decorator.py
[2022-10-20T08:46:25.254+0000] {processor.py:758} INFO - Processing file /home/airflow/.local/lib/python3.7/site-packages/airflow/example_dags/example_dag_decorator.py for tasks to queue
[2022-10-20T08:46:25.257+0000] {logging_mixin.py:117} INFO - [2022-10-20T08:46:25.256+0000] {dagbag.py:525} INFO - Filling up the DagBag from /home/airflow/.local/lib/python3.7/site-packages/airflow/example_dags/example_dag_decorator.py
[2022-10-20T08:46:25.286+0000] {processor.py:768} INFO - DAG(s) dict_keys(['example_dag_decorator']) retrieved from /home/airflow/.local/lib/python3.7/site-packages/airflow/example_dags/example_dag_decorator.py
[2022-10-20T08:46:25.356+0000] {logging_mixin.py:117} INFO - [2022-10-20T08:46:25.356+0000] {dag.py:2573} INFO - Sync 1 DAGs
[2022-10-20T08:46:25.373+0000] {logging_mixin.py:117} INFO - [2022-10-20T08:46:25.373+0000] {dag.py:3328} INFO - Setting next_dagrun for example_dag_decorator to None, run_after=None
[2022-10-20T08:46:25.391+0000] {processor.py:178} INFO - Processing /home/airflow/.local/lib/python3.7/site-packages/airflow/example_dags/example_dag_decorator.py took 0.141 seconds
[2022-10-20T08:46:56.168+0000] {processor.py:156} INFO - Started process (PID=282) to work on /home/airflow/.local/lib/python3.7/site-packages/airflow/example_dags/example_dag_decorator.py
[2022-10-20T08:46:56.170+0000] {processor.py:758} INFO - Processing file /home/airflow/.local/lib/python3.7/site-packages/airflow/example_dags/example_dag_decorator.py for tasks to queue
[2022-10-20T08:46:56.172+0000] {logging_mixin.py:117} INFO - [2022-10-20T08:46:56.172+0000] {dagbag.py:525} INFO - Filling up the DagBag from /home/airflow/.local/lib/python3.7/site-packages/airflow/example_dags/example_dag_decorator.py
[2022-10-20T08:46:56.199+0000] {processor.py:768} INFO - DAG(s) dict_keys(['example_dag_decorator']) retrieved from /home/airflow/.local/lib/python3.7/site-packages/airflow/example_dags/example_dag_decorator.py
[2022-10-20T08:46:56.267+0000] {logging_mixin.py:117} INFO - [2022-10-20T08:46:56.267+0000] {dag.py:2573} INFO - Sync 1 DAGs
[2022-10-20T08:46:56.287+0000] {logging_mixin.py:117} INFO - [2022-10-20T08:46:56.287+0000] {dag.py:3328} INFO - Setting next_dagrun for example_dag_decorator to None, run_after=None
[2022-10-20T08:46:56.303+0000] {processor.py:178} INFO - Processing /home/airflow/.local/lib/python3.7/site-packages/airflow/example_dags/example_dag_decorator.py took 0.139 seconds
[2022-10-20T08:47:27.236+0000] {processor.py:156} INFO - Started process (PID=346) to work on /home/airflow/.local/lib/python3.7/site-packages/airflow/example_dags/example_dag_decorator.py
[2022-10-20T08:47:27.238+0000] {processor.py:758} INFO - Processing file /home/airflow/.local/lib/python3.7/site-packages/airflow/example_dags/example_dag_decorator.py for tasks to queue
[2022-10-20T08:47:27.240+0000] {logging_mixin.py:117} INFO - [2022-10-20T08:47:27.240+0000] {dagbag.py:525} INFO - Filling up the DagBag from /home/airflow/.local/lib/python3.7/site-packages/airflow/example_dags/example_dag_decorator.py
[2022-10-20T08:47:27.264+0000] {processor.py:768} INFO - DAG(s) dict_keys(['example_dag_decorator']) retrieved from /home/airflow/.local/lib/python3.7/site-packages/airflow/example_dags/example_dag_decorator.py
[2022-10-20T08:47:27.327+0000] {logging_mixin.py:117} INFO - [2022-10-20T08:47:27.327+0000] {dag.py:2573} INFO - Sync 1 DAGs
[2022-10-20T08:47:27.345+0000] {logging_mixin.py:117} INFO - [2022-10-20T08:47:27.345+0000] {dag.py:3328} INFO - Setting next_dagrun for example_dag_decorator to None, run_after=None
[2022-10-20T08:47:27.361+0000] {processor.py:178} INFO - Processing /home/airflow/.local/lib/python3.7/site-packages/airflow/example_dags/example_dag_decorator.py took 0.128 seconds
