[2022-10-20T08:39:00.516+0000] {processor.py:156} INFO - Started process (PID=58) to work on /home/airflow/.local/lib/python3.7/site-packages/airflow/example_dags/example_short_circuit_decorator.py
[2022-10-20T08:39:00.523+0000] {processor.py:758} INFO - Processing file /home/airflow/.local/lib/python3.7/site-packages/airflow/example_dags/example_short_circuit_decorator.py for tasks to queue
[2022-10-20T08:39:00.530+0000] {logging_mixin.py:117} INFO - [2022-10-20T08:39:00.530+0000] {dagbag.py:525} INFO - Filling up the DagBag from /home/airflow/.local/lib/python3.7/site-packages/airflow/example_dags/example_short_circuit_decorator.py
[2022-10-20T08:39:00.660+0000] {processor.py:768} INFO - DAG(s) dict_keys(['example_short_circuit_decorator']) retrieved from /home/airflow/.local/lib/python3.7/site-packages/airflow/example_dags/example_short_circuit_decorator.py
[2022-10-20T08:39:00.813+0000] {logging_mixin.py:117} INFO - [2022-10-20T08:39:00.813+0000] {dag.py:2573} INFO - Sync 1 DAGs
[2022-10-20T08:39:00.967+0000] {logging_mixin.py:117} INFO - [2022-10-20T08:39:00.967+0000] {dag.py:3328} INFO - Setting next_dagrun for example_short_circuit_decorator to 2022-10-19T08:39:00.966808+00:00, run_after=2022-10-20T08:39:00.966808+00:00
[2022-10-20T08:39:01.085+0000] {processor.py:178} INFO - Processing /home/airflow/.local/lib/python3.7/site-packages/airflow/example_dags/example_short_circuit_decorator.py took 0.574 seconds
[2022-10-20T08:42:51.689+0000] {processor.py:156} INFO - Started process (PID=64) to work on /home/airflow/.local/lib/python3.7/site-packages/airflow/example_dags/example_short_circuit_decorator.py
[2022-10-20T08:42:51.696+0000] {processor.py:758} INFO - Processing file /home/airflow/.local/lib/python3.7/site-packages/airflow/example_dags/example_short_circuit_decorator.py for tasks to queue
[2022-10-20T08:42:51.698+0000] {logging_mixin.py:117} INFO - [2022-10-20T08:42:51.697+0000] {dagbag.py:525} INFO - Filling up the DagBag from /home/airflow/.local/lib/python3.7/site-packages/airflow/example_dags/example_short_circuit_decorator.py
[2022-10-20T08:42:51.767+0000] {processor.py:768} INFO - DAG(s) dict_keys(['example_short_circuit_decorator']) retrieved from /home/airflow/.local/lib/python3.7/site-packages/airflow/example_dags/example_short_circuit_decorator.py
[2022-10-20T08:42:52.215+0000] {logging_mixin.py:117} INFO - [2022-10-20T08:42:52.215+0000] {dag.py:2573} INFO - Sync 1 DAGs
[2022-10-20T08:42:52.283+0000] {logging_mixin.py:117} INFO - [2022-10-20T08:42:52.283+0000] {dag.py:3328} INFO - Setting next_dagrun for example_short_circuit_decorator to 2022-10-19T08:42:52.283264+00:00, run_after=2022-10-20T08:42:52.283264+00:00
[2022-10-20T08:42:52.351+0000] {processor.py:178} INFO - Processing /home/airflow/.local/lib/python3.7/site-packages/airflow/example_dags/example_short_circuit_decorator.py took 0.666 seconds
[2022-10-20T08:44:55.636+0000] {processor.py:156} INFO - Started process (PID=57) to work on /home/airflow/.local/lib/python3.7/site-packages/airflow/example_dags/example_short_circuit_decorator.py
[2022-10-20T08:44:55.639+0000] {processor.py:758} INFO - Processing file /home/airflow/.local/lib/python3.7/site-packages/airflow/example_dags/example_short_circuit_decorator.py for tasks to queue
[2022-10-20T08:44:55.641+0000] {logging_mixin.py:117} INFO - [2022-10-20T08:44:55.641+0000] {dagbag.py:525} INFO - Filling up the DagBag from /home/airflow/.local/lib/python3.7/site-packages/airflow/example_dags/example_short_circuit_decorator.py
[2022-10-20T08:44:55.672+0000] {processor.py:768} INFO - DAG(s) dict_keys(['example_short_circuit_decorator']) retrieved from /home/airflow/.local/lib/python3.7/site-packages/airflow/example_dags/example_short_circuit_decorator.py
[2022-10-20T08:44:55.725+0000] {logging_mixin.py:117} INFO - [2022-10-20T08:44:55.725+0000] {dag.py:2573} INFO - Sync 1 DAGs
[2022-10-20T08:44:55.765+0000] {logging_mixin.py:117} INFO - [2022-10-20T08:44:55.763+0000] {dag.py:3328} INFO - Setting next_dagrun for example_short_circuit_decorator to 2022-10-19T08:44:55.763250+00:00, run_after=2022-10-20T08:44:55.763250+00:00
[2022-10-20T08:44:55.804+0000] {processor.py:178} INFO - Processing /home/airflow/.local/lib/python3.7/site-packages/airflow/example_dags/example_short_circuit_decorator.py took 0.172 seconds
[2022-10-20T08:45:25.864+0000] {processor.py:156} INFO - Started process (PID=120) to work on /home/airflow/.local/lib/python3.7/site-packages/airflow/example_dags/example_short_circuit_decorator.py
[2022-10-20T08:45:25.866+0000] {processor.py:758} INFO - Processing file /home/airflow/.local/lib/python3.7/site-packages/airflow/example_dags/example_short_circuit_decorator.py for tasks to queue
[2022-10-20T08:45:25.868+0000] {logging_mixin.py:117} INFO - [2022-10-20T08:45:25.868+0000] {dagbag.py:525} INFO - Filling up the DagBag from /home/airflow/.local/lib/python3.7/site-packages/airflow/example_dags/example_short_circuit_decorator.py
[2022-10-20T08:45:25.887+0000] {processor.py:768} INFO - DAG(s) dict_keys(['example_short_circuit_decorator']) retrieved from /home/airflow/.local/lib/python3.7/site-packages/airflow/example_dags/example_short_circuit_decorator.py
[2022-10-20T08:45:25.928+0000] {logging_mixin.py:117} INFO - [2022-10-20T08:45:25.928+0000] {dag.py:2573} INFO - Sync 1 DAGs
[2022-10-20T08:45:25.945+0000] {logging_mixin.py:117} INFO - [2022-10-20T08:45:25.945+0000] {dag.py:3328} INFO - Setting next_dagrun for example_short_circuit_decorator to 2022-10-19T08:45:25.945713+00:00, run_after=2022-10-20T08:45:25.945713+00:00
[2022-10-20T08:45:25.959+0000] {processor.py:178} INFO - Processing /home/airflow/.local/lib/python3.7/site-packages/airflow/example_dags/example_short_circuit_decorator.py took 0.097 seconds
[2022-10-20T08:45:56.036+0000] {processor.py:156} INFO - Started process (PID=184) to work on /home/airflow/.local/lib/python3.7/site-packages/airflow/example_dags/example_short_circuit_decorator.py
[2022-10-20T08:45:56.038+0000] {processor.py:758} INFO - Processing file /home/airflow/.local/lib/python3.7/site-packages/airflow/example_dags/example_short_circuit_decorator.py for tasks to queue
[2022-10-20T08:45:56.039+0000] {logging_mixin.py:117} INFO - [2022-10-20T08:45:56.039+0000] {dagbag.py:525} INFO - Filling up the DagBag from /home/airflow/.local/lib/python3.7/site-packages/airflow/example_dags/example_short_circuit_decorator.py
[2022-10-20T08:45:56.058+0000] {processor.py:768} INFO - DAG(s) dict_keys(['example_short_circuit_decorator']) retrieved from /home/airflow/.local/lib/python3.7/site-packages/airflow/example_dags/example_short_circuit_decorator.py
[2022-10-20T08:45:56.089+0000] {logging_mixin.py:117} INFO - [2022-10-20T08:45:56.089+0000] {dag.py:2573} INFO - Sync 1 DAGs
[2022-10-20T08:45:56.108+0000] {logging_mixin.py:117} INFO - [2022-10-20T08:45:56.108+0000] {dag.py:3328} INFO - Setting next_dagrun for example_short_circuit_decorator to 2022-10-19T08:45:56.108482+00:00, run_after=2022-10-20T08:45:56.108482+00:00
[2022-10-20T08:45:56.123+0000] {processor.py:178} INFO - Processing /home/airflow/.local/lib/python3.7/site-packages/airflow/example_dags/example_short_circuit_decorator.py took 0.089 seconds
[2022-10-20T08:46:26.707+0000] {processor.py:156} INFO - Started process (PID=249) to work on /home/airflow/.local/lib/python3.7/site-packages/airflow/example_dags/example_short_circuit_decorator.py
[2022-10-20T08:46:26.709+0000] {processor.py:758} INFO - Processing file /home/airflow/.local/lib/python3.7/site-packages/airflow/example_dags/example_short_circuit_decorator.py for tasks to queue
[2022-10-20T08:46:26.711+0000] {logging_mixin.py:117} INFO - [2022-10-20T08:46:26.710+0000] {dagbag.py:525} INFO - Filling up the DagBag from /home/airflow/.local/lib/python3.7/site-packages/airflow/example_dags/example_short_circuit_decorator.py
[2022-10-20T08:46:26.733+0000] {processor.py:768} INFO - DAG(s) dict_keys(['example_short_circuit_decorator']) retrieved from /home/airflow/.local/lib/python3.7/site-packages/airflow/example_dags/example_short_circuit_decorator.py
[2022-10-20T08:46:26.768+0000] {logging_mixin.py:117} INFO - [2022-10-20T08:46:26.768+0000] {dag.py:2573} INFO - Sync 1 DAGs
[2022-10-20T08:46:26.789+0000] {logging_mixin.py:117} INFO - [2022-10-20T08:46:26.789+0000] {dag.py:3328} INFO - Setting next_dagrun for example_short_circuit_decorator to 2022-10-19T08:46:26.789477+00:00, run_after=2022-10-20T08:46:26.789477+00:00
[2022-10-20T08:46:26.804+0000] {processor.py:178} INFO - Processing /home/airflow/.local/lib/python3.7/site-packages/airflow/example_dags/example_short_circuit_decorator.py took 0.099 seconds
[2022-10-20T08:46:57.879+0000] {processor.py:156} INFO - Started process (PID=312) to work on /home/airflow/.local/lib/python3.7/site-packages/airflow/example_dags/example_short_circuit_decorator.py
[2022-10-20T08:46:57.882+0000] {processor.py:758} INFO - Processing file /home/airflow/.local/lib/python3.7/site-packages/airflow/example_dags/example_short_circuit_decorator.py for tasks to queue
[2022-10-20T08:46:57.883+0000] {logging_mixin.py:117} INFO - [2022-10-20T08:46:57.883+0000] {dagbag.py:525} INFO - Filling up the DagBag from /home/airflow/.local/lib/python3.7/site-packages/airflow/example_dags/example_short_circuit_decorator.py
[2022-10-20T08:46:57.904+0000] {processor.py:768} INFO - DAG(s) dict_keys(['example_short_circuit_decorator']) retrieved from /home/airflow/.local/lib/python3.7/site-packages/airflow/example_dags/example_short_circuit_decorator.py
[2022-10-20T08:46:57.944+0000] {logging_mixin.py:117} INFO - [2022-10-20T08:46:57.943+0000] {dag.py:2573} INFO - Sync 1 DAGs
[2022-10-20T08:46:57.965+0000] {logging_mixin.py:117} INFO - [2022-10-20T08:46:57.965+0000] {dag.py:3328} INFO - Setting next_dagrun for example_short_circuit_decorator to 2022-10-19T08:46:57.965654+00:00, run_after=2022-10-20T08:46:57.965654+00:00
[2022-10-20T08:46:57.980+0000] {processor.py:178} INFO - Processing /home/airflow/.local/lib/python3.7/site-packages/airflow/example_dags/example_short_circuit_decorator.py took 0.104 seconds
[2022-10-20T08:47:28.630+0000] {processor.py:156} INFO - Started process (PID=367) to work on /home/airflow/.local/lib/python3.7/site-packages/airflow/example_dags/example_short_circuit_decorator.py
[2022-10-20T08:47:28.632+0000] {processor.py:758} INFO - Processing file /home/airflow/.local/lib/python3.7/site-packages/airflow/example_dags/example_short_circuit_decorator.py for tasks to queue
[2022-10-20T08:47:28.634+0000] {logging_mixin.py:117} INFO - [2022-10-20T08:47:28.633+0000] {dagbag.py:525} INFO - Filling up the DagBag from /home/airflow/.local/lib/python3.7/site-packages/airflow/example_dags/example_short_circuit_decorator.py
[2022-10-20T08:47:28.653+0000] {processor.py:768} INFO - DAG(s) dict_keys(['example_short_circuit_decorator']) retrieved from /home/airflow/.local/lib/python3.7/site-packages/airflow/example_dags/example_short_circuit_decorator.py
[2022-10-20T08:47:28.689+0000] {logging_mixin.py:117} INFO - [2022-10-20T08:47:28.689+0000] {dag.py:2573} INFO - Sync 1 DAGs
[2022-10-20T08:47:28.710+0000] {logging_mixin.py:117} INFO - [2022-10-20T08:47:28.710+0000] {dag.py:3328} INFO - Setting next_dagrun for example_short_circuit_decorator to 2022-10-19T08:47:28.710266+00:00, run_after=2022-10-20T08:47:28.710266+00:00
[2022-10-20T08:47:28.727+0000] {processor.py:178} INFO - Processing /home/airflow/.local/lib/python3.7/site-packages/airflow/example_dags/example_short_circuit_decorator.py took 0.100 seconds
