[2022-10-20T08:38:58.227+0000] {processor.py:156} INFO - Started process (PID=36) to work on /home/airflow/.local/lib/python3.7/site-packages/airflow/example_dags/example_external_task_marker_dag.py
[2022-10-20T08:38:58.228+0000] {processor.py:758} INFO - Processing file /home/airflow/.local/lib/python3.7/site-packages/airflow/example_dags/example_external_task_marker_dag.py for tasks to queue
[2022-10-20T08:38:58.229+0000] {logging_mixin.py:117} INFO - [2022-10-20T08:38:58.229+0000] {dagbag.py:525} INFO - Filling up the DagBag from /home/airflow/.local/lib/python3.7/site-packages/airflow/example_dags/example_external_task_marker_dag.py
[2022-10-20T08:38:58.247+0000] {processor.py:768} INFO - DAG(s) dict_keys(['example_external_task_marker_parent', 'example_external_task_marker_child']) retrieved from /home/airflow/.local/lib/python3.7/site-packages/airflow/example_dags/example_external_task_marker_dag.py
[2022-10-20T08:38:58.272+0000] {logging_mixin.py:117} INFO - [2022-10-20T08:38:58.272+0000] {dag.py:2573} INFO - Sync 2 DAGs
[2022-10-20T08:38:58.294+0000] {logging_mixin.py:117} INFO - [2022-10-20T08:38:58.293+0000] {dag.py:3328} INFO - Setting next_dagrun for example_external_task_marker_child to None, run_after=None
[2022-10-20T08:38:58.298+0000] {logging_mixin.py:117} INFO - [2022-10-20T08:38:58.298+0000] {dag.py:3328} INFO - Setting next_dagrun for example_external_task_marker_parent to None, run_after=None
[2022-10-20T08:38:58.315+0000] {processor.py:178} INFO - Processing /home/airflow/.local/lib/python3.7/site-packages/airflow/example_dags/example_external_task_marker_dag.py took 0.094 seconds
[2022-10-20T08:42:47.097+0000] {processor.py:156} INFO - Started process (PID=35) to work on /home/airflow/.local/lib/python3.7/site-packages/airflow/example_dags/example_external_task_marker_dag.py
[2022-10-20T08:42:47.099+0000] {processor.py:758} INFO - Processing file /home/airflow/.local/lib/python3.7/site-packages/airflow/example_dags/example_external_task_marker_dag.py for tasks to queue
[2022-10-20T08:42:47.101+0000] {logging_mixin.py:117} INFO - [2022-10-20T08:42:47.101+0000] {dagbag.py:525} INFO - Filling up the DagBag from /home/airflow/.local/lib/python3.7/site-packages/airflow/example_dags/example_external_task_marker_dag.py
[2022-10-20T08:42:47.119+0000] {processor.py:768} INFO - DAG(s) dict_keys(['example_external_task_marker_child', 'example_external_task_marker_parent']) retrieved from /home/airflow/.local/lib/python3.7/site-packages/airflow/example_dags/example_external_task_marker_dag.py
[2022-10-20T08:42:47.154+0000] {logging_mixin.py:117} INFO - [2022-10-20T08:42:47.154+0000] {dag.py:2573} INFO - Sync 2 DAGs
[2022-10-20T08:42:47.345+0000] {logging_mixin.py:117} INFO - [2022-10-20T08:42:47.345+0000] {dag.py:3328} INFO - Setting next_dagrun for example_external_task_marker_child to None, run_after=None
[2022-10-20T08:42:47.350+0000] {logging_mixin.py:117} INFO - [2022-10-20T08:42:47.350+0000] {dag.py:3328} INFO - Setting next_dagrun for example_external_task_marker_parent to None, run_after=None
[2022-10-20T08:42:47.367+0000] {processor.py:178} INFO - Processing /home/airflow/.local/lib/python3.7/site-packages/airflow/example_dags/example_external_task_marker_dag.py took 0.273 seconds
[2022-10-20T08:44:53.599+0000] {processor.py:156} INFO - Started process (PID=35) to work on /home/airflow/.local/lib/python3.7/site-packages/airflow/example_dags/example_external_task_marker_dag.py
[2022-10-20T08:44:53.601+0000] {processor.py:758} INFO - Processing file /home/airflow/.local/lib/python3.7/site-packages/airflow/example_dags/example_external_task_marker_dag.py for tasks to queue
[2022-10-20T08:44:53.603+0000] {logging_mixin.py:117} INFO - [2022-10-20T08:44:53.603+0000] {dagbag.py:525} INFO - Filling up the DagBag from /home/airflow/.local/lib/python3.7/site-packages/airflow/example_dags/example_external_task_marker_dag.py
[2022-10-20T08:44:53.623+0000] {processor.py:768} INFO - DAG(s) dict_keys(['example_external_task_marker_child', 'example_external_task_marker_parent']) retrieved from /home/airflow/.local/lib/python3.7/site-packages/airflow/example_dags/example_external_task_marker_dag.py
[2022-10-20T08:44:53.654+0000] {logging_mixin.py:117} INFO - [2022-10-20T08:44:53.654+0000] {dag.py:2573} INFO - Sync 2 DAGs
[2022-10-20T08:44:53.680+0000] {logging_mixin.py:117} INFO - [2022-10-20T08:44:53.680+0000] {dag.py:3328} INFO - Setting next_dagrun for example_external_task_marker_child to None, run_after=None
[2022-10-20T08:44:53.685+0000] {logging_mixin.py:117} INFO - [2022-10-20T08:44:53.685+0000] {dag.py:3328} INFO - Setting next_dagrun for example_external_task_marker_parent to None, run_after=None
[2022-10-20T08:44:53.707+0000] {processor.py:178} INFO - Processing /home/airflow/.local/lib/python3.7/site-packages/airflow/example_dags/example_external_task_marker_dag.py took 0.111 seconds
[2022-10-20T08:45:23.930+0000] {processor.py:156} INFO - Started process (PID=98) to work on /home/airflow/.local/lib/python3.7/site-packages/airflow/example_dags/example_external_task_marker_dag.py
[2022-10-20T08:45:23.933+0000] {processor.py:758} INFO - Processing file /home/airflow/.local/lib/python3.7/site-packages/airflow/example_dags/example_external_task_marker_dag.py for tasks to queue
[2022-10-20T08:45:23.934+0000] {logging_mixin.py:117} INFO - [2022-10-20T08:45:23.934+0000] {dagbag.py:525} INFO - Filling up the DagBag from /home/airflow/.local/lib/python3.7/site-packages/airflow/example_dags/example_external_task_marker_dag.py
[2022-10-20T08:45:23.949+0000] {processor.py:768} INFO - DAG(s) dict_keys(['example_external_task_marker_child', 'example_external_task_marker_parent']) retrieved from /home/airflow/.local/lib/python3.7/site-packages/airflow/example_dags/example_external_task_marker_dag.py
[2022-10-20T08:45:24.122+0000] {logging_mixin.py:117} INFO - [2022-10-20T08:45:24.122+0000] {dag.py:2573} INFO - Sync 2 DAGs
[2022-10-20T08:45:24.143+0000] {logging_mixin.py:117} INFO - [2022-10-20T08:45:24.143+0000] {dag.py:3328} INFO - Setting next_dagrun for example_external_task_marker_child to None, run_after=None
[2022-10-20T08:45:24.146+0000] {logging_mixin.py:117} INFO - [2022-10-20T08:45:24.146+0000] {dag.py:3328} INFO - Setting next_dagrun for example_external_task_marker_parent to None, run_after=None
[2022-10-20T08:45:24.159+0000] {processor.py:178} INFO - Processing /home/airflow/.local/lib/python3.7/site-packages/airflow/example_dags/example_external_task_marker_dag.py took 0.231 seconds
[2022-10-20T08:45:54.263+0000] {processor.py:156} INFO - Started process (PID=162) to work on /home/airflow/.local/lib/python3.7/site-packages/airflow/example_dags/example_external_task_marker_dag.py
[2022-10-20T08:45:54.265+0000] {processor.py:758} INFO - Processing file /home/airflow/.local/lib/python3.7/site-packages/airflow/example_dags/example_external_task_marker_dag.py for tasks to queue
[2022-10-20T08:45:54.266+0000] {logging_mixin.py:117} INFO - [2022-10-20T08:45:54.266+0000] {dagbag.py:525} INFO - Filling up the DagBag from /home/airflow/.local/lib/python3.7/site-packages/airflow/example_dags/example_external_task_marker_dag.py
[2022-10-20T08:45:54.283+0000] {processor.py:768} INFO - DAG(s) dict_keys(['example_external_task_marker_parent', 'example_external_task_marker_child']) retrieved from /home/airflow/.local/lib/python3.7/site-packages/airflow/example_dags/example_external_task_marker_dag.py
[2022-10-20T08:45:54.423+0000] {logging_mixin.py:117} INFO - [2022-10-20T08:45:54.423+0000] {dag.py:2573} INFO - Sync 2 DAGs
[2022-10-20T08:45:54.447+0000] {logging_mixin.py:117} INFO - [2022-10-20T08:45:54.447+0000] {dag.py:3328} INFO - Setting next_dagrun for example_external_task_marker_child to None, run_after=None
[2022-10-20T08:45:54.454+0000] {logging_mixin.py:117} INFO - [2022-10-20T08:45:54.453+0000] {dag.py:3328} INFO - Setting next_dagrun for example_external_task_marker_parent to None, run_after=None
[2022-10-20T08:45:54.472+0000] {processor.py:178} INFO - Processing /home/airflow/.local/lib/python3.7/site-packages/airflow/example_dags/example_external_task_marker_dag.py took 0.212 seconds
[2022-10-20T08:46:25.221+0000] {processor.py:156} INFO - Started process (PID=227) to work on /home/airflow/.local/lib/python3.7/site-packages/airflow/example_dags/example_external_task_marker_dag.py
[2022-10-20T08:46:25.224+0000] {processor.py:758} INFO - Processing file /home/airflow/.local/lib/python3.7/site-packages/airflow/example_dags/example_external_task_marker_dag.py for tasks to queue
[2022-10-20T08:46:25.226+0000] {logging_mixin.py:117} INFO - [2022-10-20T08:46:25.225+0000] {dagbag.py:525} INFO - Filling up the DagBag from /home/airflow/.local/lib/python3.7/site-packages/airflow/example_dags/example_external_task_marker_dag.py
[2022-10-20T08:46:25.241+0000] {processor.py:768} INFO - DAG(s) dict_keys(['example_external_task_marker_parent', 'example_external_task_marker_child']) retrieved from /home/airflow/.local/lib/python3.7/site-packages/airflow/example_dags/example_external_task_marker_dag.py
[2022-10-20T08:46:25.388+0000] {logging_mixin.py:117} INFO - [2022-10-20T08:46:25.388+0000] {dag.py:2573} INFO - Sync 2 DAGs
[2022-10-20T08:46:25.407+0000] {logging_mixin.py:117} INFO - [2022-10-20T08:46:25.407+0000] {dag.py:3328} INFO - Setting next_dagrun for example_external_task_marker_child to None, run_after=None
[2022-10-20T08:46:25.411+0000] {logging_mixin.py:117} INFO - [2022-10-20T08:46:25.411+0000] {dag.py:3328} INFO - Setting next_dagrun for example_external_task_marker_parent to None, run_after=None
[2022-10-20T08:46:25.429+0000] {processor.py:178} INFO - Processing /home/airflow/.local/lib/python3.7/site-packages/airflow/example_dags/example_external_task_marker_dag.py took 0.210 seconds
[2022-10-20T08:46:56.145+0000] {processor.py:156} INFO - Started process (PID=281) to work on /home/airflow/.local/lib/python3.7/site-packages/airflow/example_dags/example_external_task_marker_dag.py
[2022-10-20T08:46:56.146+0000] {processor.py:758} INFO - Processing file /home/airflow/.local/lib/python3.7/site-packages/airflow/example_dags/example_external_task_marker_dag.py for tasks to queue
[2022-10-20T08:46:56.148+0000] {logging_mixin.py:117} INFO - [2022-10-20T08:46:56.148+0000] {dagbag.py:525} INFO - Filling up the DagBag from /home/airflow/.local/lib/python3.7/site-packages/airflow/example_dags/example_external_task_marker_dag.py
[2022-10-20T08:46:56.164+0000] {processor.py:768} INFO - DAG(s) dict_keys(['example_external_task_marker_parent', 'example_external_task_marker_child']) retrieved from /home/airflow/.local/lib/python3.7/site-packages/airflow/example_dags/example_external_task_marker_dag.py
[2022-10-20T08:46:56.307+0000] {logging_mixin.py:117} INFO - [2022-10-20T08:46:56.306+0000] {dag.py:2573} INFO - Sync 2 DAGs
[2022-10-20T08:46:56.329+0000] {logging_mixin.py:117} INFO - [2022-10-20T08:46:56.329+0000] {dag.py:3328} INFO - Setting next_dagrun for example_external_task_marker_child to None, run_after=None
[2022-10-20T08:46:56.333+0000] {logging_mixin.py:117} INFO - [2022-10-20T08:46:56.333+0000] {dag.py:3328} INFO - Setting next_dagrun for example_external_task_marker_parent to None, run_after=None
[2022-10-20T08:46:56.350+0000] {processor.py:178} INFO - Processing /home/airflow/.local/lib/python3.7/site-packages/airflow/example_dags/example_external_task_marker_dag.py took 0.209 seconds
[2022-10-20T08:47:27.217+0000] {processor.py:156} INFO - Started process (PID=345) to work on /home/airflow/.local/lib/python3.7/site-packages/airflow/example_dags/example_external_task_marker_dag.py
[2022-10-20T08:47:27.219+0000] {processor.py:758} INFO - Processing file /home/airflow/.local/lib/python3.7/site-packages/airflow/example_dags/example_external_task_marker_dag.py for tasks to queue
[2022-10-20T08:47:27.221+0000] {logging_mixin.py:117} INFO - [2022-10-20T08:47:27.221+0000] {dagbag.py:525} INFO - Filling up the DagBag from /home/airflow/.local/lib/python3.7/site-packages/airflow/example_dags/example_external_task_marker_dag.py
[2022-10-20T08:47:27.235+0000] {processor.py:768} INFO - DAG(s) dict_keys(['example_external_task_marker_parent', 'example_external_task_marker_child']) retrieved from /home/airflow/.local/lib/python3.7/site-packages/airflow/example_dags/example_external_task_marker_dag.py
[2022-10-20T08:47:27.381+0000] {logging_mixin.py:117} INFO - [2022-10-20T08:47:27.381+0000] {dag.py:2573} INFO - Sync 2 DAGs
[2022-10-20T08:47:27.403+0000] {logging_mixin.py:117} INFO - [2022-10-20T08:47:27.403+0000] {dag.py:3328} INFO - Setting next_dagrun for example_external_task_marker_child to None, run_after=None
[2022-10-20T08:47:27.406+0000] {logging_mixin.py:117} INFO - [2022-10-20T08:47:27.406+0000] {dag.py:3328} INFO - Setting next_dagrun for example_external_task_marker_parent to None, run_after=None
[2022-10-20T08:47:27.422+0000] {processor.py:178} INFO - Processing /home/airflow/.local/lib/python3.7/site-packages/airflow/example_dags/example_external_task_marker_dag.py took 0.208 seconds
