[2022-10-20T08:38:59.476+0000] {processor.py:156} INFO - Started process (PID=50) to work on /home/airflow/.local/lib/python3.7/site-packages/airflow/example_dags/example_latest_only.py
[2022-10-20T08:38:59.479+0000] {processor.py:758} INFO - Processing file /home/airflow/.local/lib/python3.7/site-packages/airflow/example_dags/example_latest_only.py for tasks to queue
[2022-10-20T08:38:59.480+0000] {logging_mixin.py:117} INFO - [2022-10-20T08:38:59.480+0000] {dagbag.py:525} INFO - Filling up the DagBag from /home/airflow/.local/lib/python3.7/site-packages/airflow/example_dags/example_latest_only.py
[2022-10-20T08:38:59.502+0000] {processor.py:768} INFO - DAG(s) dict_keys(['latest_only']) retrieved from /home/airflow/.local/lib/python3.7/site-packages/airflow/example_dags/example_latest_only.py
[2022-10-20T08:38:59.553+0000] {logging_mixin.py:117} INFO - [2022-10-20T08:38:59.553+0000] {dag.py:2573} INFO - Sync 1 DAGs
[2022-10-20T08:38:59.606+0000] {logging_mixin.py:117} INFO - [2022-10-20T08:38:59.606+0000] {dag.py:3328} INFO - Setting next_dagrun for latest_only to 2022-10-20T04:38:59.606204+00:00, run_after=2022-10-20T08:38:59.606204+00:00
[2022-10-20T08:38:59.642+0000] {processor.py:178} INFO - Processing /home/airflow/.local/lib/python3.7/site-packages/airflow/example_dags/example_latest_only.py took 0.174 seconds
[2022-10-20T08:42:50.041+0000] {processor.py:156} INFO - Started process (PID=49) to work on /home/airflow/.local/lib/python3.7/site-packages/airflow/example_dags/example_latest_only.py
[2022-10-20T08:42:50.044+0000] {processor.py:758} INFO - Processing file /home/airflow/.local/lib/python3.7/site-packages/airflow/example_dags/example_latest_only.py for tasks to queue
[2022-10-20T08:42:50.045+0000] {logging_mixin.py:117} INFO - [2022-10-20T08:42:50.045+0000] {dagbag.py:525} INFO - Filling up the DagBag from /home/airflow/.local/lib/python3.7/site-packages/airflow/example_dags/example_latest_only.py
[2022-10-20T08:42:50.084+0000] {processor.py:768} INFO - DAG(s) dict_keys(['latest_only']) retrieved from /home/airflow/.local/lib/python3.7/site-packages/airflow/example_dags/example_latest_only.py
[2022-10-20T08:42:50.132+0000] {logging_mixin.py:117} INFO - [2022-10-20T08:42:50.132+0000] {dag.py:2573} INFO - Sync 1 DAGs
[2022-10-20T08:42:50.406+0000] {logging_mixin.py:117} INFO - [2022-10-20T08:42:50.406+0000] {dag.py:3328} INFO - Setting next_dagrun for latest_only to 2022-10-20T04:42:50.406018+00:00, run_after=2022-10-20T08:42:50.406018+00:00
[2022-10-20T08:42:50.441+0000] {processor.py:178} INFO - Processing /home/airflow/.local/lib/python3.7/site-packages/airflow/example_dags/example_latest_only.py took 0.403 seconds
[2022-10-20T08:44:54.810+0000] {processor.py:156} INFO - Started process (PID=49) to work on /home/airflow/.local/lib/python3.7/site-packages/airflow/example_dags/example_latest_only.py
[2022-10-20T08:44:54.812+0000] {processor.py:758} INFO - Processing file /home/airflow/.local/lib/python3.7/site-packages/airflow/example_dags/example_latest_only.py for tasks to queue
[2022-10-20T08:44:54.814+0000] {logging_mixin.py:117} INFO - [2022-10-20T08:44:54.814+0000] {dagbag.py:525} INFO - Filling up the DagBag from /home/airflow/.local/lib/python3.7/site-packages/airflow/example_dags/example_latest_only.py
[2022-10-20T08:44:54.830+0000] {processor.py:768} INFO - DAG(s) dict_keys(['latest_only']) retrieved from /home/airflow/.local/lib/python3.7/site-packages/airflow/example_dags/example_latest_only.py
[2022-10-20T08:44:54.868+0000] {logging_mixin.py:117} INFO - [2022-10-20T08:44:54.867+0000] {dag.py:2573} INFO - Sync 1 DAGs
[2022-10-20T08:44:54.918+0000] {logging_mixin.py:117} INFO - [2022-10-20T08:44:54.918+0000] {dag.py:3328} INFO - Setting next_dagrun for latest_only to 2022-10-20T04:44:54.917793+00:00, run_after=2022-10-20T08:44:54.917793+00:00
[2022-10-20T08:44:54.952+0000] {processor.py:178} INFO - Processing /home/airflow/.local/lib/python3.7/site-packages/airflow/example_dags/example_latest_only.py took 0.144 seconds
[2022-10-20T08:45:24.990+0000] {processor.py:156} INFO - Started process (PID=112) to work on /home/airflow/.local/lib/python3.7/site-packages/airflow/example_dags/example_latest_only.py
[2022-10-20T08:45:24.993+0000] {processor.py:758} INFO - Processing file /home/airflow/.local/lib/python3.7/site-packages/airflow/example_dags/example_latest_only.py for tasks to queue
[2022-10-20T08:45:24.994+0000] {logging_mixin.py:117} INFO - [2022-10-20T08:45:24.994+0000] {dagbag.py:525} INFO - Filling up the DagBag from /home/airflow/.local/lib/python3.7/site-packages/airflow/example_dags/example_latest_only.py
[2022-10-20T08:45:25.005+0000] {processor.py:768} INFO - DAG(s) dict_keys(['latest_only']) retrieved from /home/airflow/.local/lib/python3.7/site-packages/airflow/example_dags/example_latest_only.py
[2022-10-20T08:45:25.035+0000] {logging_mixin.py:117} INFO - [2022-10-20T08:45:25.035+0000] {dag.py:2573} INFO - Sync 1 DAGs
[2022-10-20T08:45:25.052+0000] {logging_mixin.py:117} INFO - [2022-10-20T08:45:25.052+0000] {dag.py:3328} INFO - Setting next_dagrun for latest_only to 2022-10-20T04:45:25.052056+00:00, run_after=2022-10-20T08:45:25.052056+00:00
[2022-10-20T08:45:25.065+0000] {processor.py:178} INFO - Processing /home/airflow/.local/lib/python3.7/site-packages/airflow/example_dags/example_latest_only.py took 0.077 seconds
[2022-10-20T08:45:55.305+0000] {processor.py:156} INFO - Started process (PID=176) to work on /home/airflow/.local/lib/python3.7/site-packages/airflow/example_dags/example_latest_only.py
[2022-10-20T08:45:55.307+0000] {processor.py:758} INFO - Processing file /home/airflow/.local/lib/python3.7/site-packages/airflow/example_dags/example_latest_only.py for tasks to queue
[2022-10-20T08:45:55.308+0000] {logging_mixin.py:117} INFO - [2022-10-20T08:45:55.308+0000] {dagbag.py:525} INFO - Filling up the DagBag from /home/airflow/.local/lib/python3.7/site-packages/airflow/example_dags/example_latest_only.py
[2022-10-20T08:45:55.322+0000] {processor.py:768} INFO - DAG(s) dict_keys(['latest_only']) retrieved from /home/airflow/.local/lib/python3.7/site-packages/airflow/example_dags/example_latest_only.py
[2022-10-20T08:45:55.357+0000] {logging_mixin.py:117} INFO - [2022-10-20T08:45:55.357+0000] {dag.py:2573} INFO - Sync 1 DAGs
[2022-10-20T08:45:55.377+0000] {logging_mixin.py:117} INFO - [2022-10-20T08:45:55.377+0000] {dag.py:3328} INFO - Setting next_dagrun for latest_only to 2022-10-20T04:45:55.376915+00:00, run_after=2022-10-20T08:45:55.376915+00:00
[2022-10-20T08:45:55.395+0000] {processor.py:178} INFO - Processing /home/airflow/.local/lib/python3.7/site-packages/airflow/example_dags/example_latest_only.py took 0.093 seconds
[2022-10-20T08:46:26.199+0000] {processor.py:156} INFO - Started process (PID=241) to work on /home/airflow/.local/lib/python3.7/site-packages/airflow/example_dags/example_latest_only.py
[2022-10-20T08:46:26.201+0000] {processor.py:758} INFO - Processing file /home/airflow/.local/lib/python3.7/site-packages/airflow/example_dags/example_latest_only.py for tasks to queue
[2022-10-20T08:46:26.202+0000] {logging_mixin.py:117} INFO - [2022-10-20T08:46:26.202+0000] {dagbag.py:525} INFO - Filling up the DagBag from /home/airflow/.local/lib/python3.7/site-packages/airflow/example_dags/example_latest_only.py
[2022-10-20T08:46:26.214+0000] {processor.py:768} INFO - DAG(s) dict_keys(['latest_only']) retrieved from /home/airflow/.local/lib/python3.7/site-packages/airflow/example_dags/example_latest_only.py
[2022-10-20T08:46:26.249+0000] {logging_mixin.py:117} INFO - [2022-10-20T08:46:26.248+0000] {dag.py:2573} INFO - Sync 1 DAGs
[2022-10-20T08:46:26.269+0000] {logging_mixin.py:117} INFO - [2022-10-20T08:46:26.269+0000] {dag.py:3328} INFO - Setting next_dagrun for latest_only to 2022-10-20T04:46:26.269696+00:00, run_after=2022-10-20T08:46:26.269696+00:00
[2022-10-20T08:46:26.286+0000] {processor.py:178} INFO - Processing /home/airflow/.local/lib/python3.7/site-packages/airflow/example_dags/example_latest_only.py took 0.090 seconds
[2022-10-20T08:46:57.235+0000] {processor.py:156} INFO - Started process (PID=302) to work on /home/airflow/.local/lib/python3.7/site-packages/airflow/example_dags/example_latest_only.py
[2022-10-20T08:46:57.238+0000] {processor.py:758} INFO - Processing file /home/airflow/.local/lib/python3.7/site-packages/airflow/example_dags/example_latest_only.py for tasks to queue
[2022-10-20T08:46:57.240+0000] {logging_mixin.py:117} INFO - [2022-10-20T08:46:57.240+0000] {dagbag.py:525} INFO - Filling up the DagBag from /home/airflow/.local/lib/python3.7/site-packages/airflow/example_dags/example_latest_only.py
[2022-10-20T08:46:57.260+0000] {processor.py:768} INFO - DAG(s) dict_keys(['latest_only']) retrieved from /home/airflow/.local/lib/python3.7/site-packages/airflow/example_dags/example_latest_only.py
[2022-10-20T08:46:57.307+0000] {logging_mixin.py:117} INFO - [2022-10-20T08:46:57.306+0000] {dag.py:2573} INFO - Sync 1 DAGs
[2022-10-20T08:46:57.336+0000] {logging_mixin.py:117} INFO - [2022-10-20T08:46:57.335+0000] {dag.py:3328} INFO - Setting next_dagrun for latest_only to 2022-10-20T04:46:57.335712+00:00, run_after=2022-10-20T08:46:57.335712+00:00
[2022-10-20T08:46:57.357+0000] {processor.py:178} INFO - Processing /home/airflow/.local/lib/python3.7/site-packages/airflow/example_dags/example_latest_only.py took 0.125 seconds
[2022-10-20T08:47:28.130+0000] {processor.py:156} INFO - Started process (PID=359) to work on /home/airflow/.local/lib/python3.7/site-packages/airflow/example_dags/example_latest_only.py
[2022-10-20T08:47:28.132+0000] {processor.py:758} INFO - Processing file /home/airflow/.local/lib/python3.7/site-packages/airflow/example_dags/example_latest_only.py for tasks to queue
[2022-10-20T08:47:28.133+0000] {logging_mixin.py:117} INFO - [2022-10-20T08:47:28.133+0000] {dagbag.py:525} INFO - Filling up the DagBag from /home/airflow/.local/lib/python3.7/site-packages/airflow/example_dags/example_latest_only.py
[2022-10-20T08:47:28.145+0000] {processor.py:768} INFO - DAG(s) dict_keys(['latest_only']) retrieved from /home/airflow/.local/lib/python3.7/site-packages/airflow/example_dags/example_latest_only.py
[2022-10-20T08:47:28.180+0000] {logging_mixin.py:117} INFO - [2022-10-20T08:47:28.180+0000] {dag.py:2573} INFO - Sync 1 DAGs
[2022-10-20T08:47:28.201+0000] {logging_mixin.py:117} INFO - [2022-10-20T08:47:28.201+0000] {dag.py:3328} INFO - Setting next_dagrun for latest_only to 2022-10-20T04:47:28.201732+00:00, run_after=2022-10-20T08:47:28.201732+00:00
[2022-10-20T08:47:28.222+0000] {processor.py:178} INFO - Processing /home/airflow/.local/lib/python3.7/site-packages/airflow/example_dags/example_latest_only.py took 0.094 seconds
