[2022-10-20T08:38:58.539+0000] {processor.py:156} INFO - Started process (PID=41) to work on /home/airflow/.local/lib/python3.7/site-packages/airflow/example_dags/example_python_operator.py
[2022-10-20T08:38:58.541+0000] {processor.py:758} INFO - Processing file /home/airflow/.local/lib/python3.7/site-packages/airflow/example_dags/example_python_operator.py for tasks to queue
[2022-10-20T08:38:58.542+0000] {logging_mixin.py:117} INFO - [2022-10-20T08:38:58.542+0000] {dagbag.py:525} INFO - Filling up the DagBag from /home/airflow/.local/lib/python3.7/site-packages/airflow/example_dags/example_python_operator.py
[2022-10-20T08:38:58.566+0000] {processor.py:768} INFO - DAG(s) dict_keys(['example_python_operator']) retrieved from /home/airflow/.local/lib/python3.7/site-packages/airflow/example_dags/example_python_operator.py
[2022-10-20T08:38:58.601+0000] {logging_mixin.py:117} INFO - [2022-10-20T08:38:58.601+0000] {dag.py:2573} INFO - Sync 1 DAGs
[2022-10-20T08:38:58.639+0000] {logging_mixin.py:117} INFO - [2022-10-20T08:38:58.639+0000] {dag.py:3328} INFO - Setting next_dagrun for example_python_operator to None, run_after=None
[2022-10-20T08:38:58.679+0000] {processor.py:178} INFO - Processing /home/airflow/.local/lib/python3.7/site-packages/airflow/example_dags/example_python_operator.py took 0.143 seconds
[2022-10-20T08:42:47.987+0000] {processor.py:156} INFO - Started process (PID=40) to work on /home/airflow/.local/lib/python3.7/site-packages/airflow/example_dags/example_python_operator.py
[2022-10-20T08:42:47.989+0000] {processor.py:758} INFO - Processing file /home/airflow/.local/lib/python3.7/site-packages/airflow/example_dags/example_python_operator.py for tasks to queue
[2022-10-20T08:42:47.991+0000] {logging_mixin.py:117} INFO - [2022-10-20T08:42:47.991+0000] {dagbag.py:525} INFO - Filling up the DagBag from /home/airflow/.local/lib/python3.7/site-packages/airflow/example_dags/example_python_operator.py
[2022-10-20T08:42:48.033+0000] {processor.py:768} INFO - DAG(s) dict_keys(['example_python_operator']) retrieved from /home/airflow/.local/lib/python3.7/site-packages/airflow/example_dags/example_python_operator.py
[2022-10-20T08:42:48.255+0000] {logging_mixin.py:117} INFO - [2022-10-20T08:42:48.255+0000] {dag.py:2573} INFO - Sync 1 DAGs
[2022-10-20T08:42:48.286+0000] {logging_mixin.py:117} INFO - [2022-10-20T08:42:48.286+0000] {dag.py:3328} INFO - Setting next_dagrun for example_python_operator to None, run_after=None
[2022-10-20T08:42:48.305+0000] {processor.py:178} INFO - Processing /home/airflow/.local/lib/python3.7/site-packages/airflow/example_dags/example_python_operator.py took 0.322 seconds
[2022-10-20T08:44:53.913+0000] {processor.py:156} INFO - Started process (PID=40) to work on /home/airflow/.local/lib/python3.7/site-packages/airflow/example_dags/example_python_operator.py
[2022-10-20T08:44:53.915+0000] {processor.py:758} INFO - Processing file /home/airflow/.local/lib/python3.7/site-packages/airflow/example_dags/example_python_operator.py for tasks to queue
[2022-10-20T08:44:53.916+0000] {logging_mixin.py:117} INFO - [2022-10-20T08:44:53.916+0000] {dagbag.py:525} INFO - Filling up the DagBag from /home/airflow/.local/lib/python3.7/site-packages/airflow/example_dags/example_python_operator.py
[2022-10-20T08:44:53.938+0000] {processor.py:768} INFO - DAG(s) dict_keys(['example_python_operator']) retrieved from /home/airflow/.local/lib/python3.7/site-packages/airflow/example_dags/example_python_operator.py
[2022-10-20T08:44:53.971+0000] {logging_mixin.py:117} INFO - [2022-10-20T08:44:53.970+0000] {dag.py:2573} INFO - Sync 1 DAGs
[2022-10-20T08:44:54.000+0000] {logging_mixin.py:117} INFO - [2022-10-20T08:44:54.000+0000] {dag.py:3328} INFO - Setting next_dagrun for example_python_operator to None, run_after=None
[2022-10-20T08:44:54.022+0000] {processor.py:178} INFO - Processing /home/airflow/.local/lib/python3.7/site-packages/airflow/example_dags/example_python_operator.py took 0.112 seconds
[2022-10-20T08:45:24.302+0000] {processor.py:156} INFO - Started process (PID=103) to work on /home/airflow/.local/lib/python3.7/site-packages/airflow/example_dags/example_python_operator.py
[2022-10-20T08:45:24.305+0000] {processor.py:758} INFO - Processing file /home/airflow/.local/lib/python3.7/site-packages/airflow/example_dags/example_python_operator.py for tasks to queue
[2022-10-20T08:45:24.306+0000] {logging_mixin.py:117} INFO - [2022-10-20T08:45:24.306+0000] {dagbag.py:525} INFO - Filling up the DagBag from /home/airflow/.local/lib/python3.7/site-packages/airflow/example_dags/example_python_operator.py
[2022-10-20T08:45:24.325+0000] {processor.py:768} INFO - DAG(s) dict_keys(['example_python_operator']) retrieved from /home/airflow/.local/lib/python3.7/site-packages/airflow/example_dags/example_python_operator.py
[2022-10-20T08:45:24.358+0000] {logging_mixin.py:117} INFO - [2022-10-20T08:45:24.358+0000] {dag.py:2573} INFO - Sync 1 DAGs
[2022-10-20T08:45:24.377+0000] {logging_mixin.py:117} INFO - [2022-10-20T08:45:24.377+0000] {dag.py:3328} INFO - Setting next_dagrun for example_python_operator to None, run_after=None
[2022-10-20T08:45:24.392+0000] {processor.py:178} INFO - Processing /home/airflow/.local/lib/python3.7/site-packages/airflow/example_dags/example_python_operator.py took 0.092 seconds
[2022-10-20T08:45:54.640+0000] {processor.py:156} INFO - Started process (PID=167) to work on /home/airflow/.local/lib/python3.7/site-packages/airflow/example_dags/example_python_operator.py
[2022-10-20T08:45:54.642+0000] {processor.py:758} INFO - Processing file /home/airflow/.local/lib/python3.7/site-packages/airflow/example_dags/example_python_operator.py for tasks to queue
[2022-10-20T08:45:54.644+0000] {logging_mixin.py:117} INFO - [2022-10-20T08:45:54.644+0000] {dagbag.py:525} INFO - Filling up the DagBag from /home/airflow/.local/lib/python3.7/site-packages/airflow/example_dags/example_python_operator.py
[2022-10-20T08:45:54.667+0000] {processor.py:768} INFO - DAG(s) dict_keys(['example_python_operator']) retrieved from /home/airflow/.local/lib/python3.7/site-packages/airflow/example_dags/example_python_operator.py
[2022-10-20T08:45:54.717+0000] {logging_mixin.py:117} INFO - [2022-10-20T08:45:54.716+0000] {dag.py:2573} INFO - Sync 1 DAGs
[2022-10-20T08:45:54.749+0000] {logging_mixin.py:117} INFO - [2022-10-20T08:45:54.749+0000] {dag.py:3328} INFO - Setting next_dagrun for example_python_operator to None, run_after=None
[2022-10-20T08:45:54.777+0000] {processor.py:178} INFO - Processing /home/airflow/.local/lib/python3.7/site-packages/airflow/example_dags/example_python_operator.py took 0.141 seconds
[2022-10-20T08:46:25.577+0000] {processor.py:156} INFO - Started process (PID=232) to work on /home/airflow/.local/lib/python3.7/site-packages/airflow/example_dags/example_python_operator.py
[2022-10-20T08:46:25.579+0000] {processor.py:758} INFO - Processing file /home/airflow/.local/lib/python3.7/site-packages/airflow/example_dags/example_python_operator.py for tasks to queue
[2022-10-20T08:46:25.581+0000] {logging_mixin.py:117} INFO - [2022-10-20T08:46:25.581+0000] {dagbag.py:525} INFO - Filling up the DagBag from /home/airflow/.local/lib/python3.7/site-packages/airflow/example_dags/example_python_operator.py
[2022-10-20T08:46:25.601+0000] {processor.py:768} INFO - DAG(s) dict_keys(['example_python_operator']) retrieved from /home/airflow/.local/lib/python3.7/site-packages/airflow/example_dags/example_python_operator.py
[2022-10-20T08:46:25.634+0000] {logging_mixin.py:117} INFO - [2022-10-20T08:46:25.633+0000] {dag.py:2573} INFO - Sync 1 DAGs
[2022-10-20T08:46:25.652+0000] {logging_mixin.py:117} INFO - [2022-10-20T08:46:25.652+0000] {dag.py:3328} INFO - Setting next_dagrun for example_python_operator to None, run_after=None
[2022-10-20T08:46:25.669+0000] {processor.py:178} INFO - Processing /home/airflow/.local/lib/python3.7/site-packages/airflow/example_dags/example_python_operator.py took 0.094 seconds
[2022-10-20T08:46:56.529+0000] {processor.py:156} INFO - Started process (PID=286) to work on /home/airflow/.local/lib/python3.7/site-packages/airflow/example_dags/example_python_operator.py
[2022-10-20T08:46:56.531+0000] {processor.py:758} INFO - Processing file /home/airflow/.local/lib/python3.7/site-packages/airflow/example_dags/example_python_operator.py for tasks to queue
[2022-10-20T08:46:56.533+0000] {logging_mixin.py:117} INFO - [2022-10-20T08:46:56.533+0000] {dagbag.py:525} INFO - Filling up the DagBag from /home/airflow/.local/lib/python3.7/site-packages/airflow/example_dags/example_python_operator.py
[2022-10-20T08:46:56.560+0000] {processor.py:768} INFO - DAG(s) dict_keys(['example_python_operator']) retrieved from /home/airflow/.local/lib/python3.7/site-packages/airflow/example_dags/example_python_operator.py
[2022-10-20T08:46:56.602+0000] {logging_mixin.py:117} INFO - [2022-10-20T08:46:56.602+0000] {dag.py:2573} INFO - Sync 1 DAGs
[2022-10-20T08:46:56.626+0000] {logging_mixin.py:117} INFO - [2022-10-20T08:46:56.626+0000] {dag.py:3328} INFO - Setting next_dagrun for example_python_operator to None, run_after=None
[2022-10-20T08:46:56.644+0000] {processor.py:178} INFO - Processing /home/airflow/.local/lib/python3.7/site-packages/airflow/example_dags/example_python_operator.py took 0.118 seconds
[2022-10-20T08:47:27.568+0000] {processor.py:156} INFO - Started process (PID=350) to work on /home/airflow/.local/lib/python3.7/site-packages/airflow/example_dags/example_python_operator.py
[2022-10-20T08:47:27.570+0000] {processor.py:758} INFO - Processing file /home/airflow/.local/lib/python3.7/site-packages/airflow/example_dags/example_python_operator.py for tasks to queue
[2022-10-20T08:47:27.571+0000] {logging_mixin.py:117} INFO - [2022-10-20T08:47:27.571+0000] {dagbag.py:525} INFO - Filling up the DagBag from /home/airflow/.local/lib/python3.7/site-packages/airflow/example_dags/example_python_operator.py
[2022-10-20T08:47:27.591+0000] {processor.py:768} INFO - DAG(s) dict_keys(['example_python_operator']) retrieved from /home/airflow/.local/lib/python3.7/site-packages/airflow/example_dags/example_python_operator.py
[2022-10-20T08:47:27.630+0000] {logging_mixin.py:117} INFO - [2022-10-20T08:47:27.629+0000] {dag.py:2573} INFO - Sync 1 DAGs
[2022-10-20T08:47:27.657+0000] {logging_mixin.py:117} INFO - [2022-10-20T08:47:27.657+0000] {dag.py:3328} INFO - Setting next_dagrun for example_python_operator to None, run_after=None
[2022-10-20T08:47:27.674+0000] {processor.py:178} INFO - Processing /home/airflow/.local/lib/python3.7/site-packages/airflow/example_dags/example_python_operator.py took 0.108 seconds
