[2022-10-20T08:39:00.032+0000] {processor.py:156} INFO - Started process (PID=54) to work on /home/airflow/.local/lib/python3.7/site-packages/airflow/example_dags/example_sla_dag.py
[2022-10-20T08:39:00.035+0000] {processor.py:758} INFO - Processing file /home/airflow/.local/lib/python3.7/site-packages/airflow/example_dags/example_sla_dag.py for tasks to queue
[2022-10-20T08:39:00.042+0000] {logging_mixin.py:117} INFO - [2022-10-20T08:39:00.042+0000] {dagbag.py:525} INFO - Filling up the DagBag from /home/airflow/.local/lib/python3.7/site-packages/airflow/example_dags/example_sla_dag.py
[2022-10-20T08:39:00.069+0000] {processor.py:768} INFO - DAG(s) dict_keys(['example_sla_dag']) retrieved from /home/airflow/.local/lib/python3.7/site-packages/airflow/example_dags/example_sla_dag.py
[2022-10-20T08:39:00.113+0000] {logging_mixin.py:117} INFO - [2022-10-20T08:39:00.113+0000] {dag.py:2573} INFO - Sync 1 DAGs
[2022-10-20T08:39:00.143+0000] {logging_mixin.py:117} INFO - [2022-10-20T08:39:00.143+0000] {dag.py:3328} INFO - Setting next_dagrun for example_sla_dag to 2022-10-20T08:36:00+00:00, run_after=2022-10-20T08:38:00+00:00
[2022-10-20T08:39:00.161+0000] {processor.py:178} INFO - Processing /home/airflow/.local/lib/python3.7/site-packages/airflow/example_dags/example_sla_dag.py took 0.132 seconds
[2022-10-20T08:42:50.913+0000] {processor.py:156} INFO - Started process (PID=53) to work on /home/airflow/.local/lib/python3.7/site-packages/airflow/example_dags/example_sla_dag.py
[2022-10-20T08:42:50.917+0000] {processor.py:758} INFO - Processing file /home/airflow/.local/lib/python3.7/site-packages/airflow/example_dags/example_sla_dag.py for tasks to queue
[2022-10-20T08:42:50.920+0000] {logging_mixin.py:117} INFO - [2022-10-20T08:42:50.920+0000] {dagbag.py:525} INFO - Filling up the DagBag from /home/airflow/.local/lib/python3.7/site-packages/airflow/example_dags/example_sla_dag.py
[2022-10-20T08:42:50.942+0000] {processor.py:768} INFO - DAG(s) dict_keys(['example_sla_dag']) retrieved from /home/airflow/.local/lib/python3.7/site-packages/airflow/example_dags/example_sla_dag.py
[2022-10-20T08:42:51.139+0000] {logging_mixin.py:117} INFO - [2022-10-20T08:42:51.139+0000] {dag.py:2573} INFO - Sync 1 DAGs
[2022-10-20T08:42:51.169+0000] {logging_mixin.py:117} INFO - [2022-10-20T08:42:51.169+0000] {dag.py:3328} INFO - Setting next_dagrun for example_sla_dag to 2022-10-20T08:40:00+00:00, run_after=2022-10-20T08:42:00+00:00
[2022-10-20T08:42:51.202+0000] {processor.py:178} INFO - Processing /home/airflow/.local/lib/python3.7/site-packages/airflow/example_dags/example_sla_dag.py took 0.292 seconds
[2022-10-20T08:44:55.205+0000] {processor.py:156} INFO - Started process (PID=53) to work on /home/airflow/.local/lib/python3.7/site-packages/airflow/example_dags/example_sla_dag.py
[2022-10-20T08:44:55.216+0000] {processor.py:758} INFO - Processing file /home/airflow/.local/lib/python3.7/site-packages/airflow/example_dags/example_sla_dag.py for tasks to queue
[2022-10-20T08:44:55.221+0000] {logging_mixin.py:117} INFO - [2022-10-20T08:44:55.221+0000] {dagbag.py:525} INFO - Filling up the DagBag from /home/airflow/.local/lib/python3.7/site-packages/airflow/example_dags/example_sla_dag.py
[2022-10-20T08:44:55.251+0000] {processor.py:768} INFO - DAG(s) dict_keys(['example_sla_dag']) retrieved from /home/airflow/.local/lib/python3.7/site-packages/airflow/example_dags/example_sla_dag.py
[2022-10-20T08:44:55.284+0000] {logging_mixin.py:117} INFO - [2022-10-20T08:44:55.284+0000] {dag.py:2573} INFO - Sync 1 DAGs
[2022-10-20T08:44:55.356+0000] {logging_mixin.py:117} INFO - [2022-10-20T08:44:55.356+0000] {dag.py:3328} INFO - Setting next_dagrun for example_sla_dag to 2022-10-20T08:42:00+00:00, run_after=2022-10-20T08:44:00+00:00
[2022-10-20T08:44:55.391+0000] {processor.py:178} INFO - Processing /home/airflow/.local/lib/python3.7/site-packages/airflow/example_dags/example_sla_dag.py took 0.191 seconds
[2022-10-20T08:45:25.423+0000] {processor.py:156} INFO - Started process (PID=116) to work on /home/airflow/.local/lib/python3.7/site-packages/airflow/example_dags/example_sla_dag.py
[2022-10-20T08:45:25.427+0000] {processor.py:758} INFO - Processing file /home/airflow/.local/lib/python3.7/site-packages/airflow/example_dags/example_sla_dag.py for tasks to queue
[2022-10-20T08:45:25.429+0000] {logging_mixin.py:117} INFO - [2022-10-20T08:45:25.429+0000] {dagbag.py:525} INFO - Filling up the DagBag from /home/airflow/.local/lib/python3.7/site-packages/airflow/example_dags/example_sla_dag.py
[2022-10-20T08:45:25.446+0000] {processor.py:768} INFO - DAG(s) dict_keys(['example_sla_dag']) retrieved from /home/airflow/.local/lib/python3.7/site-packages/airflow/example_dags/example_sla_dag.py
[2022-10-20T08:45:25.483+0000] {logging_mixin.py:117} INFO - [2022-10-20T08:45:25.483+0000] {dag.py:2573} INFO - Sync 1 DAGs
[2022-10-20T08:45:25.502+0000] {logging_mixin.py:117} INFO - [2022-10-20T08:45:25.502+0000] {dag.py:3328} INFO - Setting next_dagrun for example_sla_dag to 2022-10-20T08:42:00+00:00, run_after=2022-10-20T08:44:00+00:00
[2022-10-20T08:45:25.515+0000] {processor.py:178} INFO - Processing /home/airflow/.local/lib/python3.7/site-packages/airflow/example_dags/example_sla_dag.py took 0.095 seconds
[2022-10-20T08:45:55.546+0000] {processor.py:156} INFO - Started process (PID=180) to work on /home/airflow/.local/lib/python3.7/site-packages/airflow/example_dags/example_sla_dag.py
[2022-10-20T08:45:55.548+0000] {processor.py:758} INFO - Processing file /home/airflow/.local/lib/python3.7/site-packages/airflow/example_dags/example_sla_dag.py for tasks to queue
[2022-10-20T08:45:55.552+0000] {logging_mixin.py:117} INFO - [2022-10-20T08:45:55.551+0000] {dagbag.py:525} INFO - Filling up the DagBag from /home/airflow/.local/lib/python3.7/site-packages/airflow/example_dags/example_sla_dag.py
[2022-10-20T08:45:55.597+0000] {processor.py:768} INFO - DAG(s) dict_keys(['example_sla_dag']) retrieved from /home/airflow/.local/lib/python3.7/site-packages/airflow/example_dags/example_sla_dag.py
[2022-10-20T08:45:55.659+0000] {logging_mixin.py:117} INFO - [2022-10-20T08:45:55.659+0000] {dag.py:2573} INFO - Sync 1 DAGs
[2022-10-20T08:45:55.689+0000] {logging_mixin.py:117} INFO - [2022-10-20T08:45:55.689+0000] {dag.py:3328} INFO - Setting next_dagrun for example_sla_dag to 2022-10-20T08:42:00+00:00, run_after=2022-10-20T08:44:00+00:00
[2022-10-20T08:45:55.703+0000] {processor.py:178} INFO - Processing /home/airflow/.local/lib/python3.7/site-packages/airflow/example_dags/example_sla_dag.py took 0.160 seconds
[2022-10-20T08:46:26.439+0000] {processor.py:156} INFO - Started process (PID=245) to work on /home/airflow/.local/lib/python3.7/site-packages/airflow/example_dags/example_sla_dag.py
[2022-10-20T08:46:26.441+0000] {processor.py:758} INFO - Processing file /home/airflow/.local/lib/python3.7/site-packages/airflow/example_dags/example_sla_dag.py for tasks to queue
[2022-10-20T08:46:26.442+0000] {logging_mixin.py:117} INFO - [2022-10-20T08:46:26.442+0000] {dagbag.py:525} INFO - Filling up the DagBag from /home/airflow/.local/lib/python3.7/site-packages/airflow/example_dags/example_sla_dag.py
[2022-10-20T08:46:26.464+0000] {processor.py:768} INFO - DAG(s) dict_keys(['example_sla_dag']) retrieved from /home/airflow/.local/lib/python3.7/site-packages/airflow/example_dags/example_sla_dag.py
[2022-10-20T08:46:26.515+0000] {logging_mixin.py:117} INFO - [2022-10-20T08:46:26.515+0000] {dag.py:2573} INFO - Sync 1 DAGs
[2022-10-20T08:46:26.536+0000] {logging_mixin.py:117} INFO - [2022-10-20T08:46:26.536+0000] {dag.py:3328} INFO - Setting next_dagrun for example_sla_dag to 2022-10-20T08:44:00+00:00, run_after=2022-10-20T08:46:00+00:00
[2022-10-20T08:46:26.552+0000] {processor.py:178} INFO - Processing /home/airflow/.local/lib/python3.7/site-packages/airflow/example_dags/example_sla_dag.py took 0.116 seconds
[2022-10-20T08:46:57.600+0000] {processor.py:156} INFO - Started process (PID=308) to work on /home/airflow/.local/lib/python3.7/site-packages/airflow/example_dags/example_sla_dag.py
[2022-10-20T08:46:57.602+0000] {processor.py:758} INFO - Processing file /home/airflow/.local/lib/python3.7/site-packages/airflow/example_dags/example_sla_dag.py for tasks to queue
[2022-10-20T08:46:57.605+0000] {logging_mixin.py:117} INFO - [2022-10-20T08:46:57.605+0000] {dagbag.py:525} INFO - Filling up the DagBag from /home/airflow/.local/lib/python3.7/site-packages/airflow/example_dags/example_sla_dag.py
[2022-10-20T08:46:57.629+0000] {processor.py:768} INFO - DAG(s) dict_keys(['example_sla_dag']) retrieved from /home/airflow/.local/lib/python3.7/site-packages/airflow/example_dags/example_sla_dag.py
[2022-10-20T08:46:57.679+0000] {logging_mixin.py:117} INFO - [2022-10-20T08:46:57.679+0000] {dag.py:2573} INFO - Sync 1 DAGs
[2022-10-20T08:46:57.702+0000] {logging_mixin.py:117} INFO - [2022-10-20T08:46:57.702+0000] {dag.py:3328} INFO - Setting next_dagrun for example_sla_dag to 2022-10-20T08:44:00+00:00, run_after=2022-10-20T08:46:00+00:00
[2022-10-20T08:46:57.719+0000] {processor.py:178} INFO - Processing /home/airflow/.local/lib/python3.7/site-packages/airflow/example_dags/example_sla_dag.py took 0.122 seconds
[2022-10-20T08:47:28.377+0000] {processor.py:156} INFO - Started process (PID=363) to work on /home/airflow/.local/lib/python3.7/site-packages/airflow/example_dags/example_sla_dag.py
[2022-10-20T08:47:28.379+0000] {processor.py:758} INFO - Processing file /home/airflow/.local/lib/python3.7/site-packages/airflow/example_dags/example_sla_dag.py for tasks to queue
[2022-10-20T08:47:28.380+0000] {logging_mixin.py:117} INFO - [2022-10-20T08:47:28.380+0000] {dagbag.py:525} INFO - Filling up the DagBag from /home/airflow/.local/lib/python3.7/site-packages/airflow/example_dags/example_sla_dag.py
[2022-10-20T08:47:28.399+0000] {processor.py:768} INFO - DAG(s) dict_keys(['example_sla_dag']) retrieved from /home/airflow/.local/lib/python3.7/site-packages/airflow/example_dags/example_sla_dag.py
[2022-10-20T08:47:28.439+0000] {logging_mixin.py:117} INFO - [2022-10-20T08:47:28.439+0000] {dag.py:2573} INFO - Sync 1 DAGs
[2022-10-20T08:47:28.462+0000] {logging_mixin.py:117} INFO - [2022-10-20T08:47:28.462+0000] {dag.py:3328} INFO - Setting next_dagrun for example_sla_dag to 2022-10-20T08:44:00+00:00, run_after=2022-10-20T08:46:00+00:00
[2022-10-20T08:47:28.476+0000] {processor.py:178} INFO - Processing /home/airflow/.local/lib/python3.7/site-packages/airflow/example_dags/example_sla_dag.py took 0.102 seconds
