[2022-10-20T08:39:00.227+0000] {processor.py:156} INFO - Started process (PID=56) to work on /home/airflow/.local/lib/python3.7/site-packages/airflow/example_dags/tutorial_dag.py
[2022-10-20T08:39:00.229+0000] {processor.py:758} INFO - Processing file /home/airflow/.local/lib/python3.7/site-packages/airflow/example_dags/tutorial_dag.py for tasks to queue
[2022-10-20T08:39:00.230+0000] {logging_mixin.py:117} INFO - [2022-10-20T08:39:00.230+0000] {dagbag.py:525} INFO - Filling up the DagBag from /home/airflow/.local/lib/python3.7/site-packages/airflow/example_dags/tutorial_dag.py
[2022-10-20T08:39:00.249+0000] {processor.py:768} INFO - DAG(s) dict_keys(['tutorial_dag']) retrieved from /home/airflow/.local/lib/python3.7/site-packages/airflow/example_dags/tutorial_dag.py
[2022-10-20T08:39:00.312+0000] {logging_mixin.py:117} INFO - [2022-10-20T08:39:00.312+0000] {dag.py:2573} INFO - Sync 1 DAGs
[2022-10-20T08:39:00.363+0000] {logging_mixin.py:117} INFO - [2022-10-20T08:39:00.363+0000] {dag.py:3328} INFO - Setting next_dagrun for tutorial_dag to None, run_after=None
[2022-10-20T08:39:00.424+0000] {processor.py:178} INFO - Processing /home/airflow/.local/lib/python3.7/site-packages/airflow/example_dags/tutorial_dag.py took 0.202 seconds
[2022-10-20T08:42:51.247+0000] {processor.py:156} INFO - Started process (PID=55) to work on /home/airflow/.local/lib/python3.7/site-packages/airflow/example_dags/tutorial_dag.py
[2022-10-20T08:42:51.249+0000] {processor.py:758} INFO - Processing file /home/airflow/.local/lib/python3.7/site-packages/airflow/example_dags/tutorial_dag.py for tasks to queue
[2022-10-20T08:42:51.250+0000] {logging_mixin.py:117} INFO - [2022-10-20T08:42:51.250+0000] {dagbag.py:525} INFO - Filling up the DagBag from /home/airflow/.local/lib/python3.7/site-packages/airflow/example_dags/tutorial_dag.py
[2022-10-20T08:42:51.263+0000] {processor.py:768} INFO - DAG(s) dict_keys(['tutorial_dag']) retrieved from /home/airflow/.local/lib/python3.7/site-packages/airflow/example_dags/tutorial_dag.py
[2022-10-20T08:42:51.297+0000] {logging_mixin.py:117} INFO - [2022-10-20T08:42:51.297+0000] {dag.py:2573} INFO - Sync 1 DAGs
[2022-10-20T08:42:51.491+0000] {logging_mixin.py:117} INFO - [2022-10-20T08:42:51.491+0000] {dag.py:3328} INFO - Setting next_dagrun for tutorial_dag to None, run_after=None
[2022-10-20T08:42:51.513+0000] {processor.py:178} INFO - Processing /home/airflow/.local/lib/python3.7/site-packages/airflow/example_dags/tutorial_dag.py took 0.268 seconds
[2022-10-20T08:44:55.432+0000] {processor.py:156} INFO - Started process (PID=55) to work on /home/airflow/.local/lib/python3.7/site-packages/airflow/example_dags/tutorial_dag.py
[2022-10-20T08:44:55.435+0000] {processor.py:758} INFO - Processing file /home/airflow/.local/lib/python3.7/site-packages/airflow/example_dags/tutorial_dag.py for tasks to queue
[2022-10-20T08:44:55.437+0000] {logging_mixin.py:117} INFO - [2022-10-20T08:44:55.437+0000] {dagbag.py:525} INFO - Filling up the DagBag from /home/airflow/.local/lib/python3.7/site-packages/airflow/example_dags/tutorial_dag.py
[2022-10-20T08:44:55.466+0000] {processor.py:768} INFO - DAG(s) dict_keys(['tutorial_dag']) retrieved from /home/airflow/.local/lib/python3.7/site-packages/airflow/example_dags/tutorial_dag.py
[2022-10-20T08:44:55.532+0000] {logging_mixin.py:117} INFO - [2022-10-20T08:44:55.532+0000] {dag.py:2573} INFO - Sync 1 DAGs
[2022-10-20T08:44:55.558+0000] {logging_mixin.py:117} INFO - [2022-10-20T08:44:55.558+0000] {dag.py:3328} INFO - Setting next_dagrun for tutorial_dag to None, run_after=None
[2022-10-20T08:44:55.593+0000] {processor.py:178} INFO - Processing /home/airflow/.local/lib/python3.7/site-packages/airflow/example_dags/tutorial_dag.py took 0.172 seconds
[2022-10-20T08:45:25.658+0000] {processor.py:156} INFO - Started process (PID=118) to work on /home/airflow/.local/lib/python3.7/site-packages/airflow/example_dags/tutorial_dag.py
[2022-10-20T08:45:25.660+0000] {processor.py:758} INFO - Processing file /home/airflow/.local/lib/python3.7/site-packages/airflow/example_dags/tutorial_dag.py for tasks to queue
[2022-10-20T08:45:25.662+0000] {logging_mixin.py:117} INFO - [2022-10-20T08:45:25.662+0000] {dagbag.py:525} INFO - Filling up the DagBag from /home/airflow/.local/lib/python3.7/site-packages/airflow/example_dags/tutorial_dag.py
[2022-10-20T08:45:25.675+0000] {processor.py:768} INFO - DAG(s) dict_keys(['tutorial_dag']) retrieved from /home/airflow/.local/lib/python3.7/site-packages/airflow/example_dags/tutorial_dag.py
[2022-10-20T08:45:25.707+0000] {logging_mixin.py:117} INFO - [2022-10-20T08:45:25.707+0000] {dag.py:2573} INFO - Sync 1 DAGs
[2022-10-20T08:45:25.723+0000] {logging_mixin.py:117} INFO - [2022-10-20T08:45:25.723+0000] {dag.py:3328} INFO - Setting next_dagrun for tutorial_dag to None, run_after=None
[2022-10-20T08:45:25.736+0000] {processor.py:178} INFO - Processing /home/airflow/.local/lib/python3.7/site-packages/airflow/example_dags/tutorial_dag.py took 0.081 seconds
[2022-10-20T08:45:55.801+0000] {processor.py:156} INFO - Started process (PID=182) to work on /home/airflow/.local/lib/python3.7/site-packages/airflow/example_dags/tutorial_dag.py
[2022-10-20T08:45:55.803+0000] {processor.py:758} INFO - Processing file /home/airflow/.local/lib/python3.7/site-packages/airflow/example_dags/tutorial_dag.py for tasks to queue
[2022-10-20T08:45:55.804+0000] {logging_mixin.py:117} INFO - [2022-10-20T08:45:55.804+0000] {dagbag.py:525} INFO - Filling up the DagBag from /home/airflow/.local/lib/python3.7/site-packages/airflow/example_dags/tutorial_dag.py
[2022-10-20T08:45:55.816+0000] {processor.py:768} INFO - DAG(s) dict_keys(['tutorial_dag']) retrieved from /home/airflow/.local/lib/python3.7/site-packages/airflow/example_dags/tutorial_dag.py
[2022-10-20T08:45:55.847+0000] {logging_mixin.py:117} INFO - [2022-10-20T08:45:55.847+0000] {dag.py:2573} INFO - Sync 1 DAGs
[2022-10-20T08:45:55.867+0000] {logging_mixin.py:117} INFO - [2022-10-20T08:45:55.867+0000] {dag.py:3328} INFO - Setting next_dagrun for tutorial_dag to None, run_after=None
[2022-10-20T08:45:55.899+0000] {processor.py:178} INFO - Processing /home/airflow/.local/lib/python3.7/site-packages/airflow/example_dags/tutorial_dag.py took 0.100 seconds
[2022-10-20T08:46:26.581+0000] {processor.py:156} INFO - Started process (PID=247) to work on /home/airflow/.local/lib/python3.7/site-packages/airflow/example_dags/tutorial_dag.py
[2022-10-20T08:46:26.583+0000] {processor.py:758} INFO - Processing file /home/airflow/.local/lib/python3.7/site-packages/airflow/example_dags/tutorial_dag.py for tasks to queue
[2022-10-20T08:46:26.584+0000] {logging_mixin.py:117} INFO - [2022-10-20T08:46:26.584+0000] {dagbag.py:525} INFO - Filling up the DagBag from /home/airflow/.local/lib/python3.7/site-packages/airflow/example_dags/tutorial_dag.py
[2022-10-20T08:46:26.596+0000] {processor.py:768} INFO - DAG(s) dict_keys(['tutorial_dag']) retrieved from /home/airflow/.local/lib/python3.7/site-packages/airflow/example_dags/tutorial_dag.py
[2022-10-20T08:46:26.636+0000] {logging_mixin.py:117} INFO - [2022-10-20T08:46:26.636+0000] {dag.py:2573} INFO - Sync 1 DAGs
[2022-10-20T08:46:26.660+0000] {logging_mixin.py:117} INFO - [2022-10-20T08:46:26.660+0000] {dag.py:3328} INFO - Setting next_dagrun for tutorial_dag to None, run_after=None
[2022-10-20T08:46:26.676+0000] {processor.py:178} INFO - Processing /home/airflow/.local/lib/python3.7/site-packages/airflow/example_dags/tutorial_dag.py took 0.098 seconds
[2022-10-20T08:46:57.750+0000] {processor.py:156} INFO - Started process (PID=310) to work on /home/airflow/.local/lib/python3.7/site-packages/airflow/example_dags/tutorial_dag.py
[2022-10-20T08:46:57.752+0000] {processor.py:758} INFO - Processing file /home/airflow/.local/lib/python3.7/site-packages/airflow/example_dags/tutorial_dag.py for tasks to queue
[2022-10-20T08:46:57.754+0000] {logging_mixin.py:117} INFO - [2022-10-20T08:46:57.753+0000] {dagbag.py:525} INFO - Filling up the DagBag from /home/airflow/.local/lib/python3.7/site-packages/airflow/example_dags/tutorial_dag.py
[2022-10-20T08:46:57.767+0000] {processor.py:768} INFO - DAG(s) dict_keys(['tutorial_dag']) retrieved from /home/airflow/.local/lib/python3.7/site-packages/airflow/example_dags/tutorial_dag.py
[2022-10-20T08:46:57.807+0000] {logging_mixin.py:117} INFO - [2022-10-20T08:46:57.807+0000] {dag.py:2573} INFO - Sync 1 DAGs
[2022-10-20T08:46:57.829+0000] {logging_mixin.py:117} INFO - [2022-10-20T08:46:57.829+0000] {dag.py:3328} INFO - Setting next_dagrun for tutorial_dag to None, run_after=None
[2022-10-20T08:46:57.848+0000] {processor.py:178} INFO - Processing /home/airflow/.local/lib/python3.7/site-packages/airflow/example_dags/tutorial_dag.py took 0.100 seconds
[2022-10-20T08:47:28.506+0000] {processor.py:156} INFO - Started process (PID=365) to work on /home/airflow/.local/lib/python3.7/site-packages/airflow/example_dags/tutorial_dag.py
[2022-10-20T08:47:28.508+0000] {processor.py:758} INFO - Processing file /home/airflow/.local/lib/python3.7/site-packages/airflow/example_dags/tutorial_dag.py for tasks to queue
[2022-10-20T08:47:28.509+0000] {logging_mixin.py:117} INFO - [2022-10-20T08:47:28.509+0000] {dagbag.py:525} INFO - Filling up the DagBag from /home/airflow/.local/lib/python3.7/site-packages/airflow/example_dags/tutorial_dag.py
[2022-10-20T08:47:28.522+0000] {processor.py:768} INFO - DAG(s) dict_keys(['tutorial_dag']) retrieved from /home/airflow/.local/lib/python3.7/site-packages/airflow/example_dags/tutorial_dag.py
[2022-10-20T08:47:28.556+0000] {logging_mixin.py:117} INFO - [2022-10-20T08:47:28.556+0000] {dag.py:2573} INFO - Sync 1 DAGs
[2022-10-20T08:47:28.582+0000] {logging_mixin.py:117} INFO - [2022-10-20T08:47:28.582+0000] {dag.py:3328} INFO - Setting next_dagrun for tutorial_dag to None, run_after=None
[2022-10-20T08:47:28.599+0000] {processor.py:178} INFO - Processing /home/airflow/.local/lib/python3.7/site-packages/airflow/example_dags/tutorial_dag.py took 0.096 seconds
