[2022-10-20T08:38:58.500+0000] {processor.py:156} INFO - Started process (PID=40) to work on /home/airflow/.local/lib/python3.7/site-packages/airflow/example_dags/tutorial_taskflow_api_virtualenv.py
[2022-10-20T08:38:58.501+0000] {processor.py:758} INFO - Processing file /home/airflow/.local/lib/python3.7/site-packages/airflow/example_dags/tutorial_taskflow_api_virtualenv.py for tasks to queue
[2022-10-20T08:38:58.503+0000] {logging_mixin.py:117} INFO - [2022-10-20T08:38:58.503+0000] {dagbag.py:525} INFO - Filling up the DagBag from /home/airflow/.local/lib/python3.7/site-packages/airflow/example_dags/tutorial_taskflow_api_virtualenv.py
[2022-10-20T08:38:58.526+0000] {processor.py:768} INFO - DAG(s) dict_keys(['tutorial_taskflow_api_virtualenv']) retrieved from /home/airflow/.local/lib/python3.7/site-packages/airflow/example_dags/tutorial_taskflow_api_virtualenv.py
[2022-10-20T08:38:58.554+0000] {logging_mixin.py:117} INFO - [2022-10-20T08:38:58.554+0000] {dag.py:2573} INFO - Sync 1 DAGs
[2022-10-20T08:38:58.577+0000] {logging_mixin.py:117} INFO - [2022-10-20T08:38:58.577+0000] {dag.py:3328} INFO - Setting next_dagrun for tutorial_taskflow_api_virtualenv to None, run_after=None
[2022-10-20T08:38:58.611+0000] {processor.py:178} INFO - Processing /home/airflow/.local/lib/python3.7/site-packages/airflow/example_dags/tutorial_taskflow_api_virtualenv.py took 0.114 seconds
[2022-10-20T08:42:47.809+0000] {processor.py:156} INFO - Started process (PID=39) to work on /home/airflow/.local/lib/python3.7/site-packages/airflow/example_dags/tutorial_taskflow_api_virtualenv.py
[2022-10-20T08:42:47.812+0000] {processor.py:758} INFO - Processing file /home/airflow/.local/lib/python3.7/site-packages/airflow/example_dags/tutorial_taskflow_api_virtualenv.py for tasks to queue
[2022-10-20T08:42:47.815+0000] {logging_mixin.py:117} INFO - [2022-10-20T08:42:47.815+0000] {dagbag.py:525} INFO - Filling up the DagBag from /home/airflow/.local/lib/python3.7/site-packages/airflow/example_dags/tutorial_taskflow_api_virtualenv.py
[2022-10-20T08:42:47.839+0000] {processor.py:768} INFO - DAG(s) dict_keys(['tutorial_taskflow_api_virtualenv']) retrieved from /home/airflow/.local/lib/python3.7/site-packages/airflow/example_dags/tutorial_taskflow_api_virtualenv.py
[2022-10-20T08:42:48.070+0000] {logging_mixin.py:117} INFO - [2022-10-20T08:42:48.070+0000] {dag.py:2573} INFO - Sync 1 DAGs
[2022-10-20T08:42:48.098+0000] {logging_mixin.py:117} INFO - [2022-10-20T08:42:48.098+0000] {dag.py:3328} INFO - Setting next_dagrun for tutorial_taskflow_api_virtualenv to None, run_after=None
[2022-10-20T08:42:48.146+0000] {processor.py:178} INFO - Processing /home/airflow/.local/lib/python3.7/site-packages/airflow/example_dags/tutorial_taskflow_api_virtualenv.py took 0.343 seconds
[2022-10-20T08:44:53.882+0000] {processor.py:156} INFO - Started process (PID=39) to work on /home/airflow/.local/lib/python3.7/site-packages/airflow/example_dags/tutorial_taskflow_api_virtualenv.py
[2022-10-20T08:44:53.884+0000] {processor.py:758} INFO - Processing file /home/airflow/.local/lib/python3.7/site-packages/airflow/example_dags/tutorial_taskflow_api_virtualenv.py for tasks to queue
[2022-10-20T08:44:53.885+0000] {logging_mixin.py:117} INFO - [2022-10-20T08:44:53.885+0000] {dagbag.py:525} INFO - Filling up the DagBag from /home/airflow/.local/lib/python3.7/site-packages/airflow/example_dags/tutorial_taskflow_api_virtualenv.py
[2022-10-20T08:44:53.907+0000] {processor.py:768} INFO - DAG(s) dict_keys(['tutorial_taskflow_api_virtualenv']) retrieved from /home/airflow/.local/lib/python3.7/site-packages/airflow/example_dags/tutorial_taskflow_api_virtualenv.py
[2022-10-20T08:44:53.938+0000] {logging_mixin.py:117} INFO - [2022-10-20T08:44:53.938+0000] {dag.py:2573} INFO - Sync 1 DAGs
[2022-10-20T08:44:53.961+0000] {logging_mixin.py:117} INFO - [2022-10-20T08:44:53.961+0000] {dag.py:3328} INFO - Setting next_dagrun for tutorial_taskflow_api_virtualenv to None, run_after=None
[2022-10-20T08:44:53.983+0000] {processor.py:178} INFO - Processing /home/airflow/.local/lib/python3.7/site-packages/airflow/example_dags/tutorial_taskflow_api_virtualenv.py took 0.107 seconds
[2022-10-20T08:45:24.257+0000] {processor.py:156} INFO - Started process (PID=102) to work on /home/airflow/.local/lib/python3.7/site-packages/airflow/example_dags/tutorial_taskflow_api_virtualenv.py
[2022-10-20T08:45:24.260+0000] {processor.py:758} INFO - Processing file /home/airflow/.local/lib/python3.7/site-packages/airflow/example_dags/tutorial_taskflow_api_virtualenv.py for tasks to queue
[2022-10-20T08:45:24.261+0000] {logging_mixin.py:117} INFO - [2022-10-20T08:45:24.261+0000] {dagbag.py:525} INFO - Filling up the DagBag from /home/airflow/.local/lib/python3.7/site-packages/airflow/example_dags/tutorial_taskflow_api_virtualenv.py
[2022-10-20T08:45:24.279+0000] {processor.py:768} INFO - DAG(s) dict_keys(['tutorial_taskflow_api_virtualenv']) retrieved from /home/airflow/.local/lib/python3.7/site-packages/airflow/example_dags/tutorial_taskflow_api_virtualenv.py
[2022-10-20T08:45:24.315+0000] {logging_mixin.py:117} INFO - [2022-10-20T08:45:24.315+0000] {dag.py:2573} INFO - Sync 1 DAGs
[2022-10-20T08:45:24.333+0000] {logging_mixin.py:117} INFO - [2022-10-20T08:45:24.333+0000] {dag.py:3328} INFO - Setting next_dagrun for tutorial_taskflow_api_virtualenv to None, run_after=None
[2022-10-20T08:45:24.348+0000] {processor.py:178} INFO - Processing /home/airflow/.local/lib/python3.7/site-packages/airflow/example_dags/tutorial_taskflow_api_virtualenv.py took 0.093 seconds
[2022-10-20T08:45:54.591+0000] {processor.py:156} INFO - Started process (PID=166) to work on /home/airflow/.local/lib/python3.7/site-packages/airflow/example_dags/tutorial_taskflow_api_virtualenv.py
[2022-10-20T08:45:54.594+0000] {processor.py:758} INFO - Processing file /home/airflow/.local/lib/python3.7/site-packages/airflow/example_dags/tutorial_taskflow_api_virtualenv.py for tasks to queue
[2022-10-20T08:45:54.595+0000] {logging_mixin.py:117} INFO - [2022-10-20T08:45:54.595+0000] {dagbag.py:525} INFO - Filling up the DagBag from /home/airflow/.local/lib/python3.7/site-packages/airflow/example_dags/tutorial_taskflow_api_virtualenv.py
[2022-10-20T08:45:54.617+0000] {processor.py:768} INFO - DAG(s) dict_keys(['tutorial_taskflow_api_virtualenv']) retrieved from /home/airflow/.local/lib/python3.7/site-packages/airflow/example_dags/tutorial_taskflow_api_virtualenv.py
[2022-10-20T08:45:54.659+0000] {logging_mixin.py:117} INFO - [2022-10-20T08:45:54.659+0000] {dag.py:2573} INFO - Sync 1 DAGs
[2022-10-20T08:45:54.692+0000] {logging_mixin.py:117} INFO - [2022-10-20T08:45:54.692+0000] {dag.py:3328} INFO - Setting next_dagrun for tutorial_taskflow_api_virtualenv to None, run_after=None
[2022-10-20T08:45:54.713+0000] {processor.py:178} INFO - Processing /home/airflow/.local/lib/python3.7/site-packages/airflow/example_dags/tutorial_taskflow_api_virtualenv.py took 0.124 seconds
[2022-10-20T08:46:25.542+0000] {processor.py:156} INFO - Started process (PID=231) to work on /home/airflow/.local/lib/python3.7/site-packages/airflow/example_dags/tutorial_taskflow_api_virtualenv.py
[2022-10-20T08:46:25.544+0000] {processor.py:758} INFO - Processing file /home/airflow/.local/lib/python3.7/site-packages/airflow/example_dags/tutorial_taskflow_api_virtualenv.py for tasks to queue
[2022-10-20T08:46:25.545+0000] {logging_mixin.py:117} INFO - [2022-10-20T08:46:25.545+0000] {dagbag.py:525} INFO - Filling up the DagBag from /home/airflow/.local/lib/python3.7/site-packages/airflow/example_dags/tutorial_taskflow_api_virtualenv.py
[2022-10-20T08:46:25.563+0000] {processor.py:768} INFO - DAG(s) dict_keys(['tutorial_taskflow_api_virtualenv']) retrieved from /home/airflow/.local/lib/python3.7/site-packages/airflow/example_dags/tutorial_taskflow_api_virtualenv.py
[2022-10-20T08:46:25.597+0000] {logging_mixin.py:117} INFO - [2022-10-20T08:46:25.597+0000] {dag.py:2573} INFO - Sync 1 DAGs
[2022-10-20T08:46:25.617+0000] {logging_mixin.py:117} INFO - [2022-10-20T08:46:25.617+0000] {dag.py:3328} INFO - Setting next_dagrun for tutorial_taskflow_api_virtualenv to None, run_after=None
[2022-10-20T08:46:25.632+0000] {processor.py:178} INFO - Processing /home/airflow/.local/lib/python3.7/site-packages/airflow/example_dags/tutorial_taskflow_api_virtualenv.py took 0.093 seconds
[2022-10-20T08:46:56.479+0000] {processor.py:156} INFO - Started process (PID=285) to work on /home/airflow/.local/lib/python3.7/site-packages/airflow/example_dags/tutorial_taskflow_api_virtualenv.py
[2022-10-20T08:46:56.481+0000] {processor.py:758} INFO - Processing file /home/airflow/.local/lib/python3.7/site-packages/airflow/example_dags/tutorial_taskflow_api_virtualenv.py for tasks to queue
[2022-10-20T08:46:56.482+0000] {logging_mixin.py:117} INFO - [2022-10-20T08:46:56.482+0000] {dagbag.py:525} INFO - Filling up the DagBag from /home/airflow/.local/lib/python3.7/site-packages/airflow/example_dags/tutorial_taskflow_api_virtualenv.py
[2022-10-20T08:46:56.503+0000] {processor.py:768} INFO - DAG(s) dict_keys(['tutorial_taskflow_api_virtualenv']) retrieved from /home/airflow/.local/lib/python3.7/site-packages/airflow/example_dags/tutorial_taskflow_api_virtualenv.py
[2022-10-20T08:46:56.544+0000] {logging_mixin.py:117} INFO - [2022-10-20T08:46:56.543+0000] {dag.py:2573} INFO - Sync 1 DAGs
[2022-10-20T08:46:56.567+0000] {logging_mixin.py:117} INFO - [2022-10-20T08:46:56.567+0000] {dag.py:3328} INFO - Setting next_dagrun for tutorial_taskflow_api_virtualenv to None, run_after=None
[2022-10-20T08:46:56.584+0000] {processor.py:178} INFO - Processing /home/airflow/.local/lib/python3.7/site-packages/airflow/example_dags/tutorial_taskflow_api_virtualenv.py took 0.109 seconds
[2022-10-20T08:47:27.513+0000] {processor.py:156} INFO - Started process (PID=349) to work on /home/airflow/.local/lib/python3.7/site-packages/airflow/example_dags/tutorial_taskflow_api_virtualenv.py
[2022-10-20T08:47:27.516+0000] {processor.py:758} INFO - Processing file /home/airflow/.local/lib/python3.7/site-packages/airflow/example_dags/tutorial_taskflow_api_virtualenv.py for tasks to queue
[2022-10-20T08:47:27.517+0000] {logging_mixin.py:117} INFO - [2022-10-20T08:47:27.517+0000] {dagbag.py:525} INFO - Filling up the DagBag from /home/airflow/.local/lib/python3.7/site-packages/airflow/example_dags/tutorial_taskflow_api_virtualenv.py
[2022-10-20T08:47:27.536+0000] {processor.py:768} INFO - DAG(s) dict_keys(['tutorial_taskflow_api_virtualenv']) retrieved from /home/airflow/.local/lib/python3.7/site-packages/airflow/example_dags/tutorial_taskflow_api_virtualenv.py
[2022-10-20T08:47:27.574+0000] {logging_mixin.py:117} INFO - [2022-10-20T08:47:27.574+0000] {dag.py:2573} INFO - Sync 1 DAGs
[2022-10-20T08:47:27.593+0000] {logging_mixin.py:117} INFO - [2022-10-20T08:47:27.593+0000] {dag.py:3328} INFO - Setting next_dagrun for tutorial_taskflow_api_virtualenv to None, run_after=None
[2022-10-20T08:47:27.609+0000] {processor.py:178} INFO - Processing /home/airflow/.local/lib/python3.7/site-packages/airflow/example_dags/tutorial_taskflow_api_virtualenv.py took 0.099 seconds
