[2022-10-20T08:38:58.962+0000] {processor.py:156} INFO - Started process (PID=45) to work on /home/airflow/.local/lib/python3.7/site-packages/airflow/example_dags/tutorial.py
[2022-10-20T08:38:58.967+0000] {processor.py:758} INFO - Processing file /home/airflow/.local/lib/python3.7/site-packages/airflow/example_dags/tutorial.py for tasks to queue
[2022-10-20T08:38:58.968+0000] {logging_mixin.py:117} INFO - [2022-10-20T08:38:58.968+0000] {dagbag.py:525} INFO - Filling up the DagBag from /home/airflow/.local/lib/python3.7/site-packages/airflow/example_dags/tutorial.py
[2022-10-20T08:38:58.994+0000] {processor.py:768} INFO - DAG(s) dict_keys(['tutorial']) retrieved from /home/airflow/.local/lib/python3.7/site-packages/airflow/example_dags/tutorial.py
[2022-10-20T08:38:59.034+0000] {logging_mixin.py:117} INFO - [2022-10-20T08:38:59.034+0000] {dag.py:2573} INFO - Sync 1 DAGs
[2022-10-20T08:38:59.076+0000] {logging_mixin.py:117} INFO - [2022-10-20T08:38:59.076+0000] {dag.py:3328} INFO - Setting next_dagrun for tutorial to 2022-10-19T08:38:59.075980+00:00, run_after=2022-10-20T08:38:59.075980+00:00
[2022-10-20T08:38:59.131+0000] {processor.py:178} INFO - Processing /home/airflow/.local/lib/python3.7/site-packages/airflow/example_dags/tutorial.py took 0.173 seconds
[2022-10-20T08:42:48.819+0000] {processor.py:156} INFO - Started process (PID=44) to work on /home/airflow/.local/lib/python3.7/site-packages/airflow/example_dags/tutorial.py
[2022-10-20T08:42:48.827+0000] {processor.py:758} INFO - Processing file /home/airflow/.local/lib/python3.7/site-packages/airflow/example_dags/tutorial.py for tasks to queue
[2022-10-20T08:42:48.828+0000] {logging_mixin.py:117} INFO - [2022-10-20T08:42:48.828+0000] {dagbag.py:525} INFO - Filling up the DagBag from /home/airflow/.local/lib/python3.7/site-packages/airflow/example_dags/tutorial.py
[2022-10-20T08:42:48.868+0000] {processor.py:768} INFO - DAG(s) dict_keys(['tutorial']) retrieved from /home/airflow/.local/lib/python3.7/site-packages/airflow/example_dags/tutorial.py
[2022-10-20T08:42:48.919+0000] {logging_mixin.py:117} INFO - [2022-10-20T08:42:48.918+0000] {dag.py:2573} INFO - Sync 1 DAGs
[2022-10-20T08:42:49.235+0000] {logging_mixin.py:117} INFO - [2022-10-20T08:42:49.235+0000] {dag.py:3328} INFO - Setting next_dagrun for tutorial to 2022-10-19T08:42:49.235661+00:00, run_after=2022-10-20T08:42:49.235661+00:00
[2022-10-20T08:42:49.275+0000] {processor.py:178} INFO - Processing /home/airflow/.local/lib/python3.7/site-packages/airflow/example_dags/tutorial.py took 0.460 seconds
[2022-10-20T08:44:54.308+0000] {processor.py:156} INFO - Started process (PID=44) to work on /home/airflow/.local/lib/python3.7/site-packages/airflow/example_dags/tutorial.py
[2022-10-20T08:44:54.311+0000] {processor.py:758} INFO - Processing file /home/airflow/.local/lib/python3.7/site-packages/airflow/example_dags/tutorial.py for tasks to queue
[2022-10-20T08:44:54.312+0000] {logging_mixin.py:117} INFO - [2022-10-20T08:44:54.312+0000] {dagbag.py:525} INFO - Filling up the DagBag from /home/airflow/.local/lib/python3.7/site-packages/airflow/example_dags/tutorial.py
[2022-10-20T08:44:54.335+0000] {processor.py:768} INFO - DAG(s) dict_keys(['tutorial']) retrieved from /home/airflow/.local/lib/python3.7/site-packages/airflow/example_dags/tutorial.py
[2022-10-20T08:44:54.369+0000] {logging_mixin.py:117} INFO - [2022-10-20T08:44:54.368+0000] {dag.py:2573} INFO - Sync 1 DAGs
[2022-10-20T08:44:54.399+0000] {logging_mixin.py:117} INFO - [2022-10-20T08:44:54.398+0000] {dag.py:3328} INFO - Setting next_dagrun for tutorial to 2022-10-19T08:44:54.398700+00:00, run_after=2022-10-20T08:44:54.398700+00:00
[2022-10-20T08:44:54.446+0000] {processor.py:178} INFO - Processing /home/airflow/.local/lib/python3.7/site-packages/airflow/example_dags/tutorial.py took 0.142 seconds
[2022-10-20T08:45:24.534+0000] {processor.py:156} INFO - Started process (PID=107) to work on /home/airflow/.local/lib/python3.7/site-packages/airflow/example_dags/tutorial.py
[2022-10-20T08:45:24.536+0000] {processor.py:758} INFO - Processing file /home/airflow/.local/lib/python3.7/site-packages/airflow/example_dags/tutorial.py for tasks to queue
[2022-10-20T08:45:24.539+0000] {logging_mixin.py:117} INFO - [2022-10-20T08:45:24.539+0000] {dagbag.py:525} INFO - Filling up the DagBag from /home/airflow/.local/lib/python3.7/site-packages/airflow/example_dags/tutorial.py
[2022-10-20T08:45:24.550+0000] {processor.py:768} INFO - DAG(s) dict_keys(['tutorial']) retrieved from /home/airflow/.local/lib/python3.7/site-packages/airflow/example_dags/tutorial.py
[2022-10-20T08:45:24.583+0000] {logging_mixin.py:117} INFO - [2022-10-20T08:45:24.583+0000] {dag.py:2573} INFO - Sync 1 DAGs
[2022-10-20T08:45:24.602+0000] {logging_mixin.py:117} INFO - [2022-10-20T08:45:24.602+0000] {dag.py:3328} INFO - Setting next_dagrun for tutorial to 2022-10-19T08:45:24.602586+00:00, run_after=2022-10-20T08:45:24.602586+00:00
[2022-10-20T08:45:24.616+0000] {processor.py:178} INFO - Processing /home/airflow/.local/lib/python3.7/site-packages/airflow/example_dags/tutorial.py took 0.085 seconds
[2022-10-20T08:45:54.946+0000] {processor.py:156} INFO - Started process (PID=171) to work on /home/airflow/.local/lib/python3.7/site-packages/airflow/example_dags/tutorial.py
[2022-10-20T08:45:54.948+0000] {processor.py:758} INFO - Processing file /home/airflow/.local/lib/python3.7/site-packages/airflow/example_dags/tutorial.py for tasks to queue
[2022-10-20T08:45:54.949+0000] {logging_mixin.py:117} INFO - [2022-10-20T08:45:54.949+0000] {dagbag.py:525} INFO - Filling up the DagBag from /home/airflow/.local/lib/python3.7/site-packages/airflow/example_dags/tutorial.py
[2022-10-20T08:45:54.963+0000] {processor.py:768} INFO - DAG(s) dict_keys(['tutorial']) retrieved from /home/airflow/.local/lib/python3.7/site-packages/airflow/example_dags/tutorial.py
[2022-10-20T08:45:54.998+0000] {logging_mixin.py:117} INFO - [2022-10-20T08:45:54.998+0000] {dag.py:2573} INFO - Sync 1 DAGs
[2022-10-20T08:45:55.027+0000] {logging_mixin.py:117} INFO - [2022-10-20T08:45:55.026+0000] {dag.py:3328} INFO - Setting next_dagrun for tutorial to 2022-10-19T08:45:55.026782+00:00, run_after=2022-10-20T08:45:55.026782+00:00
[2022-10-20T08:45:55.049+0000] {processor.py:178} INFO - Processing /home/airflow/.local/lib/python3.7/site-packages/airflow/example_dags/tutorial.py took 0.106 seconds
[2022-10-20T08:46:25.819+0000] {processor.py:156} INFO - Started process (PID=236) to work on /home/airflow/.local/lib/python3.7/site-packages/airflow/example_dags/tutorial.py
[2022-10-20T08:46:25.822+0000] {processor.py:758} INFO - Processing file /home/airflow/.local/lib/python3.7/site-packages/airflow/example_dags/tutorial.py for tasks to queue
[2022-10-20T08:46:25.824+0000] {logging_mixin.py:117} INFO - [2022-10-20T08:46:25.824+0000] {dagbag.py:525} INFO - Filling up the DagBag from /home/airflow/.local/lib/python3.7/site-packages/airflow/example_dags/tutorial.py
[2022-10-20T08:46:25.836+0000] {processor.py:768} INFO - DAG(s) dict_keys(['tutorial']) retrieved from /home/airflow/.local/lib/python3.7/site-packages/airflow/example_dags/tutorial.py
[2022-10-20T08:46:25.878+0000] {logging_mixin.py:117} INFO - [2022-10-20T08:46:25.878+0000] {dag.py:2573} INFO - Sync 1 DAGs
[2022-10-20T08:46:25.922+0000] {logging_mixin.py:117} INFO - [2022-10-20T08:46:25.921+0000] {dag.py:3328} INFO - Setting next_dagrun for tutorial to 2022-10-19T08:46:25.921840+00:00, run_after=2022-10-20T08:46:25.921840+00:00
[2022-10-20T08:46:25.937+0000] {processor.py:178} INFO - Processing /home/airflow/.local/lib/python3.7/site-packages/airflow/example_dags/tutorial.py took 0.121 seconds
[2022-10-20T08:46:56.819+0000] {processor.py:156} INFO - Started process (PID=290) to work on /home/airflow/.local/lib/python3.7/site-packages/airflow/example_dags/tutorial.py
[2022-10-20T08:46:56.822+0000] {processor.py:758} INFO - Processing file /home/airflow/.local/lib/python3.7/site-packages/airflow/example_dags/tutorial.py for tasks to queue
[2022-10-20T08:46:56.823+0000] {logging_mixin.py:117} INFO - [2022-10-20T08:46:56.823+0000] {dagbag.py:525} INFO - Filling up the DagBag from /home/airflow/.local/lib/python3.7/site-packages/airflow/example_dags/tutorial.py
[2022-10-20T08:46:56.838+0000] {processor.py:768} INFO - DAG(s) dict_keys(['tutorial']) retrieved from /home/airflow/.local/lib/python3.7/site-packages/airflow/example_dags/tutorial.py
[2022-10-20T08:46:56.881+0000] {logging_mixin.py:117} INFO - [2022-10-20T08:46:56.880+0000] {dag.py:2573} INFO - Sync 1 DAGs
[2022-10-20T08:46:56.909+0000] {logging_mixin.py:117} INFO - [2022-10-20T08:46:56.909+0000] {dag.py:3328} INFO - Setting next_dagrun for tutorial to 2022-10-19T08:46:56.909044+00:00, run_after=2022-10-20T08:46:56.909044+00:00
[2022-10-20T08:46:56.929+0000] {processor.py:178} INFO - Processing /home/airflow/.local/lib/python3.7/site-packages/airflow/example_dags/tutorial.py took 0.114 seconds
[2022-10-20T08:47:27.824+0000] {processor.py:156} INFO - Started process (PID=354) to work on /home/airflow/.local/lib/python3.7/site-packages/airflow/example_dags/tutorial.py
[2022-10-20T08:47:27.826+0000] {processor.py:758} INFO - Processing file /home/airflow/.local/lib/python3.7/site-packages/airflow/example_dags/tutorial.py for tasks to queue
[2022-10-20T08:47:27.827+0000] {logging_mixin.py:117} INFO - [2022-10-20T08:47:27.827+0000] {dagbag.py:525} INFO - Filling up the DagBag from /home/airflow/.local/lib/python3.7/site-packages/airflow/example_dags/tutorial.py
[2022-10-20T08:47:27.839+0000] {processor.py:768} INFO - DAG(s) dict_keys(['tutorial']) retrieved from /home/airflow/.local/lib/python3.7/site-packages/airflow/example_dags/tutorial.py
[2022-10-20T08:47:27.874+0000] {logging_mixin.py:117} INFO - [2022-10-20T08:47:27.874+0000] {dag.py:2573} INFO - Sync 1 DAGs
[2022-10-20T08:47:27.894+0000] {logging_mixin.py:117} INFO - [2022-10-20T08:47:27.894+0000] {dag.py:3328} INFO - Setting next_dagrun for tutorial to 2022-10-19T08:47:27.894556+00:00, run_after=2022-10-20T08:47:27.894556+00:00
[2022-10-20T08:47:27.910+0000] {processor.py:178} INFO - Processing /home/airflow/.local/lib/python3.7/site-packages/airflow/example_dags/tutorial.py took 0.089 seconds
